Removed Pin From Net: NetName=VB+ Pin=C305-1
Removed Pin From Net: NetName=VB+ Pin=C306-2
Removed Pin From Net: NetName=VB+ Pin=C307-2
Removed Pin From Net: NetName=VB+ Pin=IC300-4
Removed Pin From Net: NetName=VB+ Pin=IC300-5
Removed Pin From Net: NetName=VB+ Pin=R212-2
Added Component: Designator=Motor_U(POWER_PAD)
Added Component: Designator=Motor_V(POWER_PAD)
Added Component: Designator=Motor_W(POWER_PAD)
Added Component: Designator=VBat+(POWER_PAD)
Added Component: Designator=VBat-(POWER_PAD)
Added Pin To Net: NetName=NetIC300_17 Pin=Motor_U-1
Added Pin To Net: NetName=NetIC300_17 Pin=Motor_U-1
Added Pin To Net: NetName=NetIC300_17 Pin=Motor_U-1
Added Pin To Net: NetName=NetIC300_17 Pin=Motor_U-1
Added Pin To Net: NetName=NetIC300_17 Pin=Motor_U-1
Added Pin To Net: NetName=NetIC300_17 Pin=Motor_U-1
Added Pin To Net: NetName=NetIC300_17 Pin=Motor_U-1
Added Pin To Net: NetName=NetIC300_17 Pin=Motor_U-1
Added Pin To Net: NetName=NetIC300_17 Pin=Motor_U-1
Added Pin To Net: NetName=NetIC300_17 Pin=Motor_U-1
Added Pin To Net: NetName=NetIC300_17 Pin=Motor_U-1
Added Pin To Net: NetName=NetIC300_17 Pin=Motor_U-1
Added Pin To Net: NetName=NetIC300_17 Pin=Motor_U-1
Added Pin To Net: NetName=NetIC300_17 Pin=Motor_U-1
Added Pin To Net: NetName=NetIC300_14 Pin=Motor_V-1
Added Pin To Net: NetName=NetIC300_14 Pin=Motor_V-1
Added Pin To Net: NetName=NetIC300_14 Pin=Motor_V-1
Added Pin To Net: NetName=NetIC300_14 Pin=Motor_V-1
Added Pin To Net: NetName=NetIC300_14 Pin=Motor_V-1
Added Pin To Net: NetName=NetIC300_14 Pin=Motor_V-1
Added Pin To Net: NetName=NetIC300_14 Pin=Motor_V-1
Added Pin To Net: NetName=NetIC300_14 Pin=Motor_V-1
Added Pin To Net: NetName=NetIC300_14 Pin=Motor_V-1
Added Pin To Net: NetName=NetIC300_14 Pin=Motor_V-1
Added Pin To Net: NetName=NetIC300_14 Pin=Motor_V-1
Added Pin To Net: NetName=NetIC300_14 Pin=Motor_V-1
Added Pin To Net: NetName=NetIC300_14 Pin=Motor_V-1
Added Pin To Net: NetName=NetIC300_14 Pin=Motor_V-1
Added Pin To Net: NetName=NetIC300_7 Pin=Motor_W-1
Added Pin To Net: NetName=NetIC300_7 Pin=Motor_W-1
Added Pin To Net: NetName=NetIC300_7 Pin=Motor_W-1
Added Pin To Net: NetName=NetIC300_7 Pin=Motor_W-1
Added Pin To Net: NetName=NetIC300_7 Pin=Motor_W-1
Added Pin To Net: NetName=NetIC300_7 Pin=Motor_W-1
Added Pin To Net: NetName=NetIC300_7 Pin=Motor_W-1
Added Pin To Net: NetName=NetIC300_7 Pin=Motor_W-1
Added Pin To Net: NetName=NetIC300_7 Pin=Motor_W-1
Added Pin To Net: NetName=NetIC300_7 Pin=Motor_W-1
Added Pin To Net: NetName=NetIC300_7 Pin=Motor_W-1
Added Pin To Net: NetName=NetIC300_7 Pin=Motor_W-1
Added Pin To Net: NetName=NetIC300_7 Pin=Motor_W-1
Added Pin To Net: NetName=NetIC300_7 Pin=Motor_W-1
Added Pin To Net: NetName=VB+ Pin=VBat+-1
Added Pin To Net: NetName=VB+ Pin=VBat+-1
Added Pin To Net: NetName=VB+ Pin=VBat+-1
Added Pin To Net: NetName=VB+ Pin=VBat+-1
Added Pin To Net: NetName=VB+ Pin=VBat+-1
Added Pin To Net: NetName=VB+ Pin=VBat+-1
Added Pin To Net: NetName=VB+ Pin=VBat+-1
Added Pin To Net: NetName=VB+ Pin=VBat+-1
Added Pin To Net: NetName=VB+ Pin=VBat+-1
Added Pin To Net: NetName=VB+ Pin=VBat+-1
Added Pin To Net: NetName=VB+ Pin=VBat+-1
Added Pin To Net: NetName=VB+ Pin=VBat+-1
Added Pin To Net: NetName=VB+ Pin=VBat+-1
Added Pin To Net: NetName=VB+ Pin=VBat+-1
Added Pin To Net: NetName=GND Pin=VBat--1
Added Pin To Net: NetName=GND Pin=VBat--1
Added Pin To Net: NetName=GND Pin=VBat--1
Added Pin To Net: NetName=GND Pin=VBat--1
Added Pin To Net: NetName=GND Pin=VBat--1
Added Pin To Net: NetName=GND Pin=VBat--1
Added Pin To Net: NetName=GND Pin=VBat--1
Added Pin To Net: NetName=GND Pin=VBat--1
Added Pin To Net: NetName=GND Pin=VBat--1
Added Pin To Net: NetName=GND Pin=VBat--1
Added Pin To Net: NetName=GND Pin=VBat--1
Added Pin To Net: NetName=GND Pin=VBat--1
Added Pin To Net: NetName=GND Pin=VBat--1
Added Pin To Net: NetName=GND Pin=VBat--1
Added Pin To Net: NetName=NetC305_1 Pin=C305-1
Added Pin To Net: NetName=NetC305_1 Pin=C306-2
Added Pin To Net: NetName=NetC305_1 Pin=C307-2
Added Pin To Net: NetName=NetC305_1 Pin=IC300-4
Added Pin To Net: NetName=NetC305_1 Pin=IC300-5
Added Pin To Net: NetName=NetC305_1 Pin=R212-2
Added Net: Name=NetC305_1
Added Member To Class: ClassName=modFOC-Powerstage Member=Component Motor_U PowerPad
Added Member To Class: ClassName=modFOC-Powerstage Member=Component Motor_V PowerPad
Added Member To Class: ClassName=modFOC-Powerstage Member=Component Motor_W PowerPad
Added Member To Class: ClassName=modFOC-Powerstage Member=Component VBat+ PowerPad
Added Member To Class: ClassName=modFOC-Powerstage Member=Component VBat- PowerPad
Added Room: Name=modFOC-Motion_Controller
Added Room: Name=modFOC-Powerstage
Added Room: Name=modFOC-Sensing
