Removed Pin From Net: NetName=3V3 Pin=CON102-1
Removed Pin From Net: NetName=GND Pin=CON102-4
Removed Pin From Net: NetName=GND Pin=CON102-5
Removed Pin From Net: NetName=GND Pin=CON102-6
Removed Member From Class: ClassName=modFOC-Motion_Controller Member=CON102
Added Component: Designator=J100(DF13A4P125H21)
Add component (AddParameter): Name = "Arrow Part Number"; Value = ""; VariantName = "[No Variations]"
Add component (AddParameter): Name = "Arrow Price/Stock"; Value = ""; VariantName = "[No Variations]"
Add component (AddParameter): Name = "Datasheet Link"; Value = "https://componentsearchengine.com/Datasheets/1/DF13A-4P-1.25H(21).pdf"; VariantName = "[No Variations]"
Add component (AddParameter): Name = "Height"; Value = "3.6mm"; VariantName = "[No Variations]"
Add component (AddParameter): Name = "Manufacturer_Name"; Value = "Hirose"; VariantName = "[No Variations]"
Add component (AddParameter): Name = "Manufacturer_Part_Number"; Value = "DF13A-4P-1.25H(21)"; VariantName = "[No Variations]"
Add component (AddParameter): Name = "Mouser Part Number"; Value = "798-DF13A4P125H21"; VariantName = "[No Variations]"
Add component (AddParameter): Name = "Mouser Price/Stock"; Value = "https://www.mouser.co.uk/ProductDetail/Hirose-Connector/DF13A-4P-125H21/?qs=XQjbzJWzFPXWzMShI70F0w%3D%3D"; VariantName = "[No Variations]"
Added Pin To Net: NetName=GND Pin=J100-1
Added Pin To Net: NetName=3V3 Pin=J100-4
Added Pin To Net: NetName=GND Pin=J100-MP1
Added Pin To Net: NetName=GND Pin=J100-MP2
Added Pin To Net: NetName=NetIC 101_10 Pin=IC 101-10
Added Pin To Net: NetName=NetIC 101_10 Pin=J100-3
Added Net: Name=NetIC 101_10
Added Pin To Net: NetName=NetIC 101_11 Pin=IC 101-11
Added Pin To Net: NetName=NetIC 101_11 Pin=J100-2
Added Net: Name=NetIC 101_11
Added Member To Class: ClassName=modFOC-Motion_Controller Member=Component J100 4_PIN
Added Room: Name=modFOC-Motion_Controller
Added Room: Name=modFOC-Powerstage
Added Room: Name=modFOC-Sensing
