Added Component: Designator=CON101(DF13A8P125H21)
Add component (AddParameter): Name = "Arrow Part Number"; Value = ""; VariantName = "[No Variations]"
Add component (AddParameter): Name = "Arrow Price/Stock"; Value = ""; VariantName = "[No Variations]"
Add component (AddParameter): Name = "Datasheet Link"; Value = "http://uk.rs-online.com/web/p/products/7793617P"; VariantName = "[No Variations]"
Add component (AddParameter): Name = "Height"; Value = "3.6mm"; VariantName = "[No Variations]"
Add component (AddParameter): Name = "Manufacturer_Name"; Value = "Hirose"; VariantName = "[No Variations]"
Add component (AddParameter): Name = "Manufacturer_Part_Number"; Value = "DF13A-8P-1.25H(21)"; VariantName = "[No Variations]"
Add component (AddParameter): Name = "Mouser Part Number"; Value = "798-DF13A8P125H21"; VariantName = "[No Variations]"
Add component (AddParameter): Name = "Mouser Price/Stock"; Value = "https://www.mouser.co.uk/ProductDetail/Hirose-Connector/DF13A-8P-125H21?qs=XQjbzJWzFPViW0MGk5%2FVbA%3D%3D"; VariantName = "[No Variations]"
Added Pin To Net: NetName=GND Pin=CON101-1
Added Pin To Net: NetName=SPI_MISO Pin=CON101-2
Added Pin To Net: NetName=SPI_MOSI Pin=CON101-3
Added Pin To Net: NetName=SPI_SCK Pin=CON101-4
Added Pin To Net: NetName=+5 Pin=CON101-8
Added Pin To Net: NetName=GND Pin=CON101-MP1
Added Pin To Net: NetName=GND Pin=CON101-MP2
Added Pin To Net: NetName=CS_bin_0 Pin=CON100-2
Added Pin To Net: NetName=CS_bin_0 Pin=CON101-7
Added Pin To Net: NetName=CS_bin_0 Pin=IC101-1
Added Net: Name=CS_bin_0
Added Pin To Net: NetName=CS_bin_1 Pin=CON100-3
Added Pin To Net: NetName=CS_bin_1 Pin=CON101-6
Added Pin To Net: NetName=CS_bin_1 Pin=IC101-2
Added Net: Name=CS_bin_1
Added Pin To Net: NetName=CS_bin_2 Pin=CON100-4
Added Pin To Net: NetName=CS_bin_2 Pin=CON101-5
Added Pin To Net: NetName=CS_bin_2 Pin=IC101-3
Added Net: Name=CS_bin_2
Added Member To Class: ClassName=modFOC-Motion_Controller Member=Component C101 10uF/63V
Added Member To Class: ClassName=modFOC-Motion_Controller Member=Component C110 10uF/63V
Added Member To Class: ClassName=modFOC-Motion_Controller Member=Component C112 100nF/63V
Added Member To Class: ClassName=modFOC-Motion_Controller Member=Component C113 100nF/63V
Added Member To Class: ClassName=modFOC-Motion_Controller Member=Component C115 100nF/63V
Added Member To Class: ClassName=modFOC-Powerstage Member=Component C302 470nF/100V
Added Member To Class: ClassName=modFOC-Powerstage Member=Component C305 100nF/63V
Added Member To Class: ClassName=modFOC-Powerstage Member=Component C307 10uF/63V
Added Member To Class: ClassName=modFOC-Powerstage Member=Component C308 10uF/63V
Added Member To Class: ClassName=modFOC-Powerstage Member=Component C309 47nF/50V
Added Member To Class: ClassName=modFOC-Powerstage Member=Component C311 10uF/63V
Added Member To Class: ClassName=modFOC-Powerstage Member=Component C313 10uF/63V
Added Member To Class: ClassName=modFOC-Powerstage Member=Component C314 10uF/63V
Added Member To Class: ClassName=modFOC-Powerstage Member=Component C315 10uF/63V
Added Member To Class: ClassName=modFOC-Powerstage Member=Component C316 100nF/63V
Added Member To Class: ClassName=modFOC-Powerstage Member=Component C317 100nF/63V
Added Member To Class: ClassName=modFOC-Motion_Controller Member=Component CON101 8_PIN
Added Member To Class: ClassName=modFOC-Motion_Controller Member=Component R102 10k
Added Member To Class: ClassName=modFOC-Sensing Member=Component R204 1k5
Added Member To Class: ClassName=modFOC-Sensing Member=Component R206 150R
Added Member To Class: ClassName=modFOC-Sensing Member=Component R208 4k7
Added Member To Class: ClassName=modFOC-Sensing Member=Component R210 100R
Added Member To Class: ClassName=modFOC-Sensing Member=Component R211 10k
Added Member To Class: ClassName=modFOC-Sensing Member=Component R212 10k
Added Member To Class: ClassName=modFOC-Sensing Member=Component R214 1k5
Added Member To Class: ClassName=modFOC-Sensing Member=Component R216 10k
Added Member To Class: ClassName=modFOC-Powerstage Member=Component R303 100R
Added Member To Class: ClassName=modFOC-Powerstage Member=Component R305 470R
