Change Physical Footprint: Designator=C100 Old Footprint=CAPC3225X280N New Footprint=CAPC3225X280N
Change Physical Footprint: Designator=C101 Old Footprint=CAPC3225X280N New Footprint=CAPC3225X280N
Change Physical Footprint: Designator=C102 Old Footprint=CAPC3225X280N New Footprint=CAPC3225X280N
Change Physical Footprint: Designator=C103 Old Footprint=CAPC1608X97N New Footprint=CAPC1608X97N
Change Physical Footprint: Designator=C104 Old Footprint=CAPC1608X97N New Footprint=CAPC1608X97N
Change Physical Footprint: Designator=C105 Old Footprint=CAPC1608X97N New Footprint=CAPC1608X97N
Change Physical Footprint: Designator=C106 Old Footprint=CAPC1608X97N New Footprint=CAPC1608X97N
Change Physical Footprint: Designator=C107 Old Footprint=CAPC1608X97N New Footprint=CAPC1608X97N
Change Physical Footprint: Designator=C108 Old Footprint=CAPC1608X97N New Footprint=CAPC1608X97N
Change Physical Footprint: Designator=C109 Old Footprint=CAPC1608X97N New Footprint=CAPC1608X97N
Change Physical Footprint: Designator=C110 Old Footprint=CAPC1608X97N New Footprint=CAPC1608X97N
Change Physical Footprint: Designator=C111 Old Footprint=CAPC1608X97N New Footprint=CAPC1608X97N
Change Physical Footprint: Designator=C112 Old Footprint=CAPC3225X280N New Footprint=CAPC3225X280N
Change Physical Footprint: Designator=C113 Old Footprint=CAPC2012X140N New Footprint=CAPC2012X140N
Change Physical Footprint: Designator=C114 Old Footprint=CAPC1608X90N New Footprint=CAPC1608X90N
Change Physical Footprint: Designator=C115 Old Footprint=CAPC1608X97N New Footprint=CAPC1608X97N
Change Physical Footprint: Designator=C200 Old Footprint=CAPC1608X97N New Footprint=CAPC1608X97N
Change Physical Footprint: Designator=C201 Old Footprint=CAPC1608X97N New Footprint=CAPC1608X97N
Change Physical Footprint: Designator=C202 Old Footprint=CAPC1608X97N New Footprint=CAPC1608X97N
Change Physical Footprint: Designator=C203 Old Footprint=CAPC1608X97N New Footprint=CAPC1608X97N
Change Physical Footprint: Designator=C204 Old Footprint=CAPC1608X87N New Footprint=CAPC1608X87N
Change Physical Footprint: Designator=C205 Old Footprint=CAPC1608X97N New Footprint=CAPC1608X97N
Change Physical Footprint: Designator=C206 Old Footprint=CAPC1608X87N New Footprint=CAPC1608X87N
Change Physical Footprint: Designator=C300 Old Footprint=CAPC3225X280N New Footprint=CAPC3225X280N
Change Physical Footprint: Designator=C301 Old Footprint=CAPC2012X140N New Footprint=CAPC2012X140N
Change Physical Footprint: Designator=C302 Old Footprint=CAPC3225X280N New Footprint=CAPC3225X280N
Change Physical Footprint: Designator=C303 Old Footprint=CAPC3225X280N New Footprint=CAPC3225X280N
Change Physical Footprint: Designator=C304 Old Footprint=CAPC1608X90N New Footprint=CAPC1608X90N
Change Physical Footprint: Designator=C305 Old Footprint=CAPC3225X280N New Footprint=CAPC3225X280N
Change Physical Footprint: Designator=C306 Old Footprint=CAPC3225X280N New Footprint=CAPC3225X280N
Change Physical Footprint: Designator=C307 Old Footprint=CAPC1608X97N New Footprint=CAPC1608X97N
Change Physical Footprint: Designator=C308 Old Footprint=CAPC1608X97N New Footprint=CAPC1608X97N
Change Physical Footprint: Designator=C309 Old Footprint=CAPC1608X90N New Footprint=CAPC1608X90N
Change Physical Footprint: Designator=C311 Old Footprint=CAPC3225X280N New Footprint=CAPC3225X280N
Change Physical Footprint: Designator=C312 Old Footprint=CAPC1608X97N New Footprint=CAPC1608X97N
Change Physical Footprint: Designator=C313 Old Footprint=CAPC2012X140N New Footprint=CAPC2012X140N
Change Physical Footprint: Designator=C314 Old Footprint=CAPC1608X97N New Footprint=CAPC1608X97N
Change Physical Footprint: Designator=C315 Old Footprint=CAPC1608X87N New Footprint=CAPC1608X87N
Change Physical Footprint: Designator=C316 Old Footprint=CAPC2012X140N New Footprint=CAPC2012X140N
Change Physical Footprint: Designator=C317 Old Footprint=CAPC1608X97N New Footprint=CAPC1608X97N
Change Physical Footprint: Designator=C318 Old Footprint=CAPC1608X97N New Footprint=CAPC1608X97N
Change Physical Footprint: Designator=CON101 Old Footprint=DF13A8P125H21 New Footprint=DF13A8P125H21
Change Physical Footprint: Designator=CON102 Old Footprint=DF13A8P125H21 New Footprint=DF13A8P125H21
Change Physical Footprint: Designator=D200 Old Footprint=SOT95P240X110-3N New Footprint=SOT95P240X110-3N
Change Physical Footprint: Designator=IC 101 Old Footprint=QFN40P1050X650X90-77N New Footprint=QFN40P1050X650X90-77N
Change Physical Footprint: Designator=IC102 Old Footprint=74HCT595BQ115 New Footprint=74HCT595BQ115
Change Physical Footprint: Designator=IC103 Old Footprint=SOT230P700X180-4N New Footprint=SOT230P700X180-4N
Change Physical Footprint: Designator=IC200 Old Footprint=SOP65P400X110-8N New Footprint=SOP65P400X110-8N
Change Physical Footprint: Designator=IC300 Old Footprint=QFN50P600X600X80-41N-D New Footprint=QFN50P600X600X80-41N-D
Change Physical Footprint: Designator=J100 Old Footprint=DF13A4P125H21 New Footprint=DF13A4P125H21
Change Physical Footprint: Designator=J200 Old Footprint=DF13A5P125H21 New Footprint=DF13A5P125H21
Change Physical Footprint: Designator=JP1 Old Footprint=SOLDERJMP_0.8MM New Footprint=SolderJmp_0.8mm
Change Physical Footprint: Designator=JP2 Old Footprint=SOLDERJMP_0.8MM New Footprint=SolderJmp_0.8mm
Change Physical Footprint: Designator=JP3 Old Footprint=SOLDERJMP_0.8MM New Footprint=SolderJmp_0.8mm
Change Physical Footprint: Designator=JP4 Old Footprint=SOLDERJMP_0.8MM New Footprint=SolderJmp_0.8mm
Change Physical Footprint: Designator=JP5 Old Footprint=SOLDERJMP_0.8MM New Footprint=SolderJmp_0.8mm
Change Physical Footprint: Designator=JP6 Old Footprint=SOLDERJMP_0.8MM New Footprint=SolderJmp_0.8mm
Change Physical Footprint: Designator=JP7 Old Footprint=SOLDERJMP_0.8MM New Footprint=SolderJmp_0.8mm
Change Physical Footprint: Designator=JP8 Old Footprint=SOLDERJMP_0.8MM New Footprint=SolderJmp_0.8mm
Change Physical Footprint: Designator=L101 Old Footprint=BLM18KG101TH1D New Footprint=BLM18KG101TH1D
Change Physical Footprint: Designator=LED300 Old Footprint=LSL29KG1J21Z New Footprint=LSL29KG1J21Z
Change Physical Footprint: Designator=LED_Amber Old Footprint=LEDC1608X55N New Footprint=LEDC1608X55N
Change Physical Footprint: Designator=LED_Blue Old Footprint=LEDC1608X40N New Footprint=LEDC1608X40N
Change Physical Footprint: Designator=LED_Green Old Footprint=LGQ396PS35 New Footprint=LGQ396PS35
Change Physical Footprint: Designator=Motor_U Old Footprint=POWER_PAD New Footprint=POWER_PAD
Change Physical Footprint: Designator=Motor_V Old Footprint=POWER_PAD New Footprint=POWER_PAD
Change Physical Footprint: Designator=Motor_W Old Footprint=POWER_PAD New Footprint=POWER_PAD
Change Physical Footprint: Designator=Q300 Old Footprint=TPHR9003NLL1Q New Footprint=TPHR9003NLL1Q
Change Physical Footprint: Designator=Q301 Old Footprint=TPHR9003NLL1Q New Footprint=TPHR9003NLL1Q
Change Physical Footprint: Designator=Q302 Old Footprint=TPHR9003NLL1Q New Footprint=TPHR9003NLL1Q
Change Physical Footprint: Designator=Q303 Old Footprint=TPHR9003NLL1Q New Footprint=TPHR9003NLL1Q
Change Physical Footprint: Designator=Q304 Old Footprint=TPHR9003NLL1Q New Footprint=TPHR9003NLL1Q
Change Physical Footprint: Designator=Q305 Old Footprint=TPHR9003NLL1Q New Footprint=TPHR9003NLL1Q
Change Physical Footprint: Designator=R100 Old Footprint=RESC1608X55N New Footprint=RESC1608X55N
Change Physical Footprint: Designator=R101 Old Footprint=RESC1608X55N New Footprint=RESC1608X55N
Change Physical Footprint: Designator=R102 Old Footprint=RESC1608X55N New Footprint=RESC1608X55N
Change Physical Footprint: Designator=R200 Old Footprint=RESC1608X55N New Footprint=RESC1608X55N
Change Physical Footprint: Designator=R201 Old Footprint=RESC1608X55N New Footprint=RESC1608X55N
Change Physical Footprint: Designator=R202 Old Footprint=RESC1608X55N New Footprint=RESC1608X55N
Change Physical Footprint: Designator=R203 Old Footprint=RESC1608X55N New Footprint=RESC1608X55N
Change Physical Footprint: Designator=R204 Old Footprint=RESC1608X55N New Footprint=RESC1608X55N
Change Physical Footprint: Designator=R205 Old Footprint=RESC1608X55N New Footprint=RESC1608X55N
Change Physical Footprint: Designator=R206 Old Footprint=RESC1608X55N New Footprint=RESC1608X55N
Change Physical Footprint: Designator=R207 Old Footprint=RESC1608X55N New Footprint=RESC1608X55N
Change Physical Footprint: Designator=R208 Old Footprint=RESC1608X55N New Footprint=RESC1608X55N
Change Physical Footprint: Designator=R209 Old Footprint=RESC1608X55N New Footprint=RESC1608X55N
Change Physical Footprint: Designator=R210 Old Footprint=RESC1608X55N New Footprint=RESC1608X55N
Change Physical Footprint: Designator=R211 Old Footprint=RESC1608X55N New Footprint=RESC1608X55N
Change Physical Footprint: Designator=R212 Old Footprint=RESC1608X55N New Footprint=RESC1608X55N
Change Physical Footprint: Designator=R213 Old Footprint=RESC1608X55N New Footprint=RESC1608X55N
Change Physical Footprint: Designator=R214 Old Footprint=RESC1608X55N New Footprint=RESC1608X55N
Change Physical Footprint: Designator=R215 Old Footprint=RESC1608X55N New Footprint=RESC1608X55N
Change Physical Footprint: Designator=R216 Old Footprint=RESC1608X55N New Footprint=RESC1608X55N
Change Physical Footprint: Designator=R217 Old Footprint=RESC1608X55N New Footprint=RESC1608X55N
Change Physical Footprint: Designator=R300 Old Footprint=RESC1608X55N New Footprint=RESC1608X55N
Change Physical Footprint: Designator=R301 Old Footprint=WSK12161L000FEA New Footprint=WSK12161L000FEA
Change Physical Footprint: Designator=R302 Old Footprint=WSK12161L000FEA New Footprint=WSK12161L000FEA
Change Physical Footprint: Designator=R303 Old Footprint=RESC1608X55N New Footprint=RESC1608X55N
Change Physical Footprint: Designator=R305 Old Footprint=RESC1608X55N New Footprint=RESC1608X55N
Change Physical Footprint: Designator=R307 Old Footprint=RESC1608X55N New Footprint=RESC1608X55N
Change Physical Footprint: Designator=S100 Old Footprint=PTS647SK38SMTR2LFS New Footprint=PTS647SK38SMTR2LFS
Change Physical Footprint: Designator=S300 Old Footprint=PTS647SK38SMTR2LFS New Footprint=PTS647SK38SMTR2LFS
Change Physical Footprint: Designator=U300 Old Footprint=SOT95P285X140-6N New Footprint=SOT95P285X140-6N
Change Physical Footprint: Designator=Vbat+ Old Footprint=PW_PAD_SMOL New Footprint=PW_PAD_SMOL
Change Physical Footprint: Designator=Vbat- Old Footprint=PW_PAD_SMOL New Footprint=PW_PAD_SMOL
Change Physical Footprint: Designator=XTL101 Old Footprint=FOX924B25 New Footprint=FOX924B25
