Added Component: Designator=SB1(SOLDER-BRIDGE_R0603-0R)
Add component (AddParameter): Name = "ComponentLink1Description"; Value = "Datasheet"; VariantName = "[No Variations]"
Add component (AddParameter): Name = "ComponentLink1URL"; Value = "http://tunmcdsvn.tun.st.com/Component_Datasheet_Library/Trunk/Resistors/Yageo_Resistor_RC0603-series"; VariantName = "[No Variations]"
Add component (AddParameter): Name = "ECCN_EU"; Value = "n/a"; VariantName = "[No Variations]"
Add component (AddParameter): Name = "ECCN_US"; Value = "n/a"; VariantName = "[No Variations]"
Add component (AddParameter): Name = "Internal_Part_Number"; Value = "MCD-00071"; VariantName = "[No Variations]"
Add component (AddParameter): Name = "Manufacturer"; Value = "YAGEO"; VariantName = "[No Variations]"
Add component (AddParameter): Name = "Manufacturer_Part_Number"; Value = "RC0603JR-070RL"; VariantName = "[No Variations]"
Add component (AddParameter): Name = "Package"; Value = "SB0603"; VariantName = "[No Variations]"
Add component (AddParameter): Name = "Part_Type"; Value = "Mechanical"; VariantName = "[No Variations]"
Add component (AddParameter): Name = "Provided_By"; Value = "SUBCO"; VariantName = "[No Variations]"
Add component (AddParameter): Name = "Revision"; Value = ""; VariantName = "[No Variations]"
Add component (AddParameter): Name = "Status"; Value = "Released"; VariantName = "[No Variations]"
Added Component: Designator=SB2(SOLDER-BRIDGE_R0603-0R)
Add component (AddParameter): Name = "ComponentLink1Description"; Value = "Datasheet"; VariantName = "[No Variations]"
Add component (AddParameter): Name = "ComponentLink1URL"; Value = "http://tunmcdsvn.tun.st.com/Component_Datasheet_Library/Trunk/Resistors/Yageo_Resistor_RC0603-series"; VariantName = "[No Variations]"
Add component (AddParameter): Name = "ECCN_EU"; Value = "n/a"; VariantName = "[No Variations]"
Add component (AddParameter): Name = "ECCN_US"; Value = "n/a"; VariantName = "[No Variations]"
Add component (AddParameter): Name = "Internal_Part_Number"; Value = "MCD-00071"; VariantName = "[No Variations]"
Add component (AddParameter): Name = "Manufacturer"; Value = "YAGEO"; VariantName = "[No Variations]"
Add component (AddParameter): Name = "Manufacturer_Part_Number"; Value = "RC0603JR-070RL"; VariantName = "[No Variations]"
Add component (AddParameter): Name = "Package"; Value = "SB0603"; VariantName = "[No Variations]"
Add component (AddParameter): Name = "Part_Type"; Value = "Mechanical"; VariantName = "[No Variations]"
Add component (AddParameter): Name = "Provided_By"; Value = "SUBCO"; VariantName = "[No Variations]"
Add component (AddParameter): Name = "Revision"; Value = ""; VariantName = "[No Variations]"
Add component (AddParameter): Name = "Status"; Value = "Released"; VariantName = "[No Variations]"
Added Component: Designator=SB3(SOLDER-BRIDGE_R0603-0R)
Add component (AddParameter): Name = "ComponentLink1Description"; Value = "Datasheet"; VariantName = "[No Variations]"
Add component (AddParameter): Name = "ComponentLink1URL"; Value = "http://tunmcdsvn.tun.st.com/Component_Datasheet_Library/Trunk/Resistors/Yageo_Resistor_RC0603-series"; VariantName = "[No Variations]"
Add component (AddParameter): Name = "ECCN_EU"; Value = "n/a"; VariantName = "[No Variations]"
Add component (AddParameter): Name = "ECCN_US"; Value = "n/a"; VariantName = "[No Variations]"
Add component (AddParameter): Name = "Internal_Part_Number"; Value = "MCD-00071"; VariantName = "[No Variations]"
Add component (AddParameter): Name = "Manufacturer"; Value = "YAGEO"; VariantName = "[No Variations]"
Add component (AddParameter): Name = "Manufacturer_Part_Number"; Value = "RC0603JR-070RL"; VariantName = "[No Variations]"
Add component (AddParameter): Name = "Package"; Value = "SB0603"; VariantName = "[No Variations]"
Add component (AddParameter): Name = "Part_Type"; Value = "Mechanical"; VariantName = "[No Variations]"
Add component (AddParameter): Name = "Provided_By"; Value = "SUBCO"; VariantName = "[No Variations]"
Add component (AddParameter): Name = "Revision"; Value = ""; VariantName = "[No Variations]"
Add component (AddParameter): Name = "Status"; Value = "Released"; VariantName = "[No Variations]"
Added Component: Designator=SB4(SOLDER-BRIDGE_R0603-0R)
Add component (AddParameter): Name = "ComponentLink1Description"; Value = "Datasheet"; VariantName = "[No Variations]"
Add component (AddParameter): Name = "ComponentLink1URL"; Value = "http://tunmcdsvn.tun.st.com/Component_Datasheet_Library/Trunk/Resistors/Yageo_Resistor_RC0603-series"; VariantName = "[No Variations]"
Add component (AddParameter): Name = "ECCN_EU"; Value = "n/a"; VariantName = "[No Variations]"
Add component (AddParameter): Name = "ECCN_US"; Value = "n/a"; VariantName = "[No Variations]"
Add component (AddParameter): Name = "Internal_Part_Number"; Value = "MCD-00071"; VariantName = "[No Variations]"
Add component (AddParameter): Name = "Manufacturer"; Value = "YAGEO"; VariantName = "[No Variations]"
Add component (AddParameter): Name = "Manufacturer_Part_Number"; Value = "RC0603JR-070RL"; VariantName = "[No Variations]"
Add component (AddParameter): Name = "Package"; Value = "SB0603"; VariantName = "[No Variations]"
Add component (AddParameter): Name = "Part_Type"; Value = "Mechanical"; VariantName = "[No Variations]"
Add component (AddParameter): Name = "Provided_By"; Value = "SUBCO"; VariantName = "[No Variations]"
Add component (AddParameter): Name = "Revision"; Value = ""; VariantName = "[No Variations]"
Add component (AddParameter): Name = "Status"; Value = "Released"; VariantName = "[No Variations]"
Added Component: Designator=SB5(SOLDER-BRIDGE_R0603-0R)
Add component (AddParameter): Name = "ComponentLink1Description"; Value = "Datasheet"; VariantName = "[No Variations]"
Add component (AddParameter): Name = "ComponentLink1URL"; Value = "http://tunmcdsvn.tun.st.com/Component_Datasheet_Library/Trunk/Resistors/Yageo_Resistor_RC0603-series"; VariantName = "[No Variations]"
Add component (AddParameter): Name = "ECCN_EU"; Value = "n/a"; VariantName = "[No Variations]"
Add component (AddParameter): Name = "ECCN_US"; Value = "n/a"; VariantName = "[No Variations]"
Add component (AddParameter): Name = "Internal_Part_Number"; Value = "MCD-00071"; VariantName = "[No Variations]"
Add component (AddParameter): Name = "Manufacturer"; Value = "YAGEO"; VariantName = "[No Variations]"
Add component (AddParameter): Name = "Manufacturer_Part_Number"; Value = "RC0603JR-070RL"; VariantName = "[No Variations]"
Add component (AddParameter): Name = "Package"; Value = "SB0603"; VariantName = "[No Variations]"
Add component (AddParameter): Name = "Part_Type"; Value = "Mechanical"; VariantName = "[No Variations]"
Add component (AddParameter): Name = "Provided_By"; Value = "SUBCO"; VariantName = "[No Variations]"
Add component (AddParameter): Name = "Revision"; Value = ""; VariantName = "[No Variations]"
Add component (AddParameter): Name = "Status"; Value = "Released"; VariantName = "[No Variations]"
Added Component: Designator=SB6(SOLDER-BRIDGE_R0603-0R)
Add component (AddParameter): Name = "ComponentLink1Description"; Value = "Datasheet"; VariantName = "[No Variations]"
Add component (AddParameter): Name = "ComponentLink1URL"; Value = "http://tunmcdsvn.tun.st.com/Component_Datasheet_Library/Trunk/Resistors/Yageo_Resistor_RC0603-series"; VariantName = "[No Variations]"
Add component (AddParameter): Name = "ECCN_EU"; Value = "n/a"; VariantName = "[No Variations]"
Add component (AddParameter): Name = "ECCN_US"; Value = "n/a"; VariantName = "[No Variations]"
Add component (AddParameter): Name = "Internal_Part_Number"; Value = "MCD-00071"; VariantName = "[No Variations]"
Add component (AddParameter): Name = "Manufacturer"; Value = "YAGEO"; VariantName = "[No Variations]"
Add component (AddParameter): Name = "Manufacturer_Part_Number"; Value = "RC0603JR-070RL"; VariantName = "[No Variations]"
Add component (AddParameter): Name = "Package"; Value = "SB0603"; VariantName = "[No Variations]"
Add component (AddParameter): Name = "Part_Type"; Value = "Mechanical"; VariantName = "[No Variations]"
Add component (AddParameter): Name = "Provided_By"; Value = "SUBCO"; VariantName = "[No Variations]"
Add component (AddParameter): Name = "Revision"; Value = ""; VariantName = "[No Variations]"
Add component (AddParameter): Name = "Status"; Value = "Released"; VariantName = "[No Variations]"
Added Component: Designator=SB7(SOLDER-BRIDGE_R0603-0R)
Add component (AddParameter): Name = "ComponentLink1Description"; Value = "Datasheet"; VariantName = "[No Variations]"
Add component (AddParameter): Name = "ComponentLink1URL"; Value = "http://tunmcdsvn.tun.st.com/Component_Datasheet_Library/Trunk/Resistors/Yageo_Resistor_RC0603-series"; VariantName = "[No Variations]"
Add component (AddParameter): Name = "ECCN_EU"; Value = "n/a"; VariantName = "[No Variations]"
Add component (AddParameter): Name = "ECCN_US"; Value = "n/a"; VariantName = "[No Variations]"
Add component (AddParameter): Name = "Internal_Part_Number"; Value = "MCD-00071"; VariantName = "[No Variations]"
Add component (AddParameter): Name = "Manufacturer"; Value = "YAGEO"; VariantName = "[No Variations]"
Add component (AddParameter): Name = "Manufacturer_Part_Number"; Value = "RC0603JR-070RL"; VariantName = "[No Variations]"
Add component (AddParameter): Name = "Package"; Value = "SB0603"; VariantName = "[No Variations]"
Add component (AddParameter): Name = "Part_Type"; Value = "Mechanical"; VariantName = "[No Variations]"
Add component (AddParameter): Name = "Provided_By"; Value = "SUBCO"; VariantName = "[No Variations]"
Add component (AddParameter): Name = "Revision"; Value = ""; VariantName = "[No Variations]"
Add component (AddParameter): Name = "Status"; Value = "Released"; VariantName = "[No Variations]"
Added Component: Designator=SB8(SOLDER-BRIDGE_R0603-0R)
Add component (AddParameter): Name = "ComponentLink1Description"; Value = "Datasheet"; VariantName = "[No Variations]"
Add component (AddParameter): Name = "ComponentLink1URL"; Value = "http://tunmcdsvn.tun.st.com/Component_Datasheet_Library/Trunk/Resistors/Yageo_Resistor_RC0603-series"; VariantName = "[No Variations]"
Add component (AddParameter): Name = "ECCN_EU"; Value = "n/a"; VariantName = "[No Variations]"
Add component (AddParameter): Name = "ECCN_US"; Value = "n/a"; VariantName = "[No Variations]"
Add component (AddParameter): Name = "Internal_Part_Number"; Value = "MCD-00071"; VariantName = "[No Variations]"
Add component (AddParameter): Name = "Manufacturer"; Value = "YAGEO"; VariantName = "[No Variations]"
Add component (AddParameter): Name = "Manufacturer_Part_Number"; Value = "RC0603JR-070RL"; VariantName = "[No Variations]"
Add component (AddParameter): Name = "Package"; Value = "SB0603"; VariantName = "[No Variations]"
Add component (AddParameter): Name = "Part_Type"; Value = "Mechanical"; VariantName = "[No Variations]"
Add component (AddParameter): Name = "Provided_By"; Value = "SUBCO"; VariantName = "[No Variations]"
Add component (AddParameter): Name = "Revision"; Value = ""; VariantName = "[No Variations]"
Add component (AddParameter): Name = "Status"; Value = "Released"; VariantName = "[No Variations]"
Added Pin To Net: NetName=SPI_NSCS Pin=SB1-1
Added Pin To Net: NetName=NetIC102_15 Pin=SB1-2
Added Pin To Net: NetName=SPI_NSCS Pin=SB2-1
Added Pin To Net: NetName=NetIC102_14 Pin=SB2-2
Added Pin To Net: NetName=SPI_NSCS Pin=SB3-1
Added Pin To Net: NetName=NetIC102_13 Pin=SB3-2
Added Pin To Net: NetName=SPI_NSCS Pin=SB4-1
Added Pin To Net: NetName=NetIC102_12 Pin=SB4-2
Added Pin To Net: NetName=SPI_NSCS Pin=SB5-1
Added Pin To Net: NetName=NetIC102_11 Pin=SB5-2
Added Pin To Net: NetName=SPI_NSCS Pin=SB6-1
Added Pin To Net: NetName=NetIC102_10 Pin=SB6-2
Added Pin To Net: NetName=SPI_NSCS Pin=SB7-1
Added Pin To Net: NetName=NetIC102_9 Pin=SB7-2
Added Pin To Net: NetName=SPI_NSCS Pin=SB8-1
Added Pin To Net: NetName=NetIC102_7 Pin=SB8-2
Added Member To Class: ClassName=modFOC-Motion_Controller Member=Component SB1 Solder Bridge
Added Member To Class: ClassName=modFOC-Motion_Controller Member=Component SB2 Solder Bridge
Added Member To Class: ClassName=modFOC-Motion_Controller Member=Component SB3 Solder Bridge
Added Member To Class: ClassName=modFOC-Motion_Controller Member=Component SB4 Solder Bridge
Added Member To Class: ClassName=modFOC-Motion_Controller Member=Component SB5 Solder Bridge
Added Member To Class: ClassName=modFOC-Motion_Controller Member=Component SB6 Solder Bridge
Added Member To Class: ClassName=modFOC-Motion_Controller Member=Component SB7 Solder Bridge
Added Member To Class: ClassName=modFOC-Motion_Controller Member=Component SB8 Solder Bridge
