Removed Pin From Net: NetName=VB+ Pin=C315-1
Removed Pin From Net: NetName=GND Pin=C315-2
Removed Pin From Net: NetName=GND Pin=CON102-1
Removed Pin From Net: NetName=SPI_MISO Pin=CON102-2
Removed Pin From Net: NetName=SPI_MOSI Pin=CON102-3
Removed Pin From Net: NetName=SPI_SCK Pin=CON102-4
Removed Pin From Net: NetName=+5 Pin=CON102-8
Removed Pin From Net: NetName=GND Pin=CON102-MP1
Removed Pin From Net: NetName=GND Pin=CON102-MP2
Removed Member From Class: ClassName=modFOC-Powerstage Member=R307
Change Component Designator: OldDesignator=C100 NewDesignator=C110
Change Component Designator: OldDesignator=C101 NewDesignator=C100
Change Component Designator: OldDesignator=C102 NewDesignator=C101
Change Component Designator: OldDesignator=C109 NewDesignator=C111
Change Component Designator: OldDesignator=C110 NewDesignator=C112
Change Component Designator: OldDesignator=C111 NewDesignator=C113
Change Component Designator: OldDesignator=C112 NewDesignator=C116
Change Component Designator: OldDesignator=C113 NewDesignator=C109
Change Component Designator: OldDesignator=C114 NewDesignator=C102
Change Component Designator: OldDesignator=C115 NewDesignator=C114
Change Component Designator: OldDesignator=C116 NewDesignator=C115
Change Component Designator: OldDesignator=C301 NewDesignator=C302
Change Component Designator: OldDesignator=C302 NewDesignator=C301
Change Component Designator: OldDesignator=C304 NewDesignator=C309
Change Component Designator: OldDesignator=C305 NewDesignator=C310
Change Component Designator: OldDesignator=C306 NewDesignator=C315
Change Component Designator: OldDesignator=C307 NewDesignator=C316
Change Component Designator: OldDesignator=C308 NewDesignator=C318
Change Component Designator: OldDesignator=C309 NewDesignator=C322
Change Component Designator: OldDesignator=C311 NewDesignator=C306
Change Component Designator: OldDesignator=C312 NewDesignator=C319
Change Component Designator: OldDesignator=C313 NewDesignator=C312
Change Component Designator: OldDesignator=C314 NewDesignator=C320
Change Component Designator: OldDesignator=C316 NewDesignator=C321
Change Component Designator: OldDesignator=C317 NewDesignator=C304
Change Component Designator: OldDesignator=C318 NewDesignator=C305
Change Component Designator: OldDesignator=CON101 NewDesignator=CON100
Change Component Designator: OldDesignator=IC 101 NewDesignator=IC 100
Change Component Designator: OldDesignator=IC102 NewDesignator=IC101
Change Component Designator: OldDesignator=IC103 NewDesignator=IC100
Change Component Designator: OldDesignator=L101 NewDesignator=L100
Change Component Designator: OldDesignator=LED_Amber NewDesignator=LED_Amber200
Change Component Designator: OldDesignator=LED_Blue NewDesignator=LED_Blue200
Change Component Designator: OldDesignator=LED_Green NewDesignator=LED_Green200
Change Component Designator: OldDesignator=Motor_U NewDesignator=Motor_U300
Change Component Designator: OldDesignator=Motor_V NewDesignator=Motor_V300
Change Component Designator: OldDesignator=Motor_W NewDesignator=Motor_W300
Change Component Designator: OldDesignator=R101 NewDesignator=R102
Change Component Designator: OldDesignator=R102 NewDesignator=R101
Change Component Designator: OldDesignator=R203 NewDesignator=R206
Change Component Designator: OldDesignator=R204 NewDesignator=R205
Change Component Designator: OldDesignator=R205 NewDesignator=R203
Change Component Designator: OldDesignator=R206 NewDesignator=R207
Change Component Designator: OldDesignator=R207 NewDesignator=R208
Change Component Designator: OldDesignator=R208 NewDesignator=R209
Change Component Designator: OldDesignator=R209 NewDesignator=R210
Change Component Designator: OldDesignator=R210 NewDesignator=R211
Change Component Designator: OldDesignator=R211 NewDesignator=R212
Change Component Designator: OldDesignator=R212 NewDesignator=R213
Change Component Designator: OldDesignator=R213 NewDesignator=R214
Change Component Designator: OldDesignator=R214 NewDesignator=R215
Change Component Designator: OldDesignator=R215 NewDesignator=R216
Change Component Designator: OldDesignator=R216 NewDesignator=R217
Change Component Designator: OldDesignator=R217 NewDesignator=R204
Change Component Designator: OldDesignator=R302 NewDesignator=R304
Change Component Designator: OldDesignator=R303 NewDesignator=R302
Change Component Designator: OldDesignator=R305 NewDesignator=R303
Change Component Designator: OldDesignator=R307 NewDesignator=R305
Change Component Designator: OldDesignator=Vbat+ NewDesignator=Vbat+300
Change Component Designator: OldDesignator=Vbat- NewDesignator=Vbat-300
Change Component Designator: OldDesignator=XTL101 NewDesignator=XTL100
Added Component: Designator=C307(CAPC3225X280N)
Add component (AddParameter): Name = "Arrow Part Number"; Value = "CL32B106KMVNNWE"; VariantName = "[No Variations]"
Add component (AddParameter): Name = "Arrow Price/Stock"; Value = "https://www.arrow.com/en/products/cl32b106kmvnnwe/samsung-electro-mechanics"; VariantName = "[No Variations]"
Add component (AddParameter): Name = "Datasheet Link"; Value = "https://www.arrow.com/en/products/cl32b106kmvnnwe/samsung-electro-mechanics"; VariantName = "[No Variations]"
Add component (AddParameter): Name = "Height"; Value = "2.8mm"; VariantName = "[No Variations]"
Add component (AddParameter): Name = "Manufacturer_Name"; Value = "Samsung Electro-Mechanics"; VariantName = "[No Variations]"
Add component (AddParameter): Name = "Manufacturer_Part_Number"; Value = "CL32B106KMVNNWE"; VariantName = "[No Variations]"
Add component (AddParameter): Name = "Mouser Part Number"; Value = "187-CL32B106KMVNNWE"; VariantName = "[No Variations]"
Add component (AddParameter): Name = "Mouser Price/Stock"; Value = "https://www.mouser.co.uk/ProductDetail/Samsung-Electro-Mechanics/CL32B106KMVNNWE?qs=xZ%2FP%252Ba9zWqaEMBbSgKy8gQ%3D%3D"; VariantName = "[No Variations]"
Added Component: Designator=C308(CAPC3225X280N)
Add component (AddParameter): Name = "Arrow Part Number"; Value = "CL32B106KMVNNWE"; VariantName = "[No Variations]"
Add component (AddParameter): Name = "Arrow Price/Stock"; Value = "https://www.arrow.com/en/products/cl32b106kmvnnwe/samsung-electro-mechanics"; VariantName = "[No Variations]"
Add component (AddParameter): Name = "Datasheet Link"; Value = "https://www.arrow.com/en/products/cl32b106kmvnnwe/samsung-electro-mechanics"; VariantName = "[No Variations]"
Add component (AddParameter): Name = "Height"; Value = "2.8mm"; VariantName = "[No Variations]"
Add component (AddParameter): Name = "Manufacturer_Name"; Value = "Samsung Electro-Mechanics"; VariantName = "[No Variations]"
Add component (AddParameter): Name = "Manufacturer_Part_Number"; Value = "CL32B106KMVNNWE"; VariantName = "[No Variations]"
Add component (AddParameter): Name = "Mouser Part Number"; Value = "187-CL32B106KMVNNWE"; VariantName = "[No Variations]"
Add component (AddParameter): Name = "Mouser Price/Stock"; Value = "https://www.mouser.co.uk/ProductDetail/Samsung-Electro-Mechanics/CL32B106KMVNNWE?qs=xZ%2FP%252Ba9zWqaEMBbSgKy8gQ%3D%3D"; VariantName = "[No Variations]"
Added Component: Designator=C311(CAPC3225X280N)
Add component (AddParameter): Name = "Arrow Part Number"; Value = "CL32B106KMVNNWE"; VariantName = "[No Variations]"
Add component (AddParameter): Name = "Arrow Price/Stock"; Value = "https://www.arrow.com/en/products/cl32b106kmvnnwe/samsung-electro-mechanics"; VariantName = "[No Variations]"
Add component (AddParameter): Name = "Datasheet Link"; Value = "https://www.arrow.com/en/products/cl32b106kmvnnwe/samsung-electro-mechanics"; VariantName = "[No Variations]"
Add component (AddParameter): Name = "Height"; Value = "2.8mm"; VariantName = "[No Variations]"
Add component (AddParameter): Name = "Manufacturer_Name"; Value = "Samsung Electro-Mechanics"; VariantName = "[No Variations]"
Add component (AddParameter): Name = "Manufacturer_Part_Number"; Value = "CL32B106KMVNNWE"; VariantName = "[No Variations]"
Add component (AddParameter): Name = "Mouser Part Number"; Value = "187-CL32B106KMVNNWE"; VariantName = "[No Variations]"
Add component (AddParameter): Name = "Mouser Price/Stock"; Value = "https://www.mouser.co.uk/ProductDetail/Samsung-Electro-Mechanics/CL32B106KMVNNWE?qs=xZ%2FP%252Ba9zWqaEMBbSgKy8gQ%3D%3D"; VariantName = "[No Variations]"
Added Component: Designator=C313(CAPC3225X280N)
Add component (AddParameter): Name = "Arrow Part Number"; Value = "CL32B106KMVNNWE"; VariantName = "[No Variations]"
Add component (AddParameter): Name = "Arrow Price/Stock"; Value = "https://www.arrow.com/en/products/cl32b106kmvnnwe/samsung-electro-mechanics"; VariantName = "[No Variations]"
Add component (AddParameter): Name = "Datasheet Link"; Value = "https://www.arrow.com/en/products/cl32b106kmvnnwe/samsung-electro-mechanics"; VariantName = "[No Variations]"
Add component (AddParameter): Name = "Height"; Value = "2.8mm"; VariantName = "[No Variations]"
Add component (AddParameter): Name = "Manufacturer_Name"; Value = "Samsung Electro-Mechanics"; VariantName = "[No Variations]"
Add component (AddParameter): Name = "Manufacturer_Part_Number"; Value = "CL32B106KMVNNWE"; VariantName = "[No Variations]"
Add component (AddParameter): Name = "Mouser Part Number"; Value = "187-CL32B106KMVNNWE"; VariantName = "[No Variations]"
Add component (AddParameter): Name = "Mouser Price/Stock"; Value = "https://www.mouser.co.uk/ProductDetail/Samsung-Electro-Mechanics/CL32B106KMVNNWE?qs=xZ%2FP%252Ba9zWqaEMBbSgKy8gQ%3D%3D"; VariantName = "[No Variations]"
Added Component: Designator=C314(CAPC3225X280N)
Add component (AddParameter): Name = "Arrow Part Number"; Value = "CL32B106KMVNNWE"; VariantName = "[No Variations]"
Add component (AddParameter): Name = "Arrow Price/Stock"; Value = "https://www.arrow.com/en/products/cl32b106kmvnnwe/samsung-electro-mechanics"; VariantName = "[No Variations]"
Add component (AddParameter): Name = "Datasheet Link"; Value = "https://www.arrow.com/en/products/cl32b106kmvnnwe/samsung-electro-mechanics"; VariantName = "[No Variations]"
Add component (AddParameter): Name = "Height"; Value = "2.8mm"; VariantName = "[No Variations]"
Add component (AddParameter): Name = "Manufacturer_Name"; Value = "Samsung Electro-Mechanics"; VariantName = "[No Variations]"
Add component (AddParameter): Name = "Manufacturer_Part_Number"; Value = "CL32B106KMVNNWE"; VariantName = "[No Variations]"
Add component (AddParameter): Name = "Mouser Part Number"; Value = "187-CL32B106KMVNNWE"; VariantName = "[No Variations]"
Add component (AddParameter): Name = "Mouser Price/Stock"; Value = "https://www.mouser.co.uk/ProductDetail/Samsung-Electro-Mechanics/CL32B106KMVNNWE?qs=xZ%2FP%252Ba9zWqaEMBbSgKy8gQ%3D%3D"; VariantName = "[No Variations]"
Added Component: Designator=C317(CAPC1608X97N)
Add component (AddParameter): Name = "Arrow Part Number"; Value = ""; VariantName = "[No Variations]"
Add component (AddParameter): Name = "Arrow Price/Stock"; Value = ""; VariantName = "[No Variations]"
Add component (AddParameter): Name = "Datasheet Link"; Value = "http://www.vishay.com/docs/45226/vj31xrohsautomlcc.pdf"; VariantName = "[No Variations]"
Add component (AddParameter): Name = "Height"; Value = "1mm"; VariantName = "[No Variations]"
Add component (AddParameter): Name = "Manufacturer_Name"; Value = "Vishay"; VariantName = "[No Variations]"
Add component (AddParameter): Name = "Manufacturer_Part_Number"; Value = "VJ0603Y104JXJAC"; VariantName = "[No Variations]"
Add component (AddParameter): Name = "Mouser Part Number"; Value = "77-VJ0603Y104JXJAC"; VariantName = "[No Variations]"
Add component (AddParameter): Name = "Mouser Price/Stock"; Value = "https://www.mouser.com/Search/Refine.aspx?Keyword=77-VJ0603Y104JXJAC"; VariantName = "[No Variations]"
Added Pin To Net: NetName=GND Pin=C307-1
Added Pin To Net: NetName=VB+ Pin=C307-2
Added Pin To Net: NetName=GND Pin=C308-1
Added Pin To Net: NetName=VB+ Pin=C308-2
Added Pin To Net: NetName=GND Pin=C311-1
Added Pin To Net: NetName=VB+ Pin=C311-2
Added Pin To Net: NetName=GND Pin=C313-1
Added Pin To Net: NetName=VB+ Pin=C313-2
Added Pin To Net: NetName=GND Pin=C314-1
Added Pin To Net: NetName=VB+ Pin=C314-2
Added Pin To Net: NetName=VB+ Pin=C317-1
Added Pin To Net: NetName=GND Pin=C317-2
Change Net Name : Old Net Name=NetC114_2 New Net Name=NetC102_2
Change Net Name : Old Net Name=NetC115_2 New Net Name=NetC114_2
Change Net Name : Old Net Name=NetC304_1 New Net Name=NetC309_1
Change Net Name : Old Net Name=NetC304_2 New Net Name=NetC309_2
Change Net Name : Old Net Name=NetC309_2 New Net Name=NetC322_2
Change Net Name : Old Net Name=NetIC102_7 New Net Name=NetIC101_7
Change Net Name : Old Net Name=NetIC102_9 New Net Name=NetIC101_9
Change Net Name : Old Net Name=NetIC102_10 New Net Name=NetIC101_10
Change Net Name : Old Net Name=NetIC102_11 New Net Name=NetIC101_11
Change Net Name : Old Net Name=NetIC102_12 New Net Name=NetIC101_12
Change Net Name : Old Net Name=NetIC102_13 New Net Name=NetIC101_13
Change Net Name : Old Net Name=NetIC102_14 New Net Name=NetIC101_14
Change Net Name : Old Net Name=NetIC102_15 New Net Name=NetIC101_15
Change Net Name : Old Net Name=NetLED_Amber_2 New Net Name=NetLED_Amber200_2
Change Net Name : Old Net Name=NetLED_Blue_2 New Net Name=NetLED_Blue200_2
Change Net Name : Old Net Name=NetLED_Green_2 New Net Name=NetLED_Green200_2
Added Pin To Net: NetName=NetCON100_2 Pin=CON100-2
Added Pin To Net: NetName=NetCON100_2 Pin=IC101-1
Added Net: Name=NetCON100_2
Added Pin To Net: NetName=NetCON100_3 Pin=CON100-3
Added Pin To Net: NetName=NetCON100_3 Pin=IC101-2
Added Net: Name=NetCON100_3
Added Pin To Net: NetName=NetCON100_4 Pin=CON100-4
Added Pin To Net: NetName=NetCON100_4 Pin=IC101-3
Added Net: Name=NetCON100_4
Added Member To Class: ClassName=modFOC-Powerstage Member=Component C310 10uF/63V
Added Member To Class: ClassName=modFOC-Powerstage Member=Component C317 100nF/63V
Added Member To Class: ClassName=modFOC-Powerstage Member=Component C319 100nF/63V
Added Member To Class: ClassName=modFOC-Powerstage Member=Component C320 100nF/63V
Added Member To Class: ClassName=modFOC-Powerstage Member=Component C321 470nF/100V
Added Member To Class: ClassName=modFOC-Powerstage Member=Component C322 4u7/10V
Added Member To Class: ClassName=modFOC-Powerstage Member=Component R304 5mR/3W
