Change Component Designator: Old Designator=C300 New Designator=C?
Change Component Designator: Old Designator=C301 New Designator=C?
Change Component Designator: Old Designator=C302 New Designator=C?
Change Component Designator: Old Designator=C303 New Designator=C?
Change Component Designator: Old Designator=C304 New Designator=C?
Change Component Designator: Old Designator=C305 New Designator=C?
Change Component Designator: Old Designator=C306 New Designator=C?
Change Component Designator: Old Designator=C307 New Designator=C?
Change Component Designator: Old Designator=C308 New Designator=C?
Change Component Designator: Old Designator=C309 New Designator=C?
Change Component Designator: Old Designator=C310 New Designator=C?
Change Component Designator: Old Designator=C311 New Designator=C?
Change Component Designator: Old Designator=C312 New Designator=C?
Change Component Designator: Old Designator=C313 New Designator=C?
Change Component Designator: Old Designator=C314 New Designator=C?
Change Component Designator: Old Designator=C315 New Designator=C?
Change Component Designator: Old Designator=C316 New Designator=C?
Change Component Designator: Old Designator=C317 New Designator=C?
Change Component Designator: Old Designator=C318 New Designator=C?
Change Component Designator: Old Designator=C319 New Designator=C?
Change Component Designator: Old Designator=C320 New Designator=C?
Change Component Designator: Old Designator=C321 New Designator=C?
Change Component Designator: Old Designator=C322 New Designator=C?
Change Component Designator: Old Designator=IC300 New Designator=IC?
Change Component Designator: Old Designator=LED300 New Designator=LED?
Change Component Designator: Old Designator=Motor_U New Designator=Motor_U?
Change Component Designator: Old Designator=Motor_V New Designator=Motor_V?
Change Component Designator: Old Designator=Motor_W New Designator=Motor_W?
Change Component Designator: Old Designator=Q300 New Designator=Q?
Change Component Designator: Old Designator=Q301 New Designator=Q?
Change Component Designator: Old Designator=Q302 New Designator=Q?
Change Component Designator: Old Designator=Q303 New Designator=Q?
Change Component Designator: Old Designator=Q304 New Designator=Q?
Change Component Designator: Old Designator=Q305 New Designator=Q?
Change Component Designator: Old Designator=R300 New Designator=R?
Change Component Designator: Old Designator=R301 New Designator=R?
Change Component Designator: Old Designator=R302 New Designator=R?
Change Component Designator: Old Designator=R303 New Designator=R?
Change Component Designator: Old Designator=R305 New Designator=R?
Change Component Designator: Old Designator=R307 New Designator=R?
Change Component Designator: Old Designator=S300 New Designator=S?
Change Component Designator: Old Designator=U300 New Designator=U?
Change Component Designator: Old Designator=Vbat+ New Designator=Vbat+?
Change Component Designator: Old Designator=Vbat- New Designator=Vbat-?
