Replace Part C200 C0805C104MMREC7210 in C:\Users\Asus\Desktop\Git\modFOC\Hardware\modFOC\modFOC-Sensing.SchDoc with C0805C104MMREC7210 from Schlib1.SchLib
Replace Part C201 GRM033R71E102KA01D in C:\Users\Asus\Desktop\Git\modFOC\Hardware\modFOC\modFOC-Sensing.SchDoc with GRM033R71E102KA01D from Schlib1.SchLib
Replace Part C202 GRM033R71E102KA01D in C:\Users\Asus\Desktop\Git\modFOC\Hardware\modFOC\modFOC-Sensing.SchDoc with GRM033R71E102KA01D from Schlib1.SchLib
Replace Part C203 GRM033R71E102KA01D in C:\Users\Asus\Desktop\Git\modFOC\Hardware\modFOC\modFOC-Sensing.SchDoc with GRM033R71E102KA01D from Schlib1.SchLib
Replace Part C204 C0603C101K1HACTU in C:\Users\Asus\Desktop\Git\modFOC\Hardware\modFOC\modFOC-Sensing.SchDoc with C0603C101K1HACTU from Schlib1.SchLib
Replace Part C205 C0805C104MMREC7210 in C:\Users\Asus\Desktop\Git\modFOC\Hardware\modFOC\modFOC-Sensing.SchDoc with C0805C104MMREC7210 from Schlib1.SchLib
Replace Part C206 C0603C101K1HACTU in C:\Users\Asus\Desktop\Git\modFOC\Hardware\modFOC\modFOC-Sensing.SchDoc with C0603C101K1HACTU from Schlib1.SchLib
Replace Part D200 BAT54S in C:\Users\Asus\Desktop\Git\modFOC\Hardware\modFOC\modFOC-Sensing.SchDoc with BAT54S from Schlib1.SchLib
Replace Part IC200 74LVC3G17DP,125 in C:\Users\Asus\Desktop\Git\modFOC\Hardware\modFOC\modFOC-Sensing.SchDoc with 74LVC3G17DP,125 from Schlib1.SchLib
Replace Part J200 DF13A-5P-1.25H_21_ in C:\Users\Asus\Desktop\Git\modFOC\Hardware\modFOC\modFOC-Sensing.SchDoc with DF13A-5P-1.25H_21_ from Schlib1.SchLib
Replace Part LED_Amber ASMT-RA45-AP932 in C:\Users\Asus\Desktop\Git\modFOC\Hardware\modFOC\modFOC-Sensing.SchDoc with ASMT-RA45-AP932 from Schlib1.SchLib
Replace Part LED_Blue LB_Q39G-L2OO-35-1 in C:\Users\Asus\Desktop\Git\modFOC\Hardware\modFOC\modFOC-Sensing.SchDoc with LB_Q39G-L2OO-35-1 from Schlib1.SchLib
Replace Part LED_Green LG_Q396-PS-35 in C:\Users\Asus\Desktop\Git\modFOC\Hardware\modFOC\modFOC-Sensing.SchDoc with LG_Q396-PS-35 from Schlib1.SchLib
Replace Part R200 CRCW06034K70JNEAC in C:\Users\Asus\Desktop\Git\modFOC\Hardware\modFOC\modFOC-Sensing.SchDoc with CRCW06034K70JNEAC from Schlib1.SchLib
Replace Part R201 CRCW06034K70JNEAC in C:\Users\Asus\Desktop\Git\modFOC\Hardware\modFOC\modFOC-Sensing.SchDoc with CRCW06034K70JNEAC from Schlib1.SchLib
Replace Part R202 CRCW06034K70JNEAC in C:\Users\Asus\Desktop\Git\modFOC\Hardware\modFOC\modFOC-Sensing.SchDoc with CRCW06034K70JNEAC from Schlib1.SchLib
Replace Part R203 SFR03EZPF1500 in C:\Users\Asus\Desktop\Git\modFOC\Hardware\modFOC\modFOC-Sensing.SchDoc with SFR03EZPF1500 from Schlib1.SchLib
Replace Part R204 CRCW0603100RFKEAC in C:\Users\Asus\Desktop\Git\modFOC\Hardware\modFOC\modFOC-Sensing.SchDoc with CRCW0603100RFKEAC from Schlib1.SchLib
Replace Part R205 ERJ1GNF1501C in C:\Users\Asus\Desktop\Git\modFOC\Hardware\modFOC\modFOC-Sensing.SchDoc with ERJ1GNF1501C from Schlib1.SchLib
Replace Part R206 CRCW06034K70JNEAC in C:\Users\Asus\Desktop\Git\modFOC\Hardware\modFOC\modFOC-Sensing.SchDoc with CRCW06034K70JNEAC from Schlib1.SchLib
Replace Part R207 CRCW06034K70JNEAC in C:\Users\Asus\Desktop\Git\modFOC\Hardware\modFOC\modFOC-Sensing.SchDoc with CRCW06034K70JNEAC from Schlib1.SchLib
Replace Part R208 CRCW06034K70JNEAC in C:\Users\Asus\Desktop\Git\modFOC\Hardware\modFOC\modFOC-Sensing.SchDoc with CRCW06034K70JNEAC from Schlib1.SchLib
Replace Part R209 CRCW0603100RFKEAC in C:\Users\Asus\Desktop\Git\modFOC\Hardware\modFOC\modFOC-Sensing.SchDoc with CRCW0603100RFKEAC from Schlib1.SchLib
Replace Part R210 RC0603FR-0710KL in C:\Users\Asus\Desktop\Git\modFOC\Hardware\modFOC\modFOC-Sensing.SchDoc with RC0603FR-0710KL from Schlib1.SchLib
Replace Part R211 RC0603FR-0710KL in C:\Users\Asus\Desktop\Git\modFOC\Hardware\modFOC\modFOC-Sensing.SchDoc with RC0603FR-0710KL from Schlib1.SchLib
Replace Part R212 ERJ1GNF1003C in C:\Users\Asus\Desktop\Git\modFOC\Hardware\modFOC\modFOC-Sensing.SchDoc with ERJ1GNF1003C from Schlib1.SchLib
Replace Part R213 ERJ1GNF1501C in C:\Users\Asus\Desktop\Git\modFOC\Hardware\modFOC\modFOC-Sensing.SchDoc with ERJ1GNF1501C from Schlib1.SchLib
Replace Part R214 CRCW0603100RFKEAC in C:\Users\Asus\Desktop\Git\modFOC\Hardware\modFOC\modFOC-Sensing.SchDoc with CRCW0603100RFKEAC from Schlib1.SchLib
Replace Part R215 RC0603FR-0710KL in C:\Users\Asus\Desktop\Git\modFOC\Hardware\modFOC\modFOC-Sensing.SchDoc with RC0603FR-0710KL from Schlib1.SchLib
Replace Part R216 RC0603FR-0710KL in C:\Users\Asus\Desktop\Git\modFOC\Hardware\modFOC\modFOC-Sensing.SchDoc with RC0603FR-0710KL from Schlib1.SchLib
Replace Part R217 ERJ1GNF1501C in C:\Users\Asus\Desktop\Git\modFOC\Hardware\modFOC\modFOC-Sensing.SchDoc with ERJ1GNF1501C from Schlib1.SchLib
