Removed Pin From Net: NetName=NetLED_Amber_2 Pin=R203-1
Removed Pin From Net: NetName=+5 Pin=R203-2
Removed Pin From Net: NetName=NetLED_Green_2 Pin=R205-1
Removed Pin From Net: NetName=NetIC 101_12 Pin=R205-2
Change Component Comment : Designator=R205 Old Comment=47R New Comment=1k5
Change component parameters: Designator = "R205" ("R205"); Footprint = "RESC1608X55N"; UniqueID = "\QTOPLWLW" ("\QTOPLWLW")
Change component parameters (AddParameter): Name = "Arrow Part Number"; Value = ""; VariantName = "[No Variations]"
Change component parameters (AddParameter): Name = "Arrow Price/Stock"; Value = ""; VariantName = "[No Variations]"
Change component parameters (AddParameter): Name = "Datasheet Link"; Value = "https://industrial.panasonic.com/cdbs/www-data/pdf/RDA0000/AOA0000C84.pdf"; VariantName = "[No Variations]"
Change component parameters (AddParameter): Name = "Height"; Value = "0.26mm"; VariantName = "[No Variations]"
Change component parameters (AddParameter): Name = "Manufacturer_Name"; Value = "Panasonic"; VariantName = "[No Variations]"
Change component parameters (AddParameter): Name = "Manufacturer_Part_Number"; Value = "ERJ1GNF1501C"; VariantName = "[No Variations]"
Change component parameters (AddParameter): Name = "Mouser Part Number"; Value = ""; VariantName = "[No Variations]"
Change component parameters (AddParameter): Name = "Mouser Price/Stock"; Value = ""; VariantName = "[No Variations]"
Added Component: Designator=R217(RESC1608X55N)
Add component (AddParameter): Name = "Arrow Part Number"; Value = ""; VariantName = "[No Variations]"
Add component (AddParameter): Name = "Arrow Price/Stock"; Value = ""; VariantName = "[No Variations]"
Add component (AddParameter): Name = "Datasheet Link"; Value = "https://industrial.panasonic.com/cdbs/www-data/pdf/RDA0000/AOA0000C84.pdf"; VariantName = "[No Variations]"
Add component (AddParameter): Name = "Height"; Value = "0.26mm"; VariantName = "[No Variations]"
Add component (AddParameter): Name = "Manufacturer_Name"; Value = "Panasonic"; VariantName = "[No Variations]"
Add component (AddParameter): Name = "Manufacturer_Part_Number"; Value = "ERJ1GNF1501C"; VariantName = "[No Variations]"
Add component (AddParameter): Name = "Mouser Part Number"; Value = ""; VariantName = "[No Variations]"
Add component (AddParameter): Name = "Mouser Price/Stock"; Value = ""; VariantName = "[No Variations]"
Added Pin To Net: NetName=NetLED_Green_2 Pin=R203-1
Added Pin To Net: NetName=NetIC 101_12 Pin=R203-2
Added Pin To Net: NetName=NetLED_Amber_2 Pin=R205-1
Added Pin To Net: NetName=+5 Pin=R205-2
Added Pin To Net: NetName=NetLED_Amber_2 Pin=R217-1
Added Pin To Net: NetName=+5 Pin=R217-2
Added Member To Class: ClassName=modFOC-Sensing Member=Component R217 1k5
