Removed Pin From Net: NetName=3V3 Pin=C113-1
Removed Pin From Net: NetName=GND Pin=C113-2
Removed Pin From Net: NetName=VB+ Pin=C301-1
Removed Pin From Net: NetName=GND Pin=C301-2
Removed Pin From Net: NetName=VB+ Pin=C302-1
Removed Pin From Net: NetName=GND Pin=C302-2
Removed Pin From Net: NetName=VB+ Pin=C303-1
Removed Pin From Net: NetName=GND Pin=C303-2
Removed Pin From Net: NetName=NetQ301_1 Pin=R301-1
Removed Pin From Net: NetName=GND Pin=R301-2
Removed Pin From Net: NetName=NetIC300_9 Pin=R301-3
Removed Pin From Net: NetName=NetIC300_10 Pin=R301-4
Removed Pin From Net: NetName=NetQ303_1 Pin=R302-1
Removed Pin From Net: NetName=GND Pin=R302-2
Removed Pin From Net: NetName=NetIC300_12 Pin=R302-3
Removed Pin From Net: NetName=NetIC300_11 Pin=R302-4
Removed Member From Class: ClassName=modFOC-Powerstage Member=C301
Removed Member From Class: ClassName=modFOC-Powerstage Member=C302
Removed Member From Class: ClassName=modFOC-Powerstage Member=C303
Removed Member From Class: ClassName=modFOC-Powerstage Member=R301
Removed Member From Class: ClassName=modFOC-Powerstage Member=R302
Change Component Footprint: Designator=C113 Old Footprint=CAPC1608X87N New Footprint=CAPC2012X140N
Change Component Comment : Designator=C113 Old Comment=470nF New Comment=470nF/100V
Change component parameters: Designator = "C113" ("C113"); Footprint = "CAPC1608X87N"; UniqueID = "\LNPCQAXF" ("\LNPCQAXF")
Change component parameters (AddParameter): Name = "Arrow Part Number"; Value = ""; VariantName = "[No Variations]"
Change component parameters (AddParameter): Name = "Arrow Price/Stock"; Value = ""; VariantName = "[No Variations]"
Change component parameters (AddParameter): Name = "Datasheet Link"; Value = "http://datasheets.avx.com/X7RDielectric.pdf"; VariantName = "[No Variations]"
Change component parameters (AddParameter): Name = "Height"; Value = "1.4mm"; VariantName = "[No Variations]"
Change component parameters (AddParameter): Name = "Manufacturer_Name"; Value = "AVX"; VariantName = "[No Variations]"
Change component parameters (AddParameter): Name = "Manufacturer_Part_Number"; Value = "08051C474KAT2A"; VariantName = "[No Variations]"
Change component parameters (AddParameter): Name = "Mouser Part Number"; Value = "581-08051C474KAT2A"; VariantName = "[No Variations]"
Change component parameters (AddParameter): Name = "Mouser Price/Stock"; Value = "https://www.mouser.co.uk/ProductDetail/AVX/08051C474KAT2A?qs=%2FjdEcI0p95Mz%2FN5KbrGN6Q%3D%3D"; VariantName = "[No Variations]"
Added Component: Designator=C?(CAPC2012X140N)
Add component (AddParameter): Name = "Arrow Part Number"; Value = ""; VariantName = "[No Variations]"
Add component (AddParameter): Name = "Arrow Price/Stock"; Value = ""; VariantName = "[No Variations]"
Add component (AddParameter): Name = "Datasheet Link"; Value = "http://datasheets.avx.com/X7RDielectric.pdf"; VariantName = "[No Variations]"
Add component (AddParameter): Name = "Height"; Value = "1.4mm"; VariantName = "[No Variations]"
Add component (AddParameter): Name = "Manufacturer_Name"; Value = "AVX"; VariantName = "[No Variations]"
Add component (AddParameter): Name = "Manufacturer_Part_Number"; Value = "08051C474KAT2A"; VariantName = "[No Variations]"
Add component (AddParameter): Name = "Mouser Part Number"; Value = "581-08051C474KAT2A"; VariantName = "[No Variations]"
Add component (AddParameter): Name = "Mouser Price/Stock"; Value = "https://www.mouser.co.uk/ProductDetail/AVX/08051C474KAT2A?qs=%2FjdEcI0p95Mz%2FN5KbrGN6Q%3D%3D"; VariantName = "[No Variations]"
Added Component: Designator=C?(CAPC2012X140N)
Add component (AddParameter): Name = "Arrow Part Number"; Value = ""; VariantName = "[No Variations]"
Add component (AddParameter): Name = "Arrow Price/Stock"; Value = ""; VariantName = "[No Variations]"
Add component (AddParameter): Name = "Datasheet Link"; Value = "http://datasheets.avx.com/X7RDielectric.pdf"; VariantName = "[No Variations]"
Add component (AddParameter): Name = "Height"; Value = "1.4mm"; VariantName = "[No Variations]"
Add component (AddParameter): Name = "Manufacturer_Name"; Value = "AVX"; VariantName = "[No Variations]"
Add component (AddParameter): Name = "Manufacturer_Part_Number"; Value = "08051C474KAT2A"; VariantName = "[No Variations]"
Add component (AddParameter): Name = "Mouser Part Number"; Value = "581-08051C474KAT2A"; VariantName = "[No Variations]"
Add component (AddParameter): Name = "Mouser Price/Stock"; Value = "https://www.mouser.co.uk/ProductDetail/AVX/08051C474KAT2A?qs=%2FjdEcI0p95Mz%2FN5KbrGN6Q%3D%3D"; VariantName = "[No Variations]"
Added Component: Designator=C?(CAPC2012X140N)
Add component (AddParameter): Name = "Arrow Part Number"; Value = ""; VariantName = "[No Variations]"
Add component (AddParameter): Name = "Arrow Price/Stock"; Value = ""; VariantName = "[No Variations]"
Add component (AddParameter): Name = "Datasheet Link"; Value = "http://datasheets.avx.com/X7RDielectric.pdf"; VariantName = "[No Variations]"
Add component (AddParameter): Name = "Height"; Value = "1.4mm"; VariantName = "[No Variations]"
Add component (AddParameter): Name = "Manufacturer_Name"; Value = "AVX"; VariantName = "[No Variations]"
Add component (AddParameter): Name = "Manufacturer_Part_Number"; Value = "08051C474KAT2A"; VariantName = "[No Variations]"
Add component (AddParameter): Name = "Mouser Part Number"; Value = "581-08051C474KAT2A"; VariantName = "[No Variations]"
Add component (AddParameter): Name = "Mouser Price/Stock"; Value = "https://www.mouser.co.uk/ProductDetail/AVX/08051C474KAT2A?qs=%2FjdEcI0p95Mz%2FN5KbrGN6Q%3D%3D"; VariantName = "[No Variations]"
Added Component: Designator=R212(RESC0603X26N)
Add component (AddParameter): Name = "Arrow Part Number"; Value = "ERJ1GNF1003C"; VariantName = "[No Variations]"
Add component (AddParameter): Name = "Arrow Price/Stock"; Value = "https://www.arrow.com/en/products/erj1gnf1003c/panasonic"; VariantName = "[No Variations]"
Add component (AddParameter): Name = "Datasheet Link"; Value = "https://industrial.panasonic.com/cdbs/www-data/pdf/RDA0000/AOA0000C84.pdf"; VariantName = "[No Variations]"
Add component (AddParameter): Name = "Height"; Value = "0.26mm"; VariantName = "[No Variations]"
Add component (AddParameter): Name = "Manufacturer_Name"; Value = "Panasonic"; VariantName = "[No Variations]"
Add component (AddParameter): Name = "Manufacturer_Part_Number"; Value = "ERJ1GNF1003C"; VariantName = "[No Variations]"
Add component (AddParameter): Name = "Mouser Part Number"; Value = ""; VariantName = "[No Variations]"
Add component (AddParameter): Name = "Mouser Price/Stock"; Value = ""; VariantName = "[No Variations]"
Added Component: Designator=R213(RESC0603X26N)
Add component (AddParameter): Name = "Arrow Part Number"; Value = ""; VariantName = "[No Variations]"
Add component (AddParameter): Name = "Arrow Price/Stock"; Value = ""; VariantName = "[No Variations]"
Add component (AddParameter): Name = "Datasheet Link"; Value = "https://industrial.panasonic.com/cdbs/www-data/pdf/RDA0000/AOA0000C84.pdf"; VariantName = "[No Variations]"
Add component (AddParameter): Name = "Height"; Value = "0.26mm"; VariantName = "[No Variations]"
Add component (AddParameter): Name = "Manufacturer_Name"; Value = "Panasonic"; VariantName = "[No Variations]"
Add component (AddParameter): Name = "Manufacturer_Part_Number"; Value = "ERJ1GNF1501C"; VariantName = "[No Variations]"
Add component (AddParameter): Name = "Mouser Part Number"; Value = ""; VariantName = "[No Variations]"
Add component (AddParameter): Name = "Mouser Price/Stock"; Value = ""; VariantName = "[No Variations]"
Added Component: Designator=R?(WSK12161L000FEA)
Add component (AddParameter): Name = "Arrow Part Number"; Value = ""; VariantName = "[No Variations]"
Add component (AddParameter): Name = "Arrow Price/Stock"; Value = ""; VariantName = "[No Variations]"
Add component (AddParameter): Name = "Datasheet Link"; Value = "http://www.vishay.com/docs/30189/wsk1216.pdf"; VariantName = "[No Variations]"
Add component (AddParameter): Name = "Height"; Value = "1.9mm"; VariantName = "[No Variations]"
Add component (AddParameter): Name = "Manufacturer_Name"; Value = "Vishay"; VariantName = "[No Variations]"
Add component (AddParameter): Name = "Manufacturer_Part_Number"; Value = "WSK1216L5000FEA"; VariantName = "[No Variations]"
Add component (AddParameter): Name = "Mouser Part Number"; Value = ""; VariantName = "[No Variations]"
Add component (AddParameter): Name = "Mouser Price/Stock"; Value = ""; VariantName = "[No Variations]"
Added Component: Designator=R?(WSK12161L000FEA)
Add component (AddParameter): Name = "Arrow Part Number"; Value = ""; VariantName = "[No Variations]"
Add component (AddParameter): Name = "Arrow Price/Stock"; Value = ""; VariantName = "[No Variations]"
Add component (AddParameter): Name = "Datasheet Link"; Value = "http://www.vishay.com/docs/30189/wsk1216.pdf"; VariantName = "[No Variations]"
Add component (AddParameter): Name = "Height"; Value = "1.9mm"; VariantName = "[No Variations]"
Add component (AddParameter): Name = "Manufacturer_Name"; Value = "Vishay"; VariantName = "[No Variations]"
Add component (AddParameter): Name = "Manufacturer_Part_Number"; Value = "WSK1216L5000FEA"; VariantName = "[No Variations]"
Add component (AddParameter): Name = "Mouser Part Number"; Value = ""; VariantName = "[No Variations]"
Add component (AddParameter): Name = "Mouser Price/Stock"; Value = ""; VariantName = "[No Variations]"
Added Pin To Net: NetName=GND Pin=C113-1
Added Pin To Net: NetName=3V3 Pin=C113-2
Added Pin To Net: NetName=GND Pin=C?-1
Added Pin To Net: NetName=GND Pin=C?-1
Added Pin To Net: NetName=GND Pin=C?-1
Added Pin To Net: NetName=VB+ Pin=C?-2
Added Pin To Net: NetName=VB+ Pin=C?-2
Added Pin To Net: NetName=VB+ Pin=C?-2
Added Pin To Net: NetName=NetC205_2 Pin=R212-1
Added Pin To Net: NetName=VB+ Pin=R212-2
Added Pin To Net: NetName=GND Pin=R213-1
Added Pin To Net: NetName=NetC205_2 Pin=R213-2
Added Pin To Net: NetName=GND Pin=R?-1
Added Pin To Net: NetName=GND Pin=R?-1
Added Pin To Net: NetName=NetIC300_10 Pin=R?-2
Added Pin To Net: NetName=NetIC300_11 Pin=R?-2
Added Pin To Net: NetName=NetIC300_9 Pin=R?-3
Added Pin To Net: NetName=NetIC300_12 Pin=R?-3
Added Pin To Net: NetName=NetQ301_1 Pin=R?-4
Added Pin To Net: NetName=NetQ303_1 Pin=R?-4
Added Member To Class: ClassName=modFOC-Powerstage Member=Component C? 470nF/100V
Added Member To Class: ClassName=modFOC-Powerstage Member=Component C? 470nF/100V
Added Member To Class: ClassName=modFOC-Powerstage Member=Component C? 470nF/100V
Added Member To Class: ClassName=modFOC-Sensing Member=Component R212 100k
Added Member To Class: ClassName=modFOC-Sensing Member=Component R213 1k5
Added Member To Class: ClassName=modFOC-Powerstage Member=Component R? 5mR/3W
Added Member To Class: ClassName=modFOC-Powerstage Member=Component R? 5mR/3W
