Drill Listing
=============
Drill: .01181  Tool: 1  Feed: 95  Speed: 300
X 396653  Y 403740
X 396850  Y 413582
X 406692  Y 397244
X 413779  Y 397637
X 418110  Y 404330
X 421259  Y 397637
X 426771  Y 417913
X 426771  Y 411614
X 435236  Y 417322
X 437204  Y 397834
X 443110  Y 397637
X 445275  Y 413385
X 450000  Y 419685
X 453543  Y 419488
X 461811  Y 410826
X 462401  Y 399606
X 477952  Y 399606
X 488582  Y 396850
X 491535  Y 420472
X 495078  Y 397440
X 497244  Y 402952
X 499015  Y 418897
X 500393  Y 403937
X 500590  Y 397440
X 503937  Y 410236
X 505511  Y 413188
X 506102  Y 416338
X 507283  Y 410236
X 520472  Y 411023
X 520472  Y 403937
X 520472  Y 407480
X 524606  Y 419881
X 525590  Y 415748
X 528543  Y 419881
X 536614  Y 408661
X 538188  Y 419881
X 539763  Y 413582
X 542125  Y 419881
X 543700  Y 413582
X 558661  Y 413976
X 559842  Y 397244
X 560433  Y 421456
X 566338  Y 397047
X 570866  Y 397047
X 571259  Y 413976
X 572244  Y 407677
X 574409  Y 421456
X 582283  Y 414566
X 586023  Y 403740
X 579133  Y 443307
X 574409  Y 434055
X 570275  Y 427755
X 570275  Y 443307
X 564763  Y 427755
X 564763  Y 443307
X 560433  Y 434055
X 556692  Y 443307
X 551968  Y 442716
X 541535  Y 445275
X 537204  Y 442716
X 532874  Y 440944
X 532874  Y 445275
X 528543  Y 442716
X 524212  Y 445275
X 524212  Y 440944
X 517322  Y 437401
X 507874  Y 444881
X 505314  Y 432677
X 500787  Y 433464
X 498228  Y 422834
X 497834  Y 444291
X 491338  Y 432677
X 490748  Y 444488
X 477165  Y 436614
X 477165  Y 424803
X 474803  Y 430905
X 470866  Y 434448
X 470866  Y 427362
X 466929  Y 430905
X 464960  Y 436614
X 464960  Y 424803
X 454724  Y 446653
X 450393  Y 432677
X 448622  Y 424803
X 447047  Y 433267
X 446259  Y 422244
X 445275  Y 426181
X 439370  Y 432480
X 437401  Y 428740
X 437204  Y 422244
X 436417  Y 434055
X 434645  Y 437007
X 426771  Y 441929
X 426771  Y 424212
X 424015  Y 439370
X 423425  Y 434448
X 423228  Y 442913
X 418307  Y 434645
X 414960  Y 445669
X 409055  Y 435039
X 396850  Y 443700
X 396653  Y 423622
X 396653  Y 433661
X 402362  Y 463582
X 402362  Y 453740
X 414960  Y 457874
X 414960  Y 470078
X 423031  Y 449212
X 423228  Y 457283
X 423622  Y 461023
X 423622  Y 469488
X 423622  Y 464566
X 428937  Y 456692
X 430511  Y 449212
X 436023  Y 448818
X 436220  Y 468110
X 454133  Y 460826
X 458464  Y 463779
X 458464  Y 449803
X 464566  Y 468700
X 467716  Y 467322
X 470078  Y 464763
X 477165  Y 457677
X 486023  Y 465944
X 486220  Y 462007
X 499409  Y 449015
X 501377  Y 462401
X 501771  Y 470275
X 516141  Y 453346
X 516535  Y 464960
X 523818  Y 468897
X 531102  Y 451968
X 535039  Y 451968
X 544685  Y 451968
X 548622  Y 451968
X 564173  Y 456102
X 564173  Y 463385
X 564763  Y 471456
X 569094  Y 463582
X 570472  Y 451968
X 576771  Y 463582
X 576771  Y 456102
X 576771  Y 471456
X 581496  Y 463582
X 580118  Y 481102
X 574212  Y 484842
X 570472  Y 475590
X 570078  Y 491141
X 564566  Y 491141
X 561023  Y 484842
X 558661  Y 474606
X 549212  Y 484842
X 548228  Y 477165
X 543897  Y 474606
X 541929  Y 484055
X 539566  Y 472834
X 539566  Y 477165
X 537992  Y 484055
X 535236  Y 474606
X 530905  Y 477165
X 530905  Y 472834
X 528149  Y 484055
X 524212  Y 484055
X 512795  Y 490551
X 505511  Y 472834
X 503740  Y 490551
X 503740  Y 487007
X 503543  Y 483267
X 500196  Y 482086
X 497440  Y 480118
X 493110  Y 476377
X 486220  Y 481889
X 486023  Y 494685
X 478937  Y 487598
X 473031  Y 493700
X 472047  Y 481889
X 466338  Y 475000
X 464173  Y 472244
X 452165  Y 496456
X 452165  Y 491732
X 452165  Y 487007
X 451574  Y 480511
X 439566  Y 480905
X 439370  Y 487992
X 428149  Y 475196
X 425000  Y 479527
X 423622  Y 482874
X 423622  Y 495078
X 423622  Y 473425
X 423425  Y 488779
X 414960  Y 483464
X 414960  Y 495669
X 402952  Y 491535
X 401377  Y 474015
X 397047  Y 483661
X 397047  Y 503543
X 397244  Y 514173
X 414960  Y 507874
X 420078  Y 518700
X 423425  Y 500984
X 423622  Y 507283
X 429921  Y 510629
X 434448  Y 510039
X 439173  Y 508070
X 439763  Y 512401
X 439763  Y 500984
X 450787  Y 514370
X 451181  Y 509842
X 456889  Y 512992
X 457086  Y 516929
X 460629  Y 516929
X 465748  Y 519094
X 471456  Y 501181
X 472440  Y 507874
X 474803  Y 521259
X 479527  Y 497244
X 479921  Y 513188
X 487204  Y 506102
X 487795  Y 513385
X 503740  Y 497440
X 504330  Y 507086
X 504330  Y 513385
X 506496  Y 510236
X 510826  Y 500590
X 517125  Y 500393
X 517322  Y 521259
X 524212  Y 508661
X 524212  Y 504330
X 528543  Y 506102
X 532874  Y 508661
X 532874  Y 504330
X 535629  Y 518700
X 537204  Y 506102
X 541535  Y 508661
X 551968  Y 506102
X 556692  Y 504724
X 557283  Y 509448
X 561023  Y 497440
X 574212  Y 497440
X 578937  Y 504724
X 546653  Y 527362
X 545669  Y 539566
X 543700  Y 522440
X 539763  Y 522440
X 539173  Y 539370
X 536417  Y 532480
X 524015  Y 522047
X 512401  Y 526377
X 508267  Y 532677
X 506496  Y 540354
X 502755  Y 523818
X 498031  Y 535433
X 491338  Y 534645
X 481102  Y 527952
X 474803  Y 524803
X 474803  Y 528346
X 465551  Y 526968
X 465354  Y 523031
X 454921  Y 531889
X 448425  Y 531692
X 445078  Y 527362
X 428937  Y 540354
X 425984  Y 530314
X 423031  Y 534645
X 418503  Y 534448
X 412007  Y 539763
X 404724  Y 522834
X 403346  Y 533267

Drill: .0315  Tool: 2  Feed: 197  Speed: 550
X 571259  Y 531889
X 571259  Y 522047

Drill: .04331  Tool: 3  Feed: 139  Speed: 550
X 398700  Y 418700
X 398700  Y 408700
X 398700  Y 398700
X 398700  Y 438700
X 398700  Y 428700
X 454527  Y 398700
X 588700  Y 408700
X 588700  Y 428700
X 588700  Y 438700
X 588700  Y 398700
X 588700  Y 418700
X 588700  Y 468700
X 588700  Y 458700
X 588700  Y 448700
X 588700  Y 488700
X 588700  Y 478700
X 435039  Y 484094
X 435039  Y 494094
X 398700  Y 458700
X 398700  Y 448700
X 398700  Y 468700
X 398700  Y 488700
X 398700  Y 478700
X 398700  Y 518700
X 398700  Y 508700
X 398700  Y 498700
X 398700  Y 528700
X 398700  Y 538700
X 435039  Y 504094
X 588700  Y 518700
X 588700  Y 508700
X 588700  Y 528700
X 588700  Y 498700
X 588700  Y 538700

End of Listing
