Change Net Name : Old Net Name=NetC109_2 New Net Name=VCC_CORE
Change Net Name : Old Net Name=NetC204_2 New Net Name=ADC_I0_P
Change Net Name : Old Net Name=NetC205_2 New Net Name=ADC_VM
Change Net Name : Old Net Name=NetC206_2 New Net Name=ADC_I1_P
Change Net Name : Old Net Name=NetC300_2 New Net Name=DVDD
Change Net Name : Old Net Name=NetC305_1 New Net Name=VB+
Change Net Name : Old Net Name=NetC305_2 New Net Name=VCP
Change Net Name : Old Net Name=NetCON101_5 New Net Name=SPI_SCK
Change Net Name : Old Net Name=NetCON101_6 New Net Name=SPI_MOSI
Change Net Name : Old Net Name=NetCON101_7 New Net Name=SPI_MISO
Change Net Name : Old Net Name=NetIC 101_6 New Net Name=SPI_NSCS
Change Net Name : Old Net Name=NetIC 101_10 New Net Name=UART_RX
Change Net Name : Old Net Name=NetIC 101_11 New Net Name=UART_TX
Change Net Name : Old Net Name=NetIC 101_12 New Net Name=STATUS
Change Net Name : Old Net Name=NetIC 101_17 New Net Name=ADC_I0_N
Change Net Name : Old Net Name=NetIC 101_19 New Net Name=ADC_I1_N
Change Net Name : Old Net Name=NetIC 101_32 New Net Name=ENO
Change Net Name : Old Net Name=NetIC 101_50 New Net Name=NRST
Change Net Name : Old Net Name=NetIC 101_51 New Net Name=CLK 25
Change Net Name : Old Net Name=NetIC 101_71 New Net Name=EN_C
Change Net Name : Old Net Name=NetIC200_2 New Net Name=HALL_U
Change Net Name : Old Net Name=NetIC200_5 New Net Name=HALL_V
Change Net Name : Old Net Name=NetIC200_7 New Net Name=HALL_W
Change Net Name : Old Net Name=NetIC300_6 New Net Name=GHA
Change Net Name : Old Net Name=NetIC300_7 New Net Name=SHA
Change Net Name : Old Net Name=NetIC300_8 New Net Name=GLA
Change Net Name : Old Net Name=NetIC300_9 New Net Name=SPA
Change Net Name : Old Net Name=NetIC300_10 New Net Name=SNA
Change Net Name : Old Net Name=NetIC300_11 New Net Name=SNB
Change Net Name : Old Net Name=NetIC300_12 New Net Name=SPB
Change Net Name : Old Net Name=NetIC300_13 New Net Name=GLB
Change Net Name : Old Net Name=NetIC300_14 New Net Name=SHB
Change Net Name : Old Net Name=NetIC300_15 New Net Name=GHB
Change Net Name : Old Net Name=NetIC300_16 New Net Name=GHC
Change Net Name : Old Net Name=NetIC300_17 New Net Name=SHC
Change Net Name : Old Net Name=NetIC300_18 New Net Name=GLC
Change Net Name : Old Net Name=NetIC300_22 New Net Name=ADC_IN_1
Change Net Name : Old Net Name=NetIC300_23 New Net Name=ADC_IN_0
Change Net Name : Old Net Name=NetIC300_25 New Net Name=NFAULT
Change Net Name : Old Net Name=NetIC300_30 New Net Name=ENABLE
Change Net Name : Old Net Name=NetIC300_31 New Net Name=CAL
Change Net Name : Old Net Name=NetIC300_34 New Net Name=PWM_W_H
Change Net Name : Old Net Name=NetIC300_35 New Net Name=PWM_W_L
Change Net Name : Old Net Name=NetIC300_36 New Net Name=PWM_V_H
Change Net Name : Old Net Name=NetIC300_37 New Net Name=PWM_V_L
Change Net Name : Old Net Name=NetIC300_38 New Net Name=PWM_U_H
Change Net Name : Old Net Name=NetIC300_39 New Net Name=PWM_U_L
Change Net Name : Old Net Name=NetR303_2 New Net Name=EN_A
Added Room: Name=modFOC-Motion_Controller
Added Room: Name=modFOC-Powerstage
Added Room: Name=modFOC-Sensing
