Added Component: Designator=C317(CAPC1608X97N)
Add component (AddParameter): Name = "Arrow Part Number"; Value = ""; VariantName = "[No Variations]"
Add component (AddParameter): Name = "Arrow Price/Stock"; Value = ""; VariantName = "[No Variations]"
Add component (AddParameter): Name = "Datasheet Link"; Value = "http://www.vishay.com/docs/45226/vj31xrohsautomlcc.pdf"; VariantName = "[No Variations]"
Add component (AddParameter): Name = "Height"; Value = "1mm"; VariantName = "[No Variations]"
Add component (AddParameter): Name = "Manufacturer_Name"; Value = "Vishay"; VariantName = "[No Variations]"
Add component (AddParameter): Name = "Manufacturer_Part_Number"; Value = "VJ0603Y104JXJAC"; VariantName = "[No Variations]"
Add component (AddParameter): Name = "Mouser Part Number"; Value = "77-VJ0603Y104JXJAC"; VariantName = "[No Variations]"
Add component (AddParameter): Name = "Mouser Price/Stock"; Value = "https://www.mouser.com/Search/Refine.aspx?Keyword=77-VJ0603Y104JXJAC"; VariantName = "[No Variations]"
Added Component: Designator=C318(CAPC1608X97N)
Add component (AddParameter): Name = "Arrow Part Number"; Value = ""; VariantName = "[No Variations]"
Add component (AddParameter): Name = "Arrow Price/Stock"; Value = ""; VariantName = "[No Variations]"
Add component (AddParameter): Name = "Datasheet Link"; Value = "http://www.vishay.com/docs/45226/vj31xrohsautomlcc.pdf"; VariantName = "[No Variations]"
Add component (AddParameter): Name = "Height"; Value = "1mm"; VariantName = "[No Variations]"
Add component (AddParameter): Name = "Manufacturer_Name"; Value = "Vishay"; VariantName = "[No Variations]"
Add component (AddParameter): Name = "Manufacturer_Part_Number"; Value = "VJ0603Y104JXJAC"; VariantName = "[No Variations]"
Add component (AddParameter): Name = "Mouser Part Number"; Value = "77-VJ0603Y104JXJAC"; VariantName = "[No Variations]"
Add component (AddParameter): Name = "Mouser Price/Stock"; Value = "https://www.mouser.com/Search/Refine.aspx?Keyword=77-VJ0603Y104JXJAC"; VariantName = "[No Variations]"
Added Pin To Net: NetName=GND Pin=C317-1
Added Pin To Net: NetName=NetC300_2 Pin=C317-2
Added Pin To Net: NetName=GND Pin=C318-1
Added Pin To Net: NetName=NetC300_2 Pin=C318-2
Added Member To Class: ClassName=modFOC-Powerstage Member=Component C317 100nF/63V
Added Member To Class: ClassName=modFOC-Powerstage Member=Component C318 100nF/63V
Added Room: Name=modFOC-Motion_Controller
Added Room: Name=modFOC-Powerstage
Added Room: Name=modFOC-Sensing
