Change Component Designator: Old Designator=C? New Designator=C100
Change Component Designator: Old Designator=C? New Designator=C101
Change Component Designator: Old Designator=C? New Designator=C102
Change Component Designator: Old Designator=C? New Designator=C103
Change Component Designator: Old Designator=C? New Designator=C104
Change Component Designator: Old Designator=C? New Designator=C105
Change Component Designator: Old Designator=C? New Designator=C106
Change Component Designator: Old Designator=C? New Designator=C107
Change Component Designator: Old Designator=C? New Designator=C108
Change Component Designator: Old Designator=C? New Designator=C109
Change Component Designator: Old Designator=C? New Designator=C110
Change Component Designator: Old Designator=C? New Designator=C111
Change Component Designator: Old Designator=C? New Designator=C112
Change Component Designator: Old Designator=C? New Designator=C113
Change Component Designator: Old Designator=C? New Designator=C114
Change Component Designator: Old Designator=C? New Designator=C115
Change Component Designator: Old Designator=C? New Designator=C116
Change Component Designator: Old Designator=CON? New Designator=CON100
Change Component Designator: Old Designator=IC ? New Designator=IC 100
Change Component Designator: Old Designator=IC? New Designator=IC100
Change Component Designator: Old Designator=IC? New Designator=IC101
Change Component Designator: Old Designator=J? New Designator=J100
Change Component Designator: Old Designator=L? New Designator=L100
Change Component Designator: Old Designator=R? New Designator=R100
Change Component Designator: Old Designator=R? New Designator=R101
Change Component Designator: Old Designator=R? New Designator=R102
Change Component Designator: Old Designator=S? New Designator=S100
Change Component Designator: Old Designator=SB? New Designator=SB100
Change Component Designator: Old Designator=SB? New Designator=SB101
Change Component Designator: Old Designator=SB? New Designator=SB102
Change Component Designator: Old Designator=SB? New Designator=SB103
Change Component Designator: Old Designator=SB? New Designator=SB104
Change Component Designator: Old Designator=SB? New Designator=SB105
Change Component Designator: Old Designator=SB? New Designator=SB106
Change Component Designator: Old Designator=SB? New Designator=SB107
Change Component Designator: Old Designator=XTL? New Designator=XTL100
