Added Component: Designator=Vbat+(PW_PAD_SMOL)
Added Component: Designator=Vbat-(PW_PAD_SMOL)
Added Pin To Net: NetName=VB+ Pin=C316-2
Added Pin To Net: NetName=VB+ Pin=Vbat+-1
Added Pin To Net: NetName=VB+ Pin=Vbat+-1
Added Pin To Net: NetName=VB+ Pin=Vbat+-1
Added Pin To Net: NetName=VB+ Pin=Vbat+-1
Added Pin To Net: NetName=VB+ Pin=Vbat+-1
Added Pin To Net: NetName=VB+ Pin=Vbat+-1
Added Pin To Net: NetName=VB+ Pin=Vbat+-1
Added Pin To Net: NetName=VB+ Pin=Vbat+-1
Added Pin To Net: NetName=VB+ Pin=Vbat+-1
Added Pin To Net: NetName=VB+ Pin=Vbat+-1
Added Pin To Net: NetName=VB+ Pin=Vbat+-1
Added Pin To Net: NetName=GND Pin=Vbat--1
Added Pin To Net: NetName=GND Pin=Vbat--1
Added Pin To Net: NetName=GND Pin=Vbat--1
Added Pin To Net: NetName=GND Pin=Vbat--1
Added Pin To Net: NetName=GND Pin=Vbat--1
Added Pin To Net: NetName=GND Pin=Vbat--1
Added Pin To Net: NetName=GND Pin=Vbat--1
Added Pin To Net: NetName=GND Pin=Vbat--1
Added Pin To Net: NetName=GND Pin=Vbat--1
Added Pin To Net: NetName=GND Pin=Vbat--1
Added Pin To Net: NetName=GND Pin=Vbat--1
Added Member To Class: ClassName=modFOC-Powerstage Member=Component Vbat+ PW_PAD_SMOL
Added Member To Class: ClassName=modFOC-Powerstage Member=Component Vbat- PW_PAD_SMOL
