Removed Pin From Net: NetName=NetIC 101_6 Pin=R100-1
Removed Pin From Net: NetName=3V3 Pin=R100-2
Removed Pin From Net: NetName=NetIC 101_50 Pin=R101-1
Removed Pin From Net: NetName=NetIC 101_19 Pin=R211-1
Removed Pin From Net: NetName=+5 Pin=R211-2
Removed Pin From Net: NetName=GND Pin=R215-1
Removed Pin From Net: NetName=NetIC 101_17 Pin=R215-2
Removed Pin From Net: NetName=GND Pin=R216-1
Removed Pin From Net: NetName=NetIC 101_19 Pin=R216-2
Removed Pin From Net: NetName=NetIC300_30 Pin=R303-1
Removed Pin From Net: NetName=NetIC 101_32 Pin=R303-2
Removed Pin From Net: NetName=NetIC300_31 Pin=R304-1
Removed Pin From Net: NetName=3V3 Pin=R304-2
Added Pin To Net: NetName=3V3 Pin=R100-1
Added Pin To Net: NetName=NetIC 101_50 Pin=R100-2
Added Pin To Net: NetName=NetIC 101_6 Pin=R101-1
Added Pin To Net: NetName=+5 Pin=R211-1
Added Pin To Net: NetName=NetIC 101_19 Pin=R211-2
Added Pin To Net: NetName=NetIC 101_17 Pin=R215-1
Added Pin To Net: NetName=GND Pin=R215-2
Added Pin To Net: NetName=NetIC 101_19 Pin=R216-1
Added Pin To Net: NetName=GND Pin=R216-2
Added Pin To Net: NetName=NetIC 101_32 Pin=R303-1
Added Pin To Net: NetName=NetIC300_30 Pin=R303-2
Added Pin To Net: NetName=3V3 Pin=R304-1
Added Pin To Net: NetName=NetIC300_31 Pin=R304-2
Added Room: Name=modFOC-Motion_Controller
Added Room: Name=modFOC-Powerstage
Added Room: Name=modFOC-Sensing
