Change Component Designator: Old Designator=C100 New Designator=C?
Change Component Designator: Old Designator=C101 New Designator=C?
Change Component Designator: Old Designator=C102 New Designator=C?
Change Component Designator: Old Designator=C103 New Designator=C?
Change Component Designator: Old Designator=C104 New Designator=C?
Change Component Designator: Old Designator=C105 New Designator=C?
Change Component Designator: Old Designator=C106 New Designator=C?
Change Component Designator: Old Designator=C107 New Designator=C?
Change Component Designator: Old Designator=C108 New Designator=C?
Change Component Designator: Old Designator=C109 New Designator=C?
Change Component Designator: Old Designator=C110 New Designator=C?
Change Component Designator: Old Designator=C111 New Designator=C?
Change Component Designator: Old Designator=C112 New Designator=C?
Change Component Designator: Old Designator=C113 New Designator=C?
Change Component Designator: Old Designator=C114 New Designator=C?
Change Component Designator: Old Designator=C115 New Designator=C?
Change Component Designator: Old Designator=C116 New Designator=C?
Change Component Designator: Old Designator=CON101 New Designator=CON?
Change Component Designator: Old Designator=IC 101 New Designator=IC ?
Change Component Designator: Old Designator=IC102 New Designator=IC?
Change Component Designator: Old Designator=IC103 New Designator=IC?
Change Component Designator: Old Designator=J100 New Designator=J?
Change Component Designator: Old Designator=L101 New Designator=L?
Change Component Designator: Old Designator=R100 New Designator=R?
Change Component Designator: Old Designator=R101 New Designator=R?
Change Component Designator: Old Designator=R102 New Designator=R?
Change Component Designator: Old Designator=S100 New Designator=S?
Change Component Designator: Old Designator=SB100 New Designator=SB?
Change Component Designator: Old Designator=SB101 New Designator=SB?
Change Component Designator: Old Designator=SB102 New Designator=SB?
Change Component Designator: Old Designator=SB103 New Designator=SB?
Change Component Designator: Old Designator=SB104 New Designator=SB?
Change Component Designator: Old Designator=SB105 New Designator=SB?
Change Component Designator: Old Designator=SB106 New Designator=SB?
Change Component Designator: Old Designator=SB107 New Designator=SB?
Change Component Designator: Old Designator=XTL101 New Designator=XTL?
