Change Component Designator: Old Designator=C200 New Designator=C?
Change Component Designator: Old Designator=C201 New Designator=C?
Change Component Designator: Old Designator=C202 New Designator=C?
Change Component Designator: Old Designator=C203 New Designator=C?
Change Component Designator: Old Designator=C204 New Designator=C?
Change Component Designator: Old Designator=C205 New Designator=C?
Change Component Designator: Old Designator=C206 New Designator=C?
Change Component Designator: Old Designator=D200 New Designator=D?
Change Component Designator: Old Designator=IC200 New Designator=IC?
Change Component Designator: Old Designator=J200 New Designator=J?
Change Component Designator: Old Designator=LED_Amber New Designator=LED_Amber?
Change Component Designator: Old Designator=LED_Blue New Designator=LED_Blue?
Change Component Designator: Old Designator=LED_Green New Designator=LED_Green?
Change Component Designator: Old Designator=R200 New Designator=R?
Change Component Designator: Old Designator=R201 New Designator=R?
Change Component Designator: Old Designator=R202 New Designator=R?
Change Component Designator: Old Designator=R203 New Designator=R?
Change Component Designator: Old Designator=R204 New Designator=R?
Change Component Designator: Old Designator=R205 New Designator=R?
Change Component Designator: Old Designator=R206 New Designator=R?
Change Component Designator: Old Designator=R207 New Designator=R?
Change Component Designator: Old Designator=R208 New Designator=R?
Change Component Designator: Old Designator=R209 New Designator=R?
Change Component Designator: Old Designator=R210 New Designator=R?
Change Component Designator: Old Designator=R211 New Designator=R?
Change Component Designator: Old Designator=R212 New Designator=R?
Change Component Designator: Old Designator=R213 New Designator=R?
Change Component Designator: Old Designator=R214 New Designator=R?
Change Component Designator: Old Designator=R215 New Designator=R?
Change Component Designator: Old Designator=R216 New Designator=R?
Change Component Designator: Old Designator=R217 New Designator=R?
