Removed Pin From Net: NetName=PGND Pin=J3-1
Removed Pin From Net: NetName=PGND Pin=J3-2
Removed Pin From Net: NetName=PGND Pin=J3-3
Removed Pin From Net: NetName=PGND Pin=J3-4
Removed Pin From Net: NetName=AGND Pin=J4-7
Removed Pin From Net: NetName=AGND Pin=J4-8
Removed Pin From Net: NetName=PGND Pin=J4-9
Removed Pin From Net: NetName=PGND Pin=J4-10
Removed Pin From Net: NetName=NetJ5_1 Pin=J5-1
Removed Pin From Net: NetName=NetJ5_2 Pin=J5-2
Removed Pin From Net: NetName=3V3 Pin=J5-3
Removed Pin From Net: NetName=3V3 Pin=J5-4
Removed Pin From Net: NetName=3V3 Pin=J5-5
Removed Pin From Net: NetName=+5 Pin=J5-6
Removed Pin From Net: NetName=+5 Pin=J5-7
Removed Pin From Net: NetName=+5 Pin=J5-8
Removed Pin From Net: NetName=+5 Pin=J5-9
Removed Pin From Net: NetName=+5 Pin=J5-10
Removed Pin From Net: NetName=PGND Pin=J6-1
Removed Pin From Net: NetName=PGND Pin=J6-2
Removed Pin From Net: NetName=PGND Pin=J6-3
Removed Pin From Net: NetName=PGND Pin=J6-4
Removed Pin From Net: NetName=Vout Pin=J6-5
Removed Pin From Net: NetName=Vout Pin=J6-6
Removed Pin From Net: NetName=Vout Pin=J6-7
Removed Pin From Net: NetName=Vout Pin=J6-8
Removed Pin From Net: NetName=Vout Pin=J6-9
Removed Pin From Net: NetName=Vout Pin=J6-10
Removed Pin From Net: NetName=3V3 Pin=R19-1
Removed Pin From Net: NetName=3V3 Pin=R20-1
Removed Member From Class: ClassName=modFOC-IO Member=J3
Removed Member From Class: ClassName=modFOC-IO Member=J4
Removed Member From Class: ClassName=modFOC-IO Member=J5
Removed Member From Class: ClassName=modFOC-IO Member=J6
Removed Member From Class: ClassName=modFOC-IO Member=R19
Removed Member From Class: ClassName=modFOC-IO Member=R20
Change Net Name : Old Net Name=NetJ5_1 New Net Name=NetJ8_2
Change Net Name : Old Net Name=NetJ5_2 New Net Name=NetJ8_3
Added Pin To Net: NetName=NetMCU1_18 Pin=MCU1-18
Added Net: Name=NetMCU1_18
Added Pin To Net: NetName=NetMCU1_19 Pin=MCU1-19
Added Net: Name=NetMCU1_19
Added Pin To Net: NetName=NetMCU1_20 Pin=MCU1-20
Added Net: Name=NetMCU1_20
Added Pin To Net: NetName=NetMCU1_21 Pin=MCU1-21
Added Net: Name=NetMCU1_21
Added Pin To Net: NetName=NetMCU1_22 Pin=MCU1-22
Added Net: Name=NetMCU1_22
