Change Net Name : Old Net Name=NetC7_1 New Net Name=STM32-VDDA
Change Net Name : Old Net Name=NetC12_1 New Net Name=STM32-NRST
Change Net Name : Old Net Name=NetCL1_2 New Net Name=STM32-XC_IN
Change Net Name : Old Net Name=NetCL2_2 New Net Name=STM32-XC_OUT
Change Net Name : Old Net Name=NetIC11_2 New Net Name=STM32-CAN-TRCV-TX
Change Net Name : Old Net Name=NetIC11_3 New Net Name=STM32-CAN-TRCV-RX
Change Net Name : Old Net Name=NetJ1_2 New Net Name=STM32-SWDIO
Change Net Name : Old Net Name=NetJ1_4 New Net Name=STM32-SWCLK
Change Net Name : Old Net Name=NetJ1_6 New Net Name=STM32-SWO
Change Net Name : Old Net Name=NetJ7_2 New Net Name=STM32-SPI-CON-CS
Change Net Name : Old Net Name=NetJ7_3 New Net Name=STM32-SPI-CON-MISO
Change Net Name : Old Net Name=NetJ7_4 New Net Name=STM32-SPI-CON-MOSI
Change Net Name : Old Net Name=NetJ7_5 New Net Name=STM32-SPI-CON-SCK
Change Net Name : Old Net Name=NetJ8_2 New Net Name=STM32-I2C-CON-SCL
Change Net Name : Old Net Name=NetJ8_3 New Net Name=STM32-I2C-CON-SDA
Change Net Name : Old Net Name=NetJ10_2 New Net Name=STM32-UART-CON-RX
Change Net Name : Old Net Name=NetJ10_3 New Net Name=STM32-UART-CON-TX
Change Net Name : Old Net Name=NetJ12_2 New Net Name=STM32-RC-CON-2
Change Net Name : Old Net Name=NetJ12_3 New Net Name=STM32-RC-CON-1
Change Net Name : Old Net Name=NetMCU1_18 New Net Name=STM32-BMS-ALERT
Change Net Name : Old Net Name=NetMCU1_19 New Net Name=STM32-BMS-DFETOFF
Change Net Name : Old Net Name=NetMCU1_20 New Net Name=STM32-BMS-CFETOFF
Change Net Name : Old Net Name=NetMCU1_21 New Net Name=STM32-BMS-RST-SHUT
Change Net Name : Old Net Name=NetMCU1_22 New Net Name=STM32-BMS-I2C-SCL
Change Net Name : Old Net Name=NetMCU1_26 New Net Name=STM32-LED2
Change Net Name : Old Net Name=NetMCU1_30 New Net Name=STM32-LED1
Change Net Name : Old Net Name=NetMCU1_33 New Net Name=STM32-LED3
Change Net Name : Old Net Name=NetMCU1_36 New Net Name=STM32-LED4
Change Net Name : Old Net Name=NetMCU1_57 New Net Name=STM32-SW1-2
Change Net Name : Old Net Name=NetMCU1_61 New Net Name=STM32-BOOT
