Added Component: Designator=R212(RESC1608X55N)
Add component (AddParameter): Name = "Arrow Part Number"; Value = "ERJ1GNF1003C"; VariantName = "[No Variations]"
Add component (AddParameter): Name = "Arrow Price/Stock"; Value = "https://www.arrow.com/en/products/erj1gnf1003c/panasonic"; VariantName = "[No Variations]"
Add component (AddParameter): Name = "Datasheet Link"; Value = "https://industrial.panasonic.com/cdbs/www-data/pdf/RDA0000/AOA0000C84.pdf"; VariantName = "[No Variations]"
Add component (AddParameter): Name = "Height"; Value = "0.26mm"; VariantName = "[No Variations]"
Add component (AddParameter): Name = "Manufacturer_Name"; Value = "Panasonic"; VariantName = "[No Variations]"
Add component (AddParameter): Name = "Manufacturer_Part_Number"; Value = "ERJ1GNF1003C"; VariantName = "[No Variations]"
Add component (AddParameter): Name = "Mouser Part Number"; Value = ""; VariantName = "[No Variations]"
Add component (AddParameter): Name = "Mouser Price/Stock"; Value = ""; VariantName = "[No Variations]"
Added Component: Designator=R213(RESC1608X55N)
Add component (AddParameter): Name = "Arrow Part Number"; Value = ""; VariantName = "[No Variations]"
Add component (AddParameter): Name = "Arrow Price/Stock"; Value = ""; VariantName = "[No Variations]"
Add component (AddParameter): Name = "Datasheet Link"; Value = "https://industrial.panasonic.com/cdbs/www-data/pdf/RDA0000/AOA0000C84.pdf"; VariantName = "[No Variations]"
Add component (AddParameter): Name = "Height"; Value = "0.26mm"; VariantName = "[No Variations]"
Add component (AddParameter): Name = "Manufacturer_Name"; Value = "Panasonic"; VariantName = "[No Variations]"
Add component (AddParameter): Name = "Manufacturer_Part_Number"; Value = "ERJ1GNF1501C"; VariantName = "[No Variations]"
Add component (AddParameter): Name = "Mouser Part Number"; Value = ""; VariantName = "[No Variations]"
Add component (AddParameter): Name = "Mouser Price/Stock"; Value = ""; VariantName = "[No Variations]"
Added Pin To Net: NetName=NetC205_2 Pin=R212-1
Added Pin To Net: NetName=VB+ Pin=R212-2
Added Pin To Net: NetName=GND Pin=R213-1
Added Pin To Net: NetName=NetC205_2 Pin=R213-2
Added Member To Class: ClassName=modFOC-Sensing Member=Component R212 100k
Added Member To Class: ClassName=modFOC-Sensing Member=Component R213 1k5
