Removed Pin From Net: NetName=+5 Pin=C?-1
Removed Pin From Net: NetName=NetR?_1 Pin=R?-1
Removed Pin From Net: NetName=NetMCU?_61 Pin=R?-2
Added Pin To Net: NetName=3V3 Pin=C?-1
Added Pin To Net: NetName=3V3 Pin=C?-1
Added Pin To Net: NetName=3V3 Pin=C?-1
Added Pin To Net: NetName=3V3 Pin=C?-1
Added Pin To Net: NetName=+5 Pin=C?-1
Added Pin To Net: NetName=NetC?_1 Pin=C?-1
Added Pin To Net: NetName=GND Pin=C?-2
Added Pin To Net: NetName=GND Pin=C?-2
Added Pin To Net: NetName=GND Pin=C?-2
Added Pin To Net: NetName=GND Pin=C?-2
Added Pin To Net: NetName=GND Pin=C?-2
Added Pin To Net: NetName=NetJ?_10 Pin=R?-1
Added Pin To Net: NetName=NetR?_1 Pin=R?-1
Added Pin To Net: NetName=3V3 Pin=R?-2
Added Pin To Net: NetName=NetMCU?_55 Pin=R?-2
Added Pin To Net: NetName=NetMCU?_61 Pin=R?-2
Change Class Name : Old Net Name=modFOC-5VSupply New Net Name=modFOC-Powerstage
Added Class: Name=modFOC-5VSupply
Added Member To Class: ClassName=modFOC-Powerstage Member=Component C300 10uF
Added Member To Class: ClassName=modFOC-Powerstage Member=Component C304 47nF/50V
Added Member To Class: ClassName=modFOC-Powerstage Member=Component C305 10uF
Added Member To Class: ClassName=modFOC-Powerstage Member=Component C306 10uF/63V
Added Member To Class: ClassName=modFOC-Powerstage Member=Component C307 100nF/63V
Added Member To Class: ClassName=modFOC-Powerstage Member=Component C308 100nF/63V
Added Member To Class: ClassName=modFOC-Powerstage Member=Component C309 10uF
Added Member To Class: ClassName=modFOC-Powerstage Member=Component C310 10uF
Added Member To Class: ClassName=modFOC-Powerstage Member=Component C? 10uF/63V
Added Member To Class: ClassName=modFOC-Powerstage Member=Component C? 100nF/63V
Added Member To Class: ClassName=modFOC-Powerstage Member=Component C? 100nF/63V
Added Member To Class: ClassName=modFOC-Powerstage Member=Component C? 470nF/100V
Added Member To Class: ClassName=modFOC-Powerstage Member=Component C? 470nF/100V
Added Member To Class: ClassName=modFOC-Powerstage Member=Component C? 10uF/63V
Added Member To Class: ClassName=modFOC-Powerstage Member=Component C? 10uF/63V
Added Member To Class: ClassName=modFOC-Powerstage Member=Component C? 470nF/100V
Added Member To Class: ClassName=modFOC-MCU Member=Component C? 100nF
Added Member To Class: ClassName=modFOC-MCU Member=Component C? 100nF
Added Member To Class: ClassName=modFOC-MCU Member=Component C? 100nF
Added Member To Class: ClassName=modFOC-MCU Member=Component C? 100nF
Added Member To Class: ClassName=modFOC-Sensing Member=Component C? 100pF/63V
Added Member To Class: ClassName=modFOC-Powerstage Member=Component IC300 DRV8323HRTAR
Added Member To Class: ClassName=modFOC-Powerstage Member=Component LED300 RED 2,2V/2mA
Added Member To Class: ClassName=modFOC-Powerstage Member=Component Q300 TPH2R506PL,L1Q
Added Member To Class: ClassName=modFOC-Powerstage Member=Component Q301 TPH2R506PL,L1Q
Added Member To Class: ClassName=modFOC-Powerstage Member=Component Q302 TPH2R506PL,L1Q
Added Member To Class: ClassName=modFOC-Powerstage Member=Component Q303 TPH2R506PL,L1Q
Added Member To Class: ClassName=modFOC-Powerstage Member=Component Q304 TPH2R506PL,L1Q
Added Member To Class: ClassName=modFOC-Powerstage Member=Component Q305 TPH2R506PL,L1Q
Added Member To Class: ClassName=modFOC-Powerstage Member=Component R300 1M
Added Member To Class: ClassName=modFOC-Powerstage Member=Component R303 10k
Added Member To Class: ClassName=modFOC-Powerstage Member=Component R304 10k
Added Member To Class: ClassName=modFOC-Powerstage Member=Component R305 100R
Added Member To Class: ClassName=modFOC-Powerstage Member=Component R306 100R
Added Member To Class: ClassName=modFOC-Powerstage Member=Component R307 470R
Added Member To Class: ClassName=modFOC-Powerstage Member=Component R? 5mR/3W
Added Member To Class: ClassName=modFOC-Powerstage Member=Component R? 5mR/3W
Added Member To Class: ClassName=modFOC-MCU Member=Component R? 10k
Added Member To Class: ClassName=modFOC-MCU Member=Component R? 10k
Added Member To Class: ClassName=modFOC-MCU Member=Component R? 10k
