Removed Pin From Net: NetName=NetR?_1 Pin=R?-1
Removed Pin From Net: NetName=NetMCU?_61 Pin=R?-2
Removed Member From Class: ClassName=modFOC-Powerstage Member=C?
Change Component Footprint: Designator=C201 Old Footprint=CAPC0603X33N New Footprint=CAPC1608X97N
Change Component Footprint: Designator=C202 Old Footprint=CAPC0603X33N New Footprint=CAPC1608X97N
Change Component Footprint: Designator=C203 Old Footprint=CAPC0603X33N New Footprint=CAPC1608X97N
Change Component Designator: OldDesignator=C? NewDesignator=C204
Change Component Designator: OldDesignator=C? NewDesignator=C206
Change Component Designator: OldDesignator=C? NewDesignator=C301
Change Component Designator: OldDesignator=C? NewDesignator=C302
Change Component Designator: OldDesignator=C? NewDesignator=C303
Change Component Designator: OldDesignator=C? NewDesignator=C311
Change Component Designator: OldDesignator=C? NewDesignator=C312
Change Component Designator: OldDesignator=C? NewDesignator=C313
Change Component Designator: OldDesignator=C? NewDesignator=C314
Change Component Designator: OldDesignator=C? NewDesignator=C315
Change Component Designator: OldDesignator=C? NewDesignator=C316
Change Component Designator: OldDesignator=R? NewDesignator=R301
Change Component Designator: OldDesignator=R? NewDesignator=R302
Added Component: Designator=R212(RESC0603X26N)
Add component (AddParameter): Name = "Arrow Part Number"; Value = "ERJ1GNF1003C"; VariantName = "[No Variations]"
Add component (AddParameter): Name = "Arrow Price/Stock"; Value = "https://www.arrow.com/en/products/erj1gnf1003c/panasonic"; VariantName = "[No Variations]"
Add component (AddParameter): Name = "Datasheet Link"; Value = "https://industrial.panasonic.com/cdbs/www-data/pdf/RDA0000/AOA0000C84.pdf"; VariantName = "[No Variations]"
Add component (AddParameter): Name = "Height"; Value = "0.26mm"; VariantName = "[No Variations]"
Add component (AddParameter): Name = "Manufacturer_Name"; Value = "Panasonic"; VariantName = "[No Variations]"
Add component (AddParameter): Name = "Manufacturer_Part_Number"; Value = "ERJ1GNF1003C"; VariantName = "[No Variations]"
Add component (AddParameter): Name = "Mouser Part Number"; Value = ""; VariantName = "[No Variations]"
Add component (AddParameter): Name = "Mouser Price/Stock"; Value = ""; VariantName = "[No Variations]"
Added Component: Designator=R213(RESC0603X26N)
Add component (AddParameter): Name = "Arrow Part Number"; Value = ""; VariantName = "[No Variations]"
Add component (AddParameter): Name = "Arrow Price/Stock"; Value = ""; VariantName = "[No Variations]"
Add component (AddParameter): Name = "Datasheet Link"; Value = "https://industrial.panasonic.com/cdbs/www-data/pdf/RDA0000/AOA0000C84.pdf"; VariantName = "[No Variations]"
Add component (AddParameter): Name = "Height"; Value = "0.26mm"; VariantName = "[No Variations]"
Add component (AddParameter): Name = "Manufacturer_Name"; Value = "Panasonic"; VariantName = "[No Variations]"
Add component (AddParameter): Name = "Manufacturer_Part_Number"; Value = "ERJ1GNF1501C"; VariantName = "[No Variations]"
Add component (AddParameter): Name = "Mouser Part Number"; Value = ""; VariantName = "[No Variations]"
Add component (AddParameter): Name = "Mouser Price/Stock"; Value = ""; VariantName = "[No Variations]"
Added Pin To Net: NetName=3V3 Pin=C?-1
Added Pin To Net: NetName=3V3 Pin=C?-1
Added Pin To Net: NetName=3V3 Pin=C?-1
Added Pin To Net: NetName=3V3 Pin=C?-1
Added Pin To Net: NetName=+5 Pin=C?-1
Added Pin To Net: NetName=GND Pin=C?-2
Added Pin To Net: NetName=GND Pin=C?-2
Added Pin To Net: NetName=GND Pin=C?-2
Added Pin To Net: NetName=GND Pin=C?-2
Added Pin To Net: NetName=GND Pin=C?-2
Added Pin To Net: NetName=NetC205_2 Pin=R212-1
Added Pin To Net: NetName=VB+ Pin=R212-2
Added Pin To Net: NetName=GND Pin=R213-1
Added Pin To Net: NetName=NetC205_2 Pin=R213-2
Added Pin To Net: NetName=NetJ?_10 Pin=R?-1
Added Pin To Net: NetName=NetR?_1 Pin=R?-1
Added Pin To Net: NetName=3V3 Pin=R?-2
Added Pin To Net: NetName=NetMCU?_55 Pin=R?-2
Added Pin To Net: NetName=NetMCU?_61 Pin=R?-2
Change Net Name : Old Net Name=NetC?_2 New Net Name=NetC206_2
Added Pin To Net: NetName=NetC204_2 Pin=C204-2
Added Pin To Net: NetName=NetC204_2 Pin=IC 101-16
Added Pin To Net: NetName=NetC204_2 Pin=R209-1
Added Net: Name=NetC204_2
Added Member To Class: ClassName=modFOC-Sensing Member=Component C204 100pF/63V
Added Member To Class: ClassName=modFOC-Powerstage Member=Component C301 470nF/100V
Added Member To Class: ClassName=modFOC-Powerstage Member=Component C302 10uF/63V
Added Member To Class: ClassName=modFOC-Powerstage Member=Component C303 10uF/63V
Added Member To Class: ClassName=modFOC-Powerstage Member=Component C311 10uF/63V
Added Member To Class: ClassName=modFOC-Powerstage Member=Component C312 100nF/63V
Added Member To Class: ClassName=modFOC-Powerstage Member=Component C313 470nF/100V
Added Member To Class: ClassName=modFOC-Powerstage Member=Component C314 100nF/63V
Added Member To Class: ClassName=modFOC-Powerstage Member=Component C315 100pF/63V
Added Member To Class: ClassName=modFOC-Powerstage Member=Component C316 470nF/100V
Added Member To Class: ClassName=modFOC-MCU Member=Component C? 100nF
Added Member To Class: ClassName=modFOC-MCU Member=Component C? 100nF
Added Member To Class: ClassName=modFOC-MCU Member=Component C? 100nF
Added Member To Class: ClassName=modFOC-MCU Member=Component C? 100nF
Added Member To Class: ClassName=modFOC-Sensing Member=Component R212 100k
Added Member To Class: ClassName=modFOC-Sensing Member=Component R213 1k5
Added Member To Class: ClassName=modFOC-Powerstage Member=Component R302 5mR/3W
Added Member To Class: ClassName=modFOC-MCU Member=Component R? 10k
Added Member To Class: ClassName=modFOC-MCU Member=Component R? 10k
Added Member To Class: ClassName=modFOC-MCU Member=Component R? 10k
Added Room: Name=modFOC-5VSupply
