Added Member To Class: ClassName=modFOC-Motion_Controller Member=Component C100 10uF/63V
Added Member To Class: ClassName=modFOC-Motion_Controller Member=Component C101 10uF/63V
Added Member To Class: ClassName=modFOC-Motion_Controller Member=Component C102 10uF/63V
Added Member To Class: ClassName=modFOC-Motion_Controller Member=Component C103 100nF/63V
Added Member To Class: ClassName=modFOC-Motion_Controller Member=Component C104 100nF/63V
Added Member To Class: ClassName=modFOC-Motion_Controller Member=Component C105 100nF/63V
Added Member To Class: ClassName=modFOC-Motion_Controller Member=Component C106 100nF/63V
Added Member To Class: ClassName=modFOC-Motion_Controller Member=Component C107 100nF/63V
Added Member To Class: ClassName=modFOC-Motion_Controller Member=Component C108 100nF/63V
Added Member To Class: ClassName=modFOC-Motion_Controller Member=Component C109 100nF/63V
Added Member To Class: ClassName=modFOC-Motion_Controller Member=Component C110 100nF/63V
Added Member To Class: ClassName=modFOC-Motion_Controller Member=Component C111 100nF/63V
Added Member To Class: ClassName=modFOC-Motion_Controller Member=Component C112 10uF/63V
Added Member To Class: ClassName=modFOC-Motion_Controller Member=Component C113 08051C474KAT2A
Added Member To Class: ClassName=modFOC-Motion_Controller Member=Component C115 100nF/63V
Added Member To Class: ClassName=modFOC-Sensing Member=Component C200 100nF/63V
Added Member To Class: ClassName=modFOC-Sensing Member=Component C205 100nF/63V
Added Member To Class: ClassName=modFOC-Powerstage Member=Component C300 10uF/63V
Added Member To Class: ClassName=modFOC-Powerstage Member=Component C301 08051C474KAT2A
Added Member To Class: ClassName=modFOC-Powerstage Member=Component C302 10uF/63V
Added Member To Class: ClassName=modFOC-Powerstage Member=Component C303 10uF/63V
Added Member To Class: ClassName=modFOC-Powerstage Member=Component C304 CGA3E2X7R1H473K080AA
Added Member To Class: ClassName=modFOC-Powerstage Member=Component C305 10uF/63V
Added Member To Class: ClassName=modFOC-Powerstage Member=Component C306 10uF/63V
Added Member To Class: ClassName=modFOC-Powerstage Member=Component C307 100nF/63V
Added Member To Class: ClassName=modFOC-Powerstage Member=Component C308 100nF/63V
Added Member To Class: ClassName=modFOC-Powerstage Member=Component C309 4u7/10V
Added Member To Class: ClassName=modFOC-Powerstage Member=Component C310 4u7/10V
Added Member To Class: ClassName=modFOC-Powerstage Member=Component C311 10uF/63V
Added Member To Class: ClassName=modFOC-Powerstage Member=Component C312 100nF/63V
Added Member To Class: ClassName=modFOC-Powerstage Member=Component C313 08051C474KAT2A
Added Member To Class: ClassName=modFOC-Powerstage Member=Component C314 100nF/63V
Added Member To Class: ClassName=modFOC-Powerstage Member=Component C315 100pF/63V
Added Member To Class: ClassName=modFOC-Powerstage Member=Component C316 08051C474KAT2A
Added Member To Class: ClassName=modFOC-Motion_Controller Member=Component CON101 DF13A-8P-1.25H_21_
Added Member To Class: ClassName=modFOC-Motion_Controller Member=Component CON102 DF13A-4P-1.25H_51_
Added Member To Class: ClassName=modFOC-Motion_Controller Member=Component IC 101 TMC4671-LA IC
Added Member To Class: ClassName=modFOC-Motion_Controller Member=Component IC102 74LVC138ABQ,115
Added Member To Class: ClassName=modFOC-Motion_Controller Member=Component IC103 AP2114H-3.3TRG1
Added Member To Class: ClassName=modFOC-Powerstage Member=Component IC300 DRV8323HRTAR
Added Member To Class: ClassName=modFOC-Motion_Controller Member=Component JP1 SolderJumper
Added Member To Class: ClassName=modFOC-Motion_Controller Member=Component JP2 SolderJumper
Added Member To Class: ClassName=modFOC-Motion_Controller Member=Component JP3 SolderJumper
Added Member To Class: ClassName=modFOC-Motion_Controller Member=Component JP4 SolderJumper
Added Member To Class: ClassName=modFOC-Motion_Controller Member=Component JP5 SolderJumper
Added Member To Class: ClassName=modFOC-Motion_Controller Member=Component JP6 SolderJumper
Added Member To Class: ClassName=modFOC-Motion_Controller Member=Component JP7 SolderJumper
Added Member To Class: ClassName=modFOC-Motion_Controller Member=Component JP8 SolderJumper
Added Member To Class: ClassName=modFOC-Motion_Controller Member=Component L101 BLM18KG300TH1D
Added Member To Class: ClassName=modFOC-Powerstage Member=Component LED300 LS_L29K-G1J2-1-Z
Added Member To Class: ClassName=modFOC-Powerstage Member=Component Q300 TPH2R506PL,L1Q
Added Member To Class: ClassName=modFOC-Powerstage Member=Component Q301 TPH2R506PL,L1Q
Added Member To Class: ClassName=modFOC-Powerstage Member=Component Q302 TPH2R506PL,L1Q
Added Member To Class: ClassName=modFOC-Powerstage Member=Component Q303 TPH2R506PL,L1Q
Added Member To Class: ClassName=modFOC-Powerstage Member=Component Q304 TPH2R506PL,L1Q
Added Member To Class: ClassName=modFOC-Powerstage Member=Component Q305 TPH2R506PL,L1Q
Added Member To Class: ClassName=modFOC-Motion_Controller Member=Component R100 RC0603FR-0710KL
Added Member To Class: ClassName=modFOC-Motion_Controller Member=Component R101 RC0603FR-0710KL
Added Member To Class: ClassName=modFOC-Motion_Controller Member=Component R102 CRCW0603100RFKEAC
Added Member To Class: ClassName=modFOC-Powerstage Member=Component R300 RC0603FR-071ML
Added Member To Class: ClassName=modFOC-Powerstage Member=Component R301 5mR/3W
Added Member To Class: ClassName=modFOC-Powerstage Member=Component R302 5mR/3W
Added Member To Class: ClassName=modFOC-Powerstage Member=Component R303 RC0603FR-0710KL
Added Member To Class: ClassName=modFOC-Powerstage Member=Component R304 RC0603FR-0710KL
Added Member To Class: ClassName=modFOC-Powerstage Member=Component R305 CRCW0603100RFKEAC
Added Member To Class: ClassName=modFOC-Powerstage Member=Component R306 CRCW0603100RFKEAC
Added Member To Class: ClassName=modFOC-Powerstage Member=Component R307 RC0603FR-10470RL
Added Member To Class: ClassName=modFOC-Motion_Controller Member=Component XTL101 FOX924B-25
