Replace Part C100 CL32B106KMVNNWE in C:\Users\Asus\Desktop\Git\modFOC\Hardware\modFOC\modFOC-Motion_Controller.SchDoc with CL32B106KMVNNWE from Schlib1.SchLib
Replace Part C101 CL32B106KMVNNWE in C:\Users\Asus\Desktop\Git\modFOC\Hardware\modFOC\modFOC-Motion_Controller.SchDoc with CL32B106KMVNNWE from Schlib1.SchLib
Replace Part C102 CL32B106KMVNNWE in C:\Users\Asus\Desktop\Git\modFOC\Hardware\modFOC\modFOC-Motion_Controller.SchDoc with CL32B106KMVNNWE from Schlib1.SchLib
Replace Part C103 C0805C104MMREC7210 in C:\Users\Asus\Desktop\Git\modFOC\Hardware\modFOC\modFOC-Motion_Controller.SchDoc with C0805C104MMREC7210 from Schlib1.SchLib
Replace Part C104 C0805C104MMREC7210 in C:\Users\Asus\Desktop\Git\modFOC\Hardware\modFOC\modFOC-Motion_Controller.SchDoc with C0805C104MMREC7210 from Schlib1.SchLib
Replace Part C105 C0805C104MMREC7210 in C:\Users\Asus\Desktop\Git\modFOC\Hardware\modFOC\modFOC-Motion_Controller.SchDoc with C0805C104MMREC7210 from Schlib1.SchLib
Replace Part C106 C0805C104MMREC7210 in C:\Users\Asus\Desktop\Git\modFOC\Hardware\modFOC\modFOC-Motion_Controller.SchDoc with C0805C104MMREC7210 from Schlib1.SchLib
Replace Part C107 C0805C104MMREC7210 in C:\Users\Asus\Desktop\Git\modFOC\Hardware\modFOC\modFOC-Motion_Controller.SchDoc with C0805C104MMREC7210 from Schlib1.SchLib
Replace Part C108 C0805C104MMREC7210 in C:\Users\Asus\Desktop\Git\modFOC\Hardware\modFOC\modFOC-Motion_Controller.SchDoc with C0805C104MMREC7210 from Schlib1.SchLib
Replace Part C109 C0805C104MMREC7210 in C:\Users\Asus\Desktop\Git\modFOC\Hardware\modFOC\modFOC-Motion_Controller.SchDoc with C0805C104MMREC7210 from Schlib1.SchLib
Replace Part C110 C0805C104MMREC7210 in C:\Users\Asus\Desktop\Git\modFOC\Hardware\modFOC\modFOC-Motion_Controller.SchDoc with C0805C104MMREC7210 from Schlib1.SchLib
Replace Part C111 C0805C104MMREC7210 in C:\Users\Asus\Desktop\Git\modFOC\Hardware\modFOC\modFOC-Motion_Controller.SchDoc with C0805C104MMREC7210 from Schlib1.SchLib
Replace Part C112 CL32B106KMVNNWE in C:\Users\Asus\Desktop\Git\modFOC\Hardware\modFOC\modFOC-Motion_Controller.SchDoc with CL32B106KMVNNWE from Schlib1.SchLib
Replace Part C113 08051C474KAT2A in C:\Users\Asus\Desktop\Git\modFOC\Hardware\modFOC\modFOC-Motion_Controller.SchDoc with 08051C474KAT2A from Schlib1.SchLib
Replace Part C115 C0805C104MMREC7210 in C:\Users\Asus\Desktop\Git\modFOC\Hardware\modFOC\modFOC-Motion_Controller.SchDoc with C0805C104MMREC7210 from Schlib1.SchLib
Replace Part C? CL10A475KP8NNNC in C:\Users\Asus\Desktop\Git\modFOC\Hardware\modFOC\modFOC-Motion_Controller.SchDoc with CL10A475KP8NNNC from Schlib1.SchLib
Replace Part CON101 DF13A-8P-1.25H_21_ in C:\Users\Asus\Desktop\Git\modFOC\Hardware\modFOC\modFOC-Motion_Controller.SchDoc with DF13A-8P-1.25H_21_ from Schlib1.SchLib
Replace Part CON102 DF13A-4P-1.25H_51_ in C:\Users\Asus\Desktop\Git\modFOC\Hardware\modFOC\modFOC-Motion_Controller.SchDoc with DF13A-4P-1.25H_51_ from Schlib1.SchLib
Replace Part IC 101 TMC4671-LA IC in C:\Users\Asus\Desktop\Git\modFOC\Hardware\modFOC\modFOC-Motion_Controller.SchDoc with TMC4671-LA IC from Schlib1.SchLib
Replace Part IC102 74LVC138ABQ,115 in C:\Users\Asus\Desktop\Git\modFOC\Hardware\modFOC\modFOC-Motion_Controller.SchDoc with 74LVC138ABQ,115 from Schlib1.SchLib
Replace Part IC103 AP2114H-3.3TRG1 in C:\Users\Asus\Desktop\Git\modFOC\Hardware\modFOC\modFOC-Motion_Controller.SchDoc with AP2114H-3.3TRG1 from Schlib1.SchLib
Replace Part JP1 SolderJumper in C:\Users\Asus\Desktop\Git\modFOC\Hardware\modFOC\modFOC-Motion_Controller.SchDoc with SolderJumper from Schlib1.SchLib
Replace Part JP2 SolderJumper in C:\Users\Asus\Desktop\Git\modFOC\Hardware\modFOC\modFOC-Motion_Controller.SchDoc with SolderJumper from Schlib1.SchLib
Replace Part JP3 SolderJumper in C:\Users\Asus\Desktop\Git\modFOC\Hardware\modFOC\modFOC-Motion_Controller.SchDoc with SolderJumper from Schlib1.SchLib
Replace Part JP4 SolderJumper in C:\Users\Asus\Desktop\Git\modFOC\Hardware\modFOC\modFOC-Motion_Controller.SchDoc with SolderJumper from Schlib1.SchLib
Replace Part JP5 SolderJumper in C:\Users\Asus\Desktop\Git\modFOC\Hardware\modFOC\modFOC-Motion_Controller.SchDoc with SolderJumper from Schlib1.SchLib
Replace Part JP6 SolderJumper in C:\Users\Asus\Desktop\Git\modFOC\Hardware\modFOC\modFOC-Motion_Controller.SchDoc with SolderJumper from Schlib1.SchLib
Replace Part JP7 SolderJumper in C:\Users\Asus\Desktop\Git\modFOC\Hardware\modFOC\modFOC-Motion_Controller.SchDoc with SolderJumper from Schlib1.SchLib
Replace Part JP8 SolderJumper in C:\Users\Asus\Desktop\Git\modFOC\Hardware\modFOC\modFOC-Motion_Controller.SchDoc with SolderJumper from Schlib1.SchLib
Replace Part L101 BLM18KG300TH1D in C:\Users\Asus\Desktop\Git\modFOC\Hardware\modFOC\modFOC-Motion_Controller.SchDoc with BLM18KG300TH1D from Schlib1.SchLib
Replace Part R100 RC0603FR-0710KL in C:\Users\Asus\Desktop\Git\modFOC\Hardware\modFOC\modFOC-Motion_Controller.SchDoc with RC0603FR-0710KL from Schlib1.SchLib
Replace Part R? RC0603FR-0710KL in C:\Users\Asus\Desktop\Git\modFOC\Hardware\modFOC\modFOC-Motion_Controller.SchDoc with RC0603FR-0710KL from Schlib1.SchLib
Replace Part R? CRCW0603100RFKEAC in C:\Users\Asus\Desktop\Git\modFOC\Hardware\modFOC\modFOC-Motion_Controller.SchDoc with CRCW0603100RFKEAC from Schlib1.SchLib
Replace Part S? PTS647SK38SMTR2LFS in C:\Users\Asus\Desktop\Git\modFOC\Hardware\modFOC\modFOC-Motion_Controller.SchDoc with PTS647SK38SMTR2LFS from Schlib1.SchLib
Replace Part XTL101 FOX924B-25 in C:\Users\Asus\Desktop\Git\modFOC\Hardware\modFOC\modFOC-Motion_Controller.SchDoc with FOX924B-25 from Schlib1.SchLib
