Change Component Designator: Old Designator=C? New Designator=C300
Change Component Designator: Old Designator=C? New Designator=C301
Change Component Designator: Old Designator=C? New Designator=C302
Change Component Designator: Old Designator=C? New Designator=C303
Change Component Designator: Old Designator=C? New Designator=C304
Change Component Designator: Old Designator=C? New Designator=C305
Change Component Designator: Old Designator=C? New Designator=C306
Change Component Designator: Old Designator=C? New Designator=C307
Change Component Designator: Old Designator=C? New Designator=C308
Change Component Designator: Old Designator=C? New Designator=C309
Change Component Designator: Old Designator=C? New Designator=C310
Change Component Designator: Old Designator=IC? New Designator=IC300
Change Component Designator: Old Designator=LED? New Designator=LED300
Change Component Designator: Old Designator=Q? New Designator=Q300
Change Component Designator: Old Designator=Q? New Designator=Q301
Change Component Designator: Old Designator=Q? New Designator=Q302
Change Component Designator: Old Designator=Q? New Designator=Q303
Change Component Designator: Old Designator=Q? New Designator=Q304
Change Component Designator: Old Designator=Q? New Designator=Q305
Change Component Designator: Old Designator=R? New Designator=R300
Change Component Designator: Old Designator=R? New Designator=R301
Change Component Designator: Old Designator=R? New Designator=R302
Change Component Designator: Old Designator=R? New Designator=R303
Change Component Designator: Old Designator=R? New Designator=R304
Change Component Designator: Old Designator=R? New Designator=R305
Change Component Designator: Old Designator=R? New Designator=R306
Change Component Designator: Old Designator=R? New Designator=R307
Change Component Designator: Old Designator=SW? New Designator=SW300
Change Component Designator: Old Designator=SW? New Designator=SW301
