Replace Part C300 CL32B106KMVNNWE in C:\Users\Asus\Desktop\Git\modFOC\Hardware\modFOC\modFOC-Powerstage.SchDoc with CL32B106KMVNNWE from Schlib1.SchLib
Replace Part C301 08051C474KAT2A in C:\Users\Asus\Desktop\Git\modFOC\Hardware\modFOC\modFOC-Powerstage.SchDoc with 08051C474KAT2A from Schlib1.SchLib
Replace Part C302 CL32B106KMVNNWE in C:\Users\Asus\Desktop\Git\modFOC\Hardware\modFOC\modFOC-Powerstage.SchDoc with CL32B106KMVNNWE from Schlib1.SchLib
Replace Part C303 CL32B106KMVNNWE in C:\Users\Asus\Desktop\Git\modFOC\Hardware\modFOC\modFOC-Powerstage.SchDoc with CL32B106KMVNNWE from Schlib1.SchLib
Replace Part C304 CGA3E2X7R1H473K080AA in C:\Users\Asus\Desktop\Git\modFOC\Hardware\modFOC\modFOC-Powerstage.SchDoc with CGA3E2X7R1H473K080AA from Schlib1.SchLib
Replace Part C305 CL32B106KMVNNWE in C:\Users\Asus\Desktop\Git\modFOC\Hardware\modFOC\modFOC-Powerstage.SchDoc with CL32B106KMVNNWE from Schlib1.SchLib
Replace Part C306 CL32B106KMVNNWE in C:\Users\Asus\Desktop\Git\modFOC\Hardware\modFOC\modFOC-Powerstage.SchDoc with CL32B106KMVNNWE from Schlib1.SchLib
Replace Part C307 C0805C104MMREC7210 in C:\Users\Asus\Desktop\Git\modFOC\Hardware\modFOC\modFOC-Powerstage.SchDoc with C0805C104MMREC7210 from Schlib1.SchLib
Replace Part C308 C0805C104MMREC7210 in C:\Users\Asus\Desktop\Git\modFOC\Hardware\modFOC\modFOC-Powerstage.SchDoc with C0805C104MMREC7210 from Schlib1.SchLib
Replace Part C309 CL10A475KP8NNNC in C:\Users\Asus\Desktop\Git\modFOC\Hardware\modFOC\modFOC-Powerstage.SchDoc with CL10A475KP8NNNC from Schlib1.SchLib
Replace Part C310 CL10A475KP8NNNC in C:\Users\Asus\Desktop\Git\modFOC\Hardware\modFOC\modFOC-Powerstage.SchDoc with CL10A475KP8NNNC from Schlib1.SchLib
Replace Part C311 CL32B106KMVNNWE in C:\Users\Asus\Desktop\Git\modFOC\Hardware\modFOC\modFOC-Powerstage.SchDoc with CL32B106KMVNNWE from Schlib1.SchLib
Replace Part C312 C0805C104MMREC7210 in C:\Users\Asus\Desktop\Git\modFOC\Hardware\modFOC\modFOC-Powerstage.SchDoc with C0805C104MMREC7210 from Schlib1.SchLib
Replace Part C313 08051C474KAT2A in C:\Users\Asus\Desktop\Git\modFOC\Hardware\modFOC\modFOC-Powerstage.SchDoc with 08051C474KAT2A from Schlib1.SchLib
Replace Part C314 C0805C104MMREC7210 in C:\Users\Asus\Desktop\Git\modFOC\Hardware\modFOC\modFOC-Powerstage.SchDoc with C0805C104MMREC7210 from Schlib1.SchLib
Replace Part C315 C0603C101K1HACTU in C:\Users\Asus\Desktop\Git\modFOC\Hardware\modFOC\modFOC-Powerstage.SchDoc with C0603C101K1HACTU from Schlib1.SchLib
Replace Part C316 08051C474KAT2A in C:\Users\Asus\Desktop\Git\modFOC\Hardware\modFOC\modFOC-Powerstage.SchDoc with 08051C474KAT2A from Schlib1.SchLib
Replace Part IC300 DRV8323HRTAR in C:\Users\Asus\Desktop\Git\modFOC\Hardware\modFOC\modFOC-Powerstage.SchDoc with DRV8323HRTAR from Schlib1.SchLib
Replace Part LED300 LS_L29K-G1J2-1-Z in C:\Users\Asus\Desktop\Git\modFOC\Hardware\modFOC\modFOC-Powerstage.SchDoc with LS_L29K-G1J2-1-Z from Schlib1.SchLib
Replace Part Q300 TPH2R506PL,L1Q in C:\Users\Asus\Desktop\Git\modFOC\Hardware\modFOC\modFOC-Powerstage.SchDoc with TPH2R506PL,L1Q from Schlib1.SchLib
Replace Part Q301 TPH2R506PL,L1Q in C:\Users\Asus\Desktop\Git\modFOC\Hardware\modFOC\modFOC-Powerstage.SchDoc with TPH2R506PL,L1Q from Schlib1.SchLib
Replace Part Q302 TPH2R506PL,L1Q in C:\Users\Asus\Desktop\Git\modFOC\Hardware\modFOC\modFOC-Powerstage.SchDoc with TPH2R506PL,L1Q from Schlib1.SchLib
Replace Part Q303 TPH2R506PL,L1Q in C:\Users\Asus\Desktop\Git\modFOC\Hardware\modFOC\modFOC-Powerstage.SchDoc with TPH2R506PL,L1Q from Schlib1.SchLib
Replace Part Q304 TPH2R506PL,L1Q in C:\Users\Asus\Desktop\Git\modFOC\Hardware\modFOC\modFOC-Powerstage.SchDoc with TPH2R506PL,L1Q from Schlib1.SchLib
Replace Part Q305 TPH2R506PL,L1Q in C:\Users\Asus\Desktop\Git\modFOC\Hardware\modFOC\modFOC-Powerstage.SchDoc with TPH2R506PL,L1Q from Schlib1.SchLib
Replace Part R300 RC0603FR-071ML in C:\Users\Asus\Desktop\Git\modFOC\Hardware\modFOC\modFOC-Powerstage.SchDoc with RC0603FR-071ML from Schlib1.SchLib
Replace Part R301 WSK1216L5000FEA in C:\Users\Asus\Desktop\Git\modFOC\Hardware\modFOC\modFOC-Powerstage.SchDoc with WSK1216L5000FEA from Schlib1.SchLib
Replace Part R302 WSK1216L5000FEA in C:\Users\Asus\Desktop\Git\modFOC\Hardware\modFOC\modFOC-Powerstage.SchDoc with WSK1216L5000FEA from Schlib1.SchLib
Replace Part R303 RC0603FR-0710KL in C:\Users\Asus\Desktop\Git\modFOC\Hardware\modFOC\modFOC-Powerstage.SchDoc with RC0603FR-0710KL from Schlib1.SchLib
Replace Part R304 RC0603FR-0710KL in C:\Users\Asus\Desktop\Git\modFOC\Hardware\modFOC\modFOC-Powerstage.SchDoc with RC0603FR-0710KL from Schlib1.SchLib
Replace Part R305 CRCW0603100RFKEAC in C:\Users\Asus\Desktop\Git\modFOC\Hardware\modFOC\modFOC-Powerstage.SchDoc with CRCW0603100RFKEAC from Schlib1.SchLib
Replace Part R306 CRCW0603100RFKEAC in C:\Users\Asus\Desktop\Git\modFOC\Hardware\modFOC\modFOC-Powerstage.SchDoc with CRCW0603100RFKEAC from Schlib1.SchLib
Replace Part R307 RC0603FR-10470RL in C:\Users\Asus\Desktop\Git\modFOC\Hardware\modFOC\modFOC-Powerstage.SchDoc with RC0603FR-10470RL from Schlib1.SchLib
Replace Part S300 PTS647SK38SMTR2LFS in C:\Users\Asus\Desktop\Git\modFOC\Hardware\modFOC\modFOC-Powerstage.SchDoc with PTS647SK38SMTR2LFS from Schlib1.SchLib
Replace Part S301 PTS647SK38SMTR2LFS in C:\Users\Asus\Desktop\Git\modFOC\Hardware\modFOC\modFOC-Powerstage.SchDoc with PTS647SK38SMTR2LFS from Schlib1.SchLib
