Added Component: Designator=C100(CAPC3225X280N)
Add component (AddParameter): Name = "Arrow Part Number"; Value = "CL32B106KMVNNWE"; VariantName = "[No Variations]"
Add component (AddParameter): Name = "Arrow Price/Stock"; Value = "https://www.arrow.com/en/products/cl32b106kmvnnwe/samsung-electro-mechanics"; VariantName = "[No Variations]"
Add component (AddParameter): Name = "Datasheet Link"; Value = "https://www.arrow.com/en/products/cl32b106kmvnnwe/samsung-electro-mechanics"; VariantName = "[No Variations]"
Add component (AddParameter): Name = "Height"; Value = "2.8mm"; VariantName = "[No Variations]"
Add component (AddParameter): Name = "Manufacturer_Name"; Value = "Samsung Electro-Mechanics"; VariantName = "[No Variations]"
Add component (AddParameter): Name = "Manufacturer_Part_Number"; Value = "CL32B106KMVNNWE"; VariantName = "[No Variations]"
Add component (AddParameter): Name = "Mouser Part Number"; Value = "187-CL32B106KMVNNWE"; VariantName = "[No Variations]"
Add component (AddParameter): Name = "Mouser Price/Stock"; Value = "https://www.mouser.co.uk/ProductDetail/Samsung-Electro-Mechanics/CL32B106KMVNNWE?qs=xZ%2FP%252Ba9zWqaEMBbSgKy8gQ%3D%3D"; VariantName = "[No Variations]"
Added Component: Designator=C101(CAPC3225X280N)
Add component (AddParameter): Name = "Arrow Part Number"; Value = "CL32B106KMVNNWE"; VariantName = "[No Variations]"
Add component (AddParameter): Name = "Arrow Price/Stock"; Value = "https://www.arrow.com/en/products/cl32b106kmvnnwe/samsung-electro-mechanics"; VariantName = "[No Variations]"
Add component (AddParameter): Name = "Datasheet Link"; Value = "https://www.arrow.com/en/products/cl32b106kmvnnwe/samsung-electro-mechanics"; VariantName = "[No Variations]"
Add component (AddParameter): Name = "Height"; Value = "2.8mm"; VariantName = "[No Variations]"
Add component (AddParameter): Name = "Manufacturer_Name"; Value = "Samsung Electro-Mechanics"; VariantName = "[No Variations]"
Add component (AddParameter): Name = "Manufacturer_Part_Number"; Value = "CL32B106KMVNNWE"; VariantName = "[No Variations]"
Add component (AddParameter): Name = "Mouser Part Number"; Value = "187-CL32B106KMVNNWE"; VariantName = "[No Variations]"
Add component (AddParameter): Name = "Mouser Price/Stock"; Value = "https://www.mouser.co.uk/ProductDetail/Samsung-Electro-Mechanics/CL32B106KMVNNWE?qs=xZ%2FP%252Ba9zWqaEMBbSgKy8gQ%3D%3D"; VariantName = "[No Variations]"
Added Component: Designator=C102(CAPC3225X280N)
Add component (AddParameter): Name = "Arrow Part Number"; Value = "CL32B106KMVNNWE"; VariantName = "[No Variations]"
Add component (AddParameter): Name = "Arrow Price/Stock"; Value = "https://www.arrow.com/en/products/cl32b106kmvnnwe/samsung-electro-mechanics"; VariantName = "[No Variations]"
Add component (AddParameter): Name = "Datasheet Link"; Value = "https://www.arrow.com/en/products/cl32b106kmvnnwe/samsung-electro-mechanics"; VariantName = "[No Variations]"
Add component (AddParameter): Name = "Height"; Value = "2.8mm"; VariantName = "[No Variations]"
Add component (AddParameter): Name = "Manufacturer_Name"; Value = "Samsung Electro-Mechanics"; VariantName = "[No Variations]"
Add component (AddParameter): Name = "Manufacturer_Part_Number"; Value = "CL32B106KMVNNWE"; VariantName = "[No Variations]"
Add component (AddParameter): Name = "Mouser Part Number"; Value = "187-CL32B106KMVNNWE"; VariantName = "[No Variations]"
Add component (AddParameter): Name = "Mouser Price/Stock"; Value = "https://www.mouser.co.uk/ProductDetail/Samsung-Electro-Mechanics/CL32B106KMVNNWE?qs=xZ%2FP%252Ba9zWqaEMBbSgKy8gQ%3D%3D"; VariantName = "[No Variations]"
Added Component: Designator=C103(CAPC1608X97N)
Add component (AddParameter): Name = "Arrow Part Number"; Value = ""; VariantName = "[No Variations]"
Add component (AddParameter): Name = "Arrow Price/Stock"; Value = ""; VariantName = "[No Variations]"
Add component (AddParameter): Name = "Datasheet Link"; Value = "http://www.vishay.com/docs/45226/vj31xrohsautomlcc.pdf"; VariantName = "[No Variations]"
Add component (AddParameter): Name = "Height"; Value = "1mm"; VariantName = "[No Variations]"
Add component (AddParameter): Name = "Manufacturer_Name"; Value = "Vishay"; VariantName = "[No Variations]"
Add component (AddParameter): Name = "Manufacturer_Part_Number"; Value = "VJ0603Y104JXJAC"; VariantName = "[No Variations]"
Add component (AddParameter): Name = "Mouser Part Number"; Value = "77-VJ0603Y104JXJAC"; VariantName = "[No Variations]"
Add component (AddParameter): Name = "Mouser Price/Stock"; Value = "https://www.mouser.com/Search/Refine.aspx?Keyword=77-VJ0603Y104JXJAC"; VariantName = "[No Variations]"
Added Component: Designator=C104(CAPC1608X97N)
Add component (AddParameter): Name = "Arrow Part Number"; Value = ""; VariantName = "[No Variations]"
Add component (AddParameter): Name = "Arrow Price/Stock"; Value = ""; VariantName = "[No Variations]"
Add component (AddParameter): Name = "Datasheet Link"; Value = "http://www.vishay.com/docs/45226/vj31xrohsautomlcc.pdf"; VariantName = "[No Variations]"
Add component (AddParameter): Name = "Height"; Value = "1mm"; VariantName = "[No Variations]"
Add component (AddParameter): Name = "Manufacturer_Name"; Value = "Vishay"; VariantName = "[No Variations]"
Add component (AddParameter): Name = "Manufacturer_Part_Number"; Value = "VJ0603Y104JXJAC"; VariantName = "[No Variations]"
Add component (AddParameter): Name = "Mouser Part Number"; Value = "77-VJ0603Y104JXJAC"; VariantName = "[No Variations]"
Add component (AddParameter): Name = "Mouser Price/Stock"; Value = "https://www.mouser.com/Search/Refine.aspx?Keyword=77-VJ0603Y104JXJAC"; VariantName = "[No Variations]"
Added Component: Designator=C105(CAPC1608X97N)
Add component (AddParameter): Name = "Arrow Part Number"; Value = ""; VariantName = "[No Variations]"
Add component (AddParameter): Name = "Arrow Price/Stock"; Value = ""; VariantName = "[No Variations]"
Add component (AddParameter): Name = "Datasheet Link"; Value = "http://www.vishay.com/docs/45226/vj31xrohsautomlcc.pdf"; VariantName = "[No Variations]"
Add component (AddParameter): Name = "Height"; Value = "1mm"; VariantName = "[No Variations]"
Add component (AddParameter): Name = "Manufacturer_Name"; Value = "Vishay"; VariantName = "[No Variations]"
Add component (AddParameter): Name = "Manufacturer_Part_Number"; Value = "VJ0603Y104JXJAC"; VariantName = "[No Variations]"
Add component (AddParameter): Name = "Mouser Part Number"; Value = "77-VJ0603Y104JXJAC"; VariantName = "[No Variations]"
Add component (AddParameter): Name = "Mouser Price/Stock"; Value = "https://www.mouser.com/Search/Refine.aspx?Keyword=77-VJ0603Y104JXJAC"; VariantName = "[No Variations]"
Added Component: Designator=C106(CAPC1608X97N)
Add component (AddParameter): Name = "Arrow Part Number"; Value = ""; VariantName = "[No Variations]"
Add component (AddParameter): Name = "Arrow Price/Stock"; Value = ""; VariantName = "[No Variations]"
Add component (AddParameter): Name = "Datasheet Link"; Value = "http://www.vishay.com/docs/45226/vj31xrohsautomlcc.pdf"; VariantName = "[No Variations]"
Add component (AddParameter): Name = "Height"; Value = "1mm"; VariantName = "[No Variations]"
Add component (AddParameter): Name = "Manufacturer_Name"; Value = "Vishay"; VariantName = "[No Variations]"
Add component (AddParameter): Name = "Manufacturer_Part_Number"; Value = "VJ0603Y104JXJAC"; VariantName = "[No Variations]"
Add component (AddParameter): Name = "Mouser Part Number"; Value = "77-VJ0603Y104JXJAC"; VariantName = "[No Variations]"
Add component (AddParameter): Name = "Mouser Price/Stock"; Value = "https://www.mouser.com/Search/Refine.aspx?Keyword=77-VJ0603Y104JXJAC"; VariantName = "[No Variations]"
Added Component: Designator=C107(CAPC1608X97N)
Add component (AddParameter): Name = "Arrow Part Number"; Value = ""; VariantName = "[No Variations]"
Add component (AddParameter): Name = "Arrow Price/Stock"; Value = ""; VariantName = "[No Variations]"
Add component (AddParameter): Name = "Datasheet Link"; Value = "http://www.vishay.com/docs/45226/vj31xrohsautomlcc.pdf"; VariantName = "[No Variations]"
Add component (AddParameter): Name = "Height"; Value = "1mm"; VariantName = "[No Variations]"
Add component (AddParameter): Name = "Manufacturer_Name"; Value = "Vishay"; VariantName = "[No Variations]"
Add component (AddParameter): Name = "Manufacturer_Part_Number"; Value = "VJ0603Y104JXJAC"; VariantName = "[No Variations]"
Add component (AddParameter): Name = "Mouser Part Number"; Value = "77-VJ0603Y104JXJAC"; VariantName = "[No Variations]"
Add component (AddParameter): Name = "Mouser Price/Stock"; Value = "https://www.mouser.com/Search/Refine.aspx?Keyword=77-VJ0603Y104JXJAC"; VariantName = "[No Variations]"
Added Component: Designator=C108(CAPC1608X97N)
Add component (AddParameter): Name = "Arrow Part Number"; Value = ""; VariantName = "[No Variations]"
Add component (AddParameter): Name = "Arrow Price/Stock"; Value = ""; VariantName = "[No Variations]"
Add component (AddParameter): Name = "Datasheet Link"; Value = "http://www.vishay.com/docs/45226/vj31xrohsautomlcc.pdf"; VariantName = "[No Variations]"
Add component (AddParameter): Name = "Height"; Value = "1mm"; VariantName = "[No Variations]"
Add component (AddParameter): Name = "Manufacturer_Name"; Value = "Vishay"; VariantName = "[No Variations]"
Add component (AddParameter): Name = "Manufacturer_Part_Number"; Value = "VJ0603Y104JXJAC"; VariantName = "[No Variations]"
Add component (AddParameter): Name = "Mouser Part Number"; Value = "77-VJ0603Y104JXJAC"; VariantName = "[No Variations]"
Add component (AddParameter): Name = "Mouser Price/Stock"; Value = "https://www.mouser.com/Search/Refine.aspx?Keyword=77-VJ0603Y104JXJAC"; VariantName = "[No Variations]"
Added Component: Designator=C109(CAPC1608X97N)
Add component (AddParameter): Name = "Arrow Part Number"; Value = ""; VariantName = "[No Variations]"
Add component (AddParameter): Name = "Arrow Price/Stock"; Value = ""; VariantName = "[No Variations]"
Add component (AddParameter): Name = "Datasheet Link"; Value = "http://www.vishay.com/docs/45226/vj31xrohsautomlcc.pdf"; VariantName = "[No Variations]"
Add component (AddParameter): Name = "Height"; Value = "1mm"; VariantName = "[No Variations]"
Add component (AddParameter): Name = "Manufacturer_Name"; Value = "Vishay"; VariantName = "[No Variations]"
Add component (AddParameter): Name = "Manufacturer_Part_Number"; Value = "VJ0603Y104JXJAC"; VariantName = "[No Variations]"
Add component (AddParameter): Name = "Mouser Part Number"; Value = "77-VJ0603Y104JXJAC"; VariantName = "[No Variations]"
Add component (AddParameter): Name = "Mouser Price/Stock"; Value = "https://www.mouser.com/Search/Refine.aspx?Keyword=77-VJ0603Y104JXJAC"; VariantName = "[No Variations]"
Added Component: Designator=C110(CAPC1608X97N)
Add component (AddParameter): Name = "Arrow Part Number"; Value = ""; VariantName = "[No Variations]"
Add component (AddParameter): Name = "Arrow Price/Stock"; Value = ""; VariantName = "[No Variations]"
Add component (AddParameter): Name = "Datasheet Link"; Value = "http://www.vishay.com/docs/45226/vj31xrohsautomlcc.pdf"; VariantName = "[No Variations]"
Add component (AddParameter): Name = "Height"; Value = "1mm"; VariantName = "[No Variations]"
Add component (AddParameter): Name = "Manufacturer_Name"; Value = "Vishay"; VariantName = "[No Variations]"
Add component (AddParameter): Name = "Manufacturer_Part_Number"; Value = "VJ0603Y104JXJAC"; VariantName = "[No Variations]"
Add component (AddParameter): Name = "Mouser Part Number"; Value = "77-VJ0603Y104JXJAC"; VariantName = "[No Variations]"
Add component (AddParameter): Name = "Mouser Price/Stock"; Value = "https://www.mouser.com/Search/Refine.aspx?Keyword=77-VJ0603Y104JXJAC"; VariantName = "[No Variations]"
Added Component: Designator=C111(CAPC1608X97N)
Add component (AddParameter): Name = "Arrow Part Number"; Value = ""; VariantName = "[No Variations]"
Add component (AddParameter): Name = "Arrow Price/Stock"; Value = ""; VariantName = "[No Variations]"
Add component (AddParameter): Name = "Datasheet Link"; Value = "http://www.vishay.com/docs/45226/vj31xrohsautomlcc.pdf"; VariantName = "[No Variations]"
Add component (AddParameter): Name = "Height"; Value = "1mm"; VariantName = "[No Variations]"
Add component (AddParameter): Name = "Manufacturer_Name"; Value = "Vishay"; VariantName = "[No Variations]"
Add component (AddParameter): Name = "Manufacturer_Part_Number"; Value = "VJ0603Y104JXJAC"; VariantName = "[No Variations]"
Add component (AddParameter): Name = "Mouser Part Number"; Value = "77-VJ0603Y104JXJAC"; VariantName = "[No Variations]"
Add component (AddParameter): Name = "Mouser Price/Stock"; Value = "https://www.mouser.com/Search/Refine.aspx?Keyword=77-VJ0603Y104JXJAC"; VariantName = "[No Variations]"
Added Component: Designator=C112(CAPC3225X280N)
Add component (AddParameter): Name = "Arrow Part Number"; Value = "CL32B106KMVNNWE"; VariantName = "[No Variations]"
Add component (AddParameter): Name = "Arrow Price/Stock"; Value = "https://www.arrow.com/en/products/cl32b106kmvnnwe/samsung-electro-mechanics"; VariantName = "[No Variations]"
Add component (AddParameter): Name = "Datasheet Link"; Value = "https://www.arrow.com/en/products/cl32b106kmvnnwe/samsung-electro-mechanics"; VariantName = "[No Variations]"
Add component (AddParameter): Name = "Height"; Value = "2.8mm"; VariantName = "[No Variations]"
Add component (AddParameter): Name = "Manufacturer_Name"; Value = "Samsung Electro-Mechanics"; VariantName = "[No Variations]"
Add component (AddParameter): Name = "Manufacturer_Part_Number"; Value = "CL32B106KMVNNWE"; VariantName = "[No Variations]"
Add component (AddParameter): Name = "Mouser Part Number"; Value = "187-CL32B106KMVNNWE"; VariantName = "[No Variations]"
Add component (AddParameter): Name = "Mouser Price/Stock"; Value = "https://www.mouser.co.uk/ProductDetail/Samsung-Electro-Mechanics/CL32B106KMVNNWE?qs=xZ%2FP%252Ba9zWqaEMBbSgKy8gQ%3D%3D"; VariantName = "[No Variations]"
Added Component: Designator=C113(CAPC2012X140N)
Add component (AddParameter): Name = "Arrow Part Number"; Value = ""; VariantName = "[No Variations]"
Add component (AddParameter): Name = "Arrow Price/Stock"; Value = ""; VariantName = "[No Variations]"
Add component (AddParameter): Name = "Datasheet Link"; Value = "http://datasheets.avx.com/X7RDielectric.pdf"; VariantName = "[No Variations]"
Add component (AddParameter): Name = "Height"; Value = "1.4mm"; VariantName = "[No Variations]"
Add component (AddParameter): Name = "Manufacturer_Name"; Value = "AVX"; VariantName = "[No Variations]"
Add component (AddParameter): Name = "Manufacturer_Part_Number"; Value = "08051C474KAT2A"; VariantName = "[No Variations]"
Add component (AddParameter): Name = "Mouser Part Number"; Value = "581-08051C474KAT2A"; VariantName = "[No Variations]"
Add component (AddParameter): Name = "Mouser Price/Stock"; Value = "https://www.mouser.co.uk/ProductDetail/AVX/08051C474KAT2A?qs=%2FjdEcI0p95Mz%2FN5KbrGN6Q%3D%3D"; VariantName = "[No Variations]"
Added Component: Designator=C115(CAPC1608X97N)
Add component (AddParameter): Name = "Arrow Part Number"; Value = ""; VariantName = "[No Variations]"
Add component (AddParameter): Name = "Arrow Price/Stock"; Value = ""; VariantName = "[No Variations]"
Add component (AddParameter): Name = "Datasheet Link"; Value = "http://www.vishay.com/docs/45226/vj31xrohsautomlcc.pdf"; VariantName = "[No Variations]"
Add component (AddParameter): Name = "Height"; Value = "1mm"; VariantName = "[No Variations]"
Add component (AddParameter): Name = "Manufacturer_Name"; Value = "Vishay"; VariantName = "[No Variations]"
Add component (AddParameter): Name = "Manufacturer_Part_Number"; Value = "VJ0603Y104JXJAC"; VariantName = "[No Variations]"
Add component (AddParameter): Name = "Mouser Part Number"; Value = "77-VJ0603Y104JXJAC"; VariantName = "[No Variations]"
Add component (AddParameter): Name = "Mouser Price/Stock"; Value = "https://www.mouser.com/Search/Refine.aspx?Keyword=77-VJ0603Y104JXJAC"; VariantName = "[No Variations]"
Added Component: Designator=C200(CAPC1608X97N)
Add component (AddParameter): Name = "Arrow Part Number"; Value = ""; VariantName = "[No Variations]"
Add component (AddParameter): Name = "Arrow Price/Stock"; Value = ""; VariantName = "[No Variations]"
Add component (AddParameter): Name = "Datasheet Link"; Value = "http://www.vishay.com/docs/45226/vj31xrohsautomlcc.pdf"; VariantName = "[No Variations]"
Add component (AddParameter): Name = "Height"; Value = "1mm"; VariantName = "[No Variations]"
Add component (AddParameter): Name = "Manufacturer_Name"; Value = "Vishay"; VariantName = "[No Variations]"
Add component (AddParameter): Name = "Manufacturer_Part_Number"; Value = "VJ0603Y104JXJAC"; VariantName = "[No Variations]"
Add component (AddParameter): Name = "Mouser Part Number"; Value = "77-VJ0603Y104JXJAC"; VariantName = "[No Variations]"
Add component (AddParameter): Name = "Mouser Price/Stock"; Value = "https://www.mouser.com/Search/Refine.aspx?Keyword=77-VJ0603Y104JXJAC"; VariantName = "[No Variations]"
Added Component: Designator=C205(CAPC1608X97N)
Add component (AddParameter): Name = "Arrow Part Number"; Value = ""; VariantName = "[No Variations]"
Add component (AddParameter): Name = "Arrow Price/Stock"; Value = ""; VariantName = "[No Variations]"
Add component (AddParameter): Name = "Datasheet Link"; Value = "http://www.vishay.com/docs/45226/vj31xrohsautomlcc.pdf"; VariantName = "[No Variations]"
Add component (AddParameter): Name = "Height"; Value = "1mm"; VariantName = "[No Variations]"
Add component (AddParameter): Name = "Manufacturer_Name"; Value = "Vishay"; VariantName = "[No Variations]"
Add component (AddParameter): Name = "Manufacturer_Part_Number"; Value = "VJ0603Y104JXJAC"; VariantName = "[No Variations]"
Add component (AddParameter): Name = "Mouser Part Number"; Value = "77-VJ0603Y104JXJAC"; VariantName = "[No Variations]"
Add component (AddParameter): Name = "Mouser Price/Stock"; Value = "https://www.mouser.com/Search/Refine.aspx?Keyword=77-VJ0603Y104JXJAC"; VariantName = "[No Variations]"
Added Component: Designator=C300(CAPC3225X280N)
Add component (AddParameter): Name = "Arrow Part Number"; Value = "CL32B106KMVNNWE"; VariantName = "[No Variations]"
Add component (AddParameter): Name = "Arrow Price/Stock"; Value = "https://www.arrow.com/en/products/cl32b106kmvnnwe/samsung-electro-mechanics"; VariantName = "[No Variations]"
Add component (AddParameter): Name = "Datasheet Link"; Value = "https://www.arrow.com/en/products/cl32b106kmvnnwe/samsung-electro-mechanics"; VariantName = "[No Variations]"
Add component (AddParameter): Name = "Height"; Value = "2.8mm"; VariantName = "[No Variations]"
Add component (AddParameter): Name = "Manufacturer_Name"; Value = "Samsung Electro-Mechanics"; VariantName = "[No Variations]"
Add component (AddParameter): Name = "Manufacturer_Part_Number"; Value = "CL32B106KMVNNWE"; VariantName = "[No Variations]"
Add component (AddParameter): Name = "Mouser Part Number"; Value = "187-CL32B106KMVNNWE"; VariantName = "[No Variations]"
Add component (AddParameter): Name = "Mouser Price/Stock"; Value = "https://www.mouser.co.uk/ProductDetail/Samsung-Electro-Mechanics/CL32B106KMVNNWE?qs=xZ%2FP%252Ba9zWqaEMBbSgKy8gQ%3D%3D"; VariantName = "[No Variations]"
Added Component: Designator=C301(CAPC2012X140N)
Add component (AddParameter): Name = "Arrow Part Number"; Value = ""; VariantName = "[No Variations]"
Add component (AddParameter): Name = "Arrow Price/Stock"; Value = ""; VariantName = "[No Variations]"
Add component (AddParameter): Name = "Datasheet Link"; Value = "http://datasheets.avx.com/X7RDielectric.pdf"; VariantName = "[No Variations]"
Add component (AddParameter): Name = "Height"; Value = "1.4mm"; VariantName = "[No Variations]"
Add component (AddParameter): Name = "Manufacturer_Name"; Value = "AVX"; VariantName = "[No Variations]"
Add component (AddParameter): Name = "Manufacturer_Part_Number"; Value = "08051C474KAT2A"; VariantName = "[No Variations]"
Add component (AddParameter): Name = "Mouser Part Number"; Value = "581-08051C474KAT2A"; VariantName = "[No Variations]"
Add component (AddParameter): Name = "Mouser Price/Stock"; Value = "https://www.mouser.co.uk/ProductDetail/AVX/08051C474KAT2A?qs=%2FjdEcI0p95Mz%2FN5KbrGN6Q%3D%3D"; VariantName = "[No Variations]"
Added Component: Designator=C302(CAPC3225X280N)
Add component (AddParameter): Name = "Arrow Part Number"; Value = "CL32B106KMVNNWE"; VariantName = "[No Variations]"
Add component (AddParameter): Name = "Arrow Price/Stock"; Value = "https://www.arrow.com/en/products/cl32b106kmvnnwe/samsung-electro-mechanics"; VariantName = "[No Variations]"
Add component (AddParameter): Name = "Datasheet Link"; Value = "https://www.arrow.com/en/products/cl32b106kmvnnwe/samsung-electro-mechanics"; VariantName = "[No Variations]"
Add component (AddParameter): Name = "Height"; Value = "2.8mm"; VariantName = "[No Variations]"
Add component (AddParameter): Name = "Manufacturer_Name"; Value = "Samsung Electro-Mechanics"; VariantName = "[No Variations]"
Add component (AddParameter): Name = "Manufacturer_Part_Number"; Value = "CL32B106KMVNNWE"; VariantName = "[No Variations]"
Add component (AddParameter): Name = "Mouser Part Number"; Value = "187-CL32B106KMVNNWE"; VariantName = "[No Variations]"
Add component (AddParameter): Name = "Mouser Price/Stock"; Value = "https://www.mouser.co.uk/ProductDetail/Samsung-Electro-Mechanics/CL32B106KMVNNWE?qs=xZ%2FP%252Ba9zWqaEMBbSgKy8gQ%3D%3D"; VariantName = "[No Variations]"
Added Component: Designator=C303(CAPC3225X280N)
Add component (AddParameter): Name = "Arrow Part Number"; Value = "CL32B106KMVNNWE"; VariantName = "[No Variations]"
Add component (AddParameter): Name = "Arrow Price/Stock"; Value = "https://www.arrow.com/en/products/cl32b106kmvnnwe/samsung-electro-mechanics"; VariantName = "[No Variations]"
Add component (AddParameter): Name = "Datasheet Link"; Value = "https://www.arrow.com/en/products/cl32b106kmvnnwe/samsung-electro-mechanics"; VariantName = "[No Variations]"
Add component (AddParameter): Name = "Height"; Value = "2.8mm"; VariantName = "[No Variations]"
Add component (AddParameter): Name = "Manufacturer_Name"; Value = "Samsung Electro-Mechanics"; VariantName = "[No Variations]"
Add component (AddParameter): Name = "Manufacturer_Part_Number"; Value = "CL32B106KMVNNWE"; VariantName = "[No Variations]"
Add component (AddParameter): Name = "Mouser Part Number"; Value = "187-CL32B106KMVNNWE"; VariantName = "[No Variations]"
Add component (AddParameter): Name = "Mouser Price/Stock"; Value = "https://www.mouser.co.uk/ProductDetail/Samsung-Electro-Mechanics/CL32B106KMVNNWE?qs=xZ%2FP%252Ba9zWqaEMBbSgKy8gQ%3D%3D"; VariantName = "[No Variations]"
Added Component: Designator=C304(CAPC1608X90N)
Add component (AddParameter): Name = "Arrow Part Number"; Value = "CGA3E2X7R1H473K080AA"; VariantName = "[No Variations]"
Add component (AddParameter): Name = "Arrow Price/Stock"; Value = "https://www.arrow.com/en/products/cga3e2x7r1h473k080aa/tdk"; VariantName = "[No Variations]"
Add component (AddParameter): Name = "Datasheet Link"; Value = "http://docs-emea.rs-online.com/webdocs/14e9/0900766b814e9125.pdf"; VariantName = "[No Variations]"
Add component (AddParameter): Name = "Height"; Value = "0.9mm"; VariantName = "[No Variations]"
Add component (AddParameter): Name = "Manufacturer_Name"; Value = "TDK"; VariantName = "[No Variations]"
Add component (AddParameter): Name = "Manufacturer_Part_Number"; Value = "CGA3E2X7R1H473K080AA"; VariantName = "[No Variations]"
Add component (AddParameter): Name = "Mouser Part Number"; Value = "810-CGA3E2X7R1H473K"; VariantName = "[No Variations]"
Add component (AddParameter): Name = "Mouser Price/Stock"; Value = "https://www.mouser.co.uk/ProductDetail/TDK/CGA3E2X7R1H473K080AA?qs=NRhsANhppD%252BXNlr9LoLgTw%3D%3D"; VariantName = "[No Variations]"
Added Component: Designator=C305(CAPC3225X280N)
Add component (AddParameter): Name = "Arrow Part Number"; Value = "CL32B106KMVNNWE"; VariantName = "[No Variations]"
Add component (AddParameter): Name = "Arrow Price/Stock"; Value = "https://www.arrow.com/en/products/cl32b106kmvnnwe/samsung-electro-mechanics"; VariantName = "[No Variations]"
Add component (AddParameter): Name = "Datasheet Link"; Value = "https://www.arrow.com/en/products/cl32b106kmvnnwe/samsung-electro-mechanics"; VariantName = "[No Variations]"
Add component (AddParameter): Name = "Height"; Value = "2.8mm"; VariantName = "[No Variations]"
Add component (AddParameter): Name = "Manufacturer_Name"; Value = "Samsung Electro-Mechanics"; VariantName = "[No Variations]"
Add component (AddParameter): Name = "Manufacturer_Part_Number"; Value = "CL32B106KMVNNWE"; VariantName = "[No Variations]"
Add component (AddParameter): Name = "Mouser Part Number"; Value = "187-CL32B106KMVNNWE"; VariantName = "[No Variations]"
Add component (AddParameter): Name = "Mouser Price/Stock"; Value = "https://www.mouser.co.uk/ProductDetail/Samsung-Electro-Mechanics/CL32B106KMVNNWE?qs=xZ%2FP%252Ba9zWqaEMBbSgKy8gQ%3D%3D"; VariantName = "[No Variations]"
Added Component: Designator=C306(CAPC3225X280N)
Add component (AddParameter): Name = "Arrow Part Number"; Value = "CL32B106KMVNNWE"; VariantName = "[No Variations]"
Add component (AddParameter): Name = "Arrow Price/Stock"; Value = "https://www.arrow.com/en/products/cl32b106kmvnnwe/samsung-electro-mechanics"; VariantName = "[No Variations]"
Add component (AddParameter): Name = "Datasheet Link"; Value = "https://www.arrow.com/en/products/cl32b106kmvnnwe/samsung-electro-mechanics"; VariantName = "[No Variations]"
Add component (AddParameter): Name = "Height"; Value = "2.8mm"; VariantName = "[No Variations]"
Add component (AddParameter): Name = "Manufacturer_Name"; Value = "Samsung Electro-Mechanics"; VariantName = "[No Variations]"
Add component (AddParameter): Name = "Manufacturer_Part_Number"; Value = "CL32B106KMVNNWE"; VariantName = "[No Variations]"
Add component (AddParameter): Name = "Mouser Part Number"; Value = "187-CL32B106KMVNNWE"; VariantName = "[No Variations]"
Add component (AddParameter): Name = "Mouser Price/Stock"; Value = "https://www.mouser.co.uk/ProductDetail/Samsung-Electro-Mechanics/CL32B106KMVNNWE?qs=xZ%2FP%252Ba9zWqaEMBbSgKy8gQ%3D%3D"; VariantName = "[No Variations]"
Added Component: Designator=C307(CAPC1608X97N)
Add component (AddParameter): Name = "Arrow Part Number"; Value = ""; VariantName = "[No Variations]"
Add component (AddParameter): Name = "Arrow Price/Stock"; Value = ""; VariantName = "[No Variations]"
Add component (AddParameter): Name = "Datasheet Link"; Value = "http://www.vishay.com/docs/45226/vj31xrohsautomlcc.pdf"; VariantName = "[No Variations]"
Add component (AddParameter): Name = "Height"; Value = "1mm"; VariantName = "[No Variations]"
Add component (AddParameter): Name = "Manufacturer_Name"; Value = "Vishay"; VariantName = "[No Variations]"
Add component (AddParameter): Name = "Manufacturer_Part_Number"; Value = "VJ0603Y104JXJAC"; VariantName = "[No Variations]"
Add component (AddParameter): Name = "Mouser Part Number"; Value = "77-VJ0603Y104JXJAC"; VariantName = "[No Variations]"
Add component (AddParameter): Name = "Mouser Price/Stock"; Value = "https://www.mouser.com/Search/Refine.aspx?Keyword=77-VJ0603Y104JXJAC"; VariantName = "[No Variations]"
Added Component: Designator=C308(CAPC1608X97N)
Add component (AddParameter): Name = "Arrow Part Number"; Value = ""; VariantName = "[No Variations]"
Add component (AddParameter): Name = "Arrow Price/Stock"; Value = ""; VariantName = "[No Variations]"
Add component (AddParameter): Name = "Datasheet Link"; Value = "http://www.vishay.com/docs/45226/vj31xrohsautomlcc.pdf"; VariantName = "[No Variations]"
Add component (AddParameter): Name = "Height"; Value = "1mm"; VariantName = "[No Variations]"
Add component (AddParameter): Name = "Manufacturer_Name"; Value = "Vishay"; VariantName = "[No Variations]"
Add component (AddParameter): Name = "Manufacturer_Part_Number"; Value = "VJ0603Y104JXJAC"; VariantName = "[No Variations]"
Add component (AddParameter): Name = "Mouser Part Number"; Value = "77-VJ0603Y104JXJAC"; VariantName = "[No Variations]"
Add component (AddParameter): Name = "Mouser Price/Stock"; Value = "https://www.mouser.com/Search/Refine.aspx?Keyword=77-VJ0603Y104JXJAC"; VariantName = "[No Variations]"
Added Component: Designator=C309(CAPC1608X90N)
Add component (AddParameter): Name = "Arrow Part Number"; Value = "CL10A475KP8NNNC"; VariantName = "[No Variations]"
Add component (AddParameter): Name = "Arrow Price/Stock"; Value = "https://www.arrow.com/en/products/cl10a475kp8nnnc/samsung-electro-mechanics"; VariantName = "[No Variations]"
Add component (AddParameter): Name = "Datasheet Link"; Value = "https://www.arrow.com/en/products/cl10a475kp8nnnc/samsung-electro-mechanics"; VariantName = "[No Variations]"
Add component (AddParameter): Name = "Height"; Value = "0.9mm"; VariantName = "[No Variations]"
Add component (AddParameter): Name = "Manufacturer_Name"; Value = "Samsung Electro-Mechanics"; VariantName = "[No Variations]"
Add component (AddParameter): Name = "Manufacturer_Part_Number"; Value = "CL10A475KP8NNNC"; VariantName = "[No Variations]"
Add component (AddParameter): Name = "Mouser Part Number"; Value = "187-CL10A475KP8NNNC"; VariantName = "[No Variations]"
Add component (AddParameter): Name = "Mouser Price/Stock"; Value = "https://www.mouser.co.uk/ProductDetail/Samsung-Electro-Mechanics/CL10A475KP8NNNC/?qs=hqM3L16%252BxlfQRmkWsZz5vA%3D%3D"; VariantName = "[No Variations]"
Added Component: Designator=C310(CAPC1608X90N)
Add component (AddParameter): Name = "Arrow Part Number"; Value = "CL10A475KP8NNNC"; VariantName = "[No Variations]"
Add component (AddParameter): Name = "Arrow Price/Stock"; Value = "https://www.arrow.com/en/products/cl10a475kp8nnnc/samsung-electro-mechanics"; VariantName = "[No Variations]"
Add component (AddParameter): Name = "Datasheet Link"; Value = "https://www.arrow.com/en/products/cl10a475kp8nnnc/samsung-electro-mechanics"; VariantName = "[No Variations]"
Add component (AddParameter): Name = "Height"; Value = "0.9mm"; VariantName = "[No Variations]"
Add component (AddParameter): Name = "Manufacturer_Name"; Value = "Samsung Electro-Mechanics"; VariantName = "[No Variations]"
Add component (AddParameter): Name = "Manufacturer_Part_Number"; Value = "CL10A475KP8NNNC"; VariantName = "[No Variations]"
Add component (AddParameter): Name = "Mouser Part Number"; Value = "187-CL10A475KP8NNNC"; VariantName = "[No Variations]"
Add component (AddParameter): Name = "Mouser Price/Stock"; Value = "https://www.mouser.co.uk/ProductDetail/Samsung-Electro-Mechanics/CL10A475KP8NNNC/?qs=hqM3L16%252BxlfQRmkWsZz5vA%3D%3D"; VariantName = "[No Variations]"
Added Component: Designator=C311(CAPC3225X280N)
Add component (AddParameter): Name = "Arrow Part Number"; Value = "CL32B106KMVNNWE"; VariantName = "[No Variations]"
Add component (AddParameter): Name = "Arrow Price/Stock"; Value = "https://www.arrow.com/en/products/cl32b106kmvnnwe/samsung-electro-mechanics"; VariantName = "[No Variations]"
Add component (AddParameter): Name = "Datasheet Link"; Value = "https://www.arrow.com/en/products/cl32b106kmvnnwe/samsung-electro-mechanics"; VariantName = "[No Variations]"
Add component (AddParameter): Name = "Height"; Value = "2.8mm"; VariantName = "[No Variations]"
Add component (AddParameter): Name = "Manufacturer_Name"; Value = "Samsung Electro-Mechanics"; VariantName = "[No Variations]"
Add component (AddParameter): Name = "Manufacturer_Part_Number"; Value = "CL32B106KMVNNWE"; VariantName = "[No Variations]"
Add component (AddParameter): Name = "Mouser Part Number"; Value = "187-CL32B106KMVNNWE"; VariantName = "[No Variations]"
Add component (AddParameter): Name = "Mouser Price/Stock"; Value = "https://www.mouser.co.uk/ProductDetail/Samsung-Electro-Mechanics/CL32B106KMVNNWE?qs=xZ%2FP%252Ba9zWqaEMBbSgKy8gQ%3D%3D"; VariantName = "[No Variations]"
Added Component: Designator=C312(CAPC1608X97N)
Add component (AddParameter): Name = "Arrow Part Number"; Value = ""; VariantName = "[No Variations]"
Add component (AddParameter): Name = "Arrow Price/Stock"; Value = ""; VariantName = "[No Variations]"
Add component (AddParameter): Name = "Datasheet Link"; Value = "http://www.vishay.com/docs/45226/vj31xrohsautomlcc.pdf"; VariantName = "[No Variations]"
Add component (AddParameter): Name = "Height"; Value = "1mm"; VariantName = "[No Variations]"
Add component (AddParameter): Name = "Manufacturer_Name"; Value = "Vishay"; VariantName = "[No Variations]"
Add component (AddParameter): Name = "Manufacturer_Part_Number"; Value = "VJ0603Y104JXJAC"; VariantName = "[No Variations]"
Add component (AddParameter): Name = "Mouser Part Number"; Value = "77-VJ0603Y104JXJAC"; VariantName = "[No Variations]"
Add component (AddParameter): Name = "Mouser Price/Stock"; Value = "https://www.mouser.com/Search/Refine.aspx?Keyword=77-VJ0603Y104JXJAC"; VariantName = "[No Variations]"
Added Component: Designator=C313(CAPC2012X140N)
Add component (AddParameter): Name = "Arrow Part Number"; Value = ""; VariantName = "[No Variations]"
Add component (AddParameter): Name = "Arrow Price/Stock"; Value = ""; VariantName = "[No Variations]"
Add component (AddParameter): Name = "Datasheet Link"; Value = "http://datasheets.avx.com/X7RDielectric.pdf"; VariantName = "[No Variations]"
Add component (AddParameter): Name = "Height"; Value = "1.4mm"; VariantName = "[No Variations]"
Add component (AddParameter): Name = "Manufacturer_Name"; Value = "AVX"; VariantName = "[No Variations]"
Add component (AddParameter): Name = "Manufacturer_Part_Number"; Value = "08051C474KAT2A"; VariantName = "[No Variations]"
Add component (AddParameter): Name = "Mouser Part Number"; Value = "581-08051C474KAT2A"; VariantName = "[No Variations]"
Add component (AddParameter): Name = "Mouser Price/Stock"; Value = "https://www.mouser.co.uk/ProductDetail/AVX/08051C474KAT2A?qs=%2FjdEcI0p95Mz%2FN5KbrGN6Q%3D%3D"; VariantName = "[No Variations]"
Added Component: Designator=C314(CAPC1608X97N)
Add component (AddParameter): Name = "Arrow Part Number"; Value = ""; VariantName = "[No Variations]"
Add component (AddParameter): Name = "Arrow Price/Stock"; Value = ""; VariantName = "[No Variations]"
Add component (AddParameter): Name = "Datasheet Link"; Value = "http://www.vishay.com/docs/45226/vj31xrohsautomlcc.pdf"; VariantName = "[No Variations]"
Add component (AddParameter): Name = "Height"; Value = "1mm"; VariantName = "[No Variations]"
Add component (AddParameter): Name = "Manufacturer_Name"; Value = "Vishay"; VariantName = "[No Variations]"
Add component (AddParameter): Name = "Manufacturer_Part_Number"; Value = "VJ0603Y104JXJAC"; VariantName = "[No Variations]"
Add component (AddParameter): Name = "Mouser Part Number"; Value = "77-VJ0603Y104JXJAC"; VariantName = "[No Variations]"
Add component (AddParameter): Name = "Mouser Price/Stock"; Value = "https://www.mouser.com/Search/Refine.aspx?Keyword=77-VJ0603Y104JXJAC"; VariantName = "[No Variations]"
Added Component: Designator=C315(CAPC1608X87N)
Add component (AddParameter): Name = "Arrow Part Number"; Value = ""; VariantName = "[No Variations]"
Add component (AddParameter): Name = "Arrow Price/Stock"; Value = ""; VariantName = "[No Variations]"
Add component (AddParameter): Name = "Datasheet Link"; Value = "https://www.mouser.com/datasheet/2/212/KEM_C1007_X8R_ULTRA_150C_SMD-1102703.pdf"; VariantName = "[No Variations]"
Add component (AddParameter): Name = "Height"; Value = "0.87mm"; VariantName = "[No Variations]"
Add component (AddParameter): Name = "Manufacturer_Name"; Value = "Kemet"; VariantName = "[No Variations]"
Add component (AddParameter): Name = "Manufacturer_Part_Number"; Value = "C0603C101K1HACTU"; VariantName = "[No Variations]"
Add component (AddParameter): Name = "Mouser Part Number"; Value = "80-C0603C101K1HACTU"; VariantName = "[No Variations]"
Add component (AddParameter): Name = "Mouser Price/Stock"; Value = "https://www.mouser.co.uk/ProductDetail/KEMET/C0603C101K1HACTU?qs=W0yvOO0ixfE5G01qpfeqIQ%3D%3D"; VariantName = "[No Variations]"
Added Component: Designator=C316(CAPC2012X140N)
Add component (AddParameter): Name = "Arrow Part Number"; Value = ""; VariantName = "[No Variations]"
Add component (AddParameter): Name = "Arrow Price/Stock"; Value = ""; VariantName = "[No Variations]"
Add component (AddParameter): Name = "Datasheet Link"; Value = "http://datasheets.avx.com/X7RDielectric.pdf"; VariantName = "[No Variations]"
Add component (AddParameter): Name = "Height"; Value = "1.4mm"; VariantName = "[No Variations]"
Add component (AddParameter): Name = "Manufacturer_Name"; Value = "AVX"; VariantName = "[No Variations]"
Add component (AddParameter): Name = "Manufacturer_Part_Number"; Value = "08051C474KAT2A"; VariantName = "[No Variations]"
Add component (AddParameter): Name = "Mouser Part Number"; Value = "581-08051C474KAT2A"; VariantName = "[No Variations]"
Add component (AddParameter): Name = "Mouser Price/Stock"; Value = "https://www.mouser.co.uk/ProductDetail/AVX/08051C474KAT2A?qs=%2FjdEcI0p95Mz%2FN5KbrGN6Q%3D%3D"; VariantName = "[No Variations]"
Added Component: Designator=CON101(DF13A8P125H21)
Add component (AddParameter): Name = "Arrow Part Number"; Value = ""; VariantName = "[No Variations]"
Add component (AddParameter): Name = "Arrow Price/Stock"; Value = ""; VariantName = "[No Variations]"
Add component (AddParameter): Name = "Datasheet Link"; Value = "http://uk.rs-online.com/web/p/products/7793617P"; VariantName = "[No Variations]"
Add component (AddParameter): Name = "Height"; Value = "3.6mm"; VariantName = "[No Variations]"
Add component (AddParameter): Name = "Manufacturer_Name"; Value = "Hirose"; VariantName = "[No Variations]"
Add component (AddParameter): Name = "Manufacturer_Part_Number"; Value = "DF13A-8P-1.25H(21)"; VariantName = "[No Variations]"
Add component (AddParameter): Name = "Mouser Part Number"; Value = "798-DF13A8P125H21"; VariantName = "[No Variations]"
Add component (AddParameter): Name = "Mouser Price/Stock"; Value = "https://www.mouser.co.uk/ProductDetail/Hirose-Connector/DF13A-8P-125H21?qs=XQjbzJWzFPViW0MGk5%2FVbA%3D%3D"; VariantName = "[No Variations]"
Added Component: Designator=CON102(DF13A4P125H51)
Add component (AddParameter): Name = "Arrow Part Number"; Value = ""; VariantName = "[No Variations]"
Add component (AddParameter): Name = "Arrow Price/Stock"; Value = ""; VariantName = "[No Variations]"
Add component (AddParameter): Name = "Datasheet Link"; Value = "https://www.hirose.com/product/en/products/DF13/DF13A-4P-1.25H%2851%29/"; VariantName = "[No Variations]"
Add component (AddParameter): Name = "Height"; Value = "3mm"; VariantName = "[No Variations]"
Add component (AddParameter): Name = "Manufacturer_Name"; Value = "Hirose"; VariantName = "[No Variations]"
Add component (AddParameter): Name = "Manufacturer_Part_Number"; Value = "DF13A-4P-1.25H(51)"; VariantName = "[No Variations]"
Add component (AddParameter): Name = "Mouser Part Number"; Value = "798-DF13A4P125H51"; VariantName = "[No Variations]"
Add component (AddParameter): Name = "Mouser Price/Stock"; Value = "https://www.mouser.co.uk/ProductDetail/Hirose-Connector/DF13A-4P-125H51?qs=XQjbzJWzFPVR%252B%2FH2vthd9w%3D%3D"; VariantName = "[No Variations]"
Added Component: Designator=IC 101(QFN40P1050X650X90-77N)
Added Component: Designator=IC102(74HCT595BQ115)
Add component (AddParameter): Name = "Arrow Part Number"; Value = "74LVC138ABQ,115"; VariantName = "[No Variations]"
Add component (AddParameter): Name = "Arrow Price/Stock"; Value = "https://www.arrow.com/en/products/74lvc138abq115/nexperia"; VariantName = "[No Variations]"
Add component (AddParameter): Name = "Datasheet Link"; Value = "https://assets.nexperia.com/documents/data-sheet/74LVC138A.pdf"; VariantName = "[No Variations]"
Add component (AddParameter): Name = "Manufacturer_Name"; Value = "Nexperia"; VariantName = "[No Variations]"
Add component (AddParameter): Name = "Manufacturer_Part_Number"; Value = "74LVC138ABQ,115"; VariantName = "[No Variations]"
Add component (AddParameter): Name = "Mouser Part Number"; Value = "771-LVC138ABQ115"; VariantName = "[No Variations]"
Add component (AddParameter): Name = "Mouser Price/Stock"; Value = "https://www.mouser.co.uk/ProductDetail/Nexperia/74LVC138ABQ115?qs=me8TqzrmIYUqHGpwzmLq4w%3D%3D"; VariantName = "[No Variations]"
Added Component: Designator=IC103(SOT230P700X180-4N)
Add component (AddParameter): Name = "Arrow Part Number"; Value = "AP2114H-3.3TRG1"; VariantName = "[No Variations]"
Add component (AddParameter): Name = "Arrow Price/Stock"; Value = "https://www.arrow.com/en/products/ap2114h-3.3trg1/diodes-incorporated"; VariantName = "[No Variations]"
Add component (AddParameter): Name = "Datasheet Link"; Value = "http://uk.rs-online.com/web/p/products/8283528"; VariantName = "[No Variations]"
Add component (AddParameter): Name = "Height"; Value = "1.8mm"; VariantName = "[No Variations]"
Add component (AddParameter): Name = "Manufacturer_Name"; Value = "Diodes Inc."; VariantName = "[No Variations]"
Add component (AddParameter): Name = "Manufacturer_Part_Number"; Value = "AP2114H-3.3TRG1"; VariantName = "[No Variations]"
Add component (AddParameter): Name = "Mouser Part Number"; Value = "621-AP2114H-3.3TRG1"; VariantName = "[No Variations]"
Add component (AddParameter): Name = "Mouser Price/Stock"; Value = "https://www.mouser.co.uk/ProductDetail/Diodes-Incorporated/AP2114H-33TRG1?qs=x6A8l6qLYDDSG%2FfwzcsOhw%3D%3D"; VariantName = "[No Variations]"
Added Component: Designator=IC300(QFN50P600X600X80-41N-D)
Add component (AddParameter): Name = "Arrow Part Number"; Value = "DRV8323HRTAR"; VariantName = "[No Variations]"
Add component (AddParameter): Name = "Arrow Price/Stock"; Value = "https://www.arrow.com/en/products/drv8323hrtar/texas-instruments"; VariantName = "[No Variations]"
Add component (AddParameter): Name = "Datasheet Link"; Value = "http://www.ti.com/lit/gpn/drv8323"; VariantName = "[No Variations]"
Add component (AddParameter): Name = "Height"; Value = "0.8mm"; VariantName = "[No Variations]"
Add component (AddParameter): Name = "Manufacturer_Name"; Value = "Texas Instruments"; VariantName = "[No Variations]"
Add component (AddParameter): Name = "Manufacturer_Part_Number"; Value = "DRV8323HRTAR"; VariantName = "[No Variations]"
Add component (AddParameter): Name = "Mouser Part Number"; Value = "595-DRV8323HRTAR"; VariantName = "[No Variations]"
Add component (AddParameter): Name = "Mouser Price/Stock"; Value = "https://www.mouser.co.uk/ProductDetail/Texas-Instruments/DRV8323HRTAR?qs=u4fy%2FsgLU9N%252BsI8bz2iwaQ%3D%3D"; VariantName = "[No Variations]"
Added Component: Designator=JP1(SolderJmp_0.8mm)
Added Component: Designator=JP2(SolderJmp_0.8mm)
Added Component: Designator=JP3(SolderJmp_0.8mm)
Added Component: Designator=JP4(SolderJmp_0.8mm)
Added Component: Designator=JP5(SolderJmp_0.8mm)
Added Component: Designator=JP6(SolderJmp_0.8mm)
Added Component: Designator=JP7(SolderJmp_0.8mm)
Added Component: Designator=JP8(SolderJmp_0.8mm)
Added Component: Designator=L101(BLM18KG101TH1D)
Add component (AddParameter): Name = "Arrow Part Number"; Value = "BLM18KG300TH1D"; VariantName = "[No Variations]"
Add component (AddParameter): Name = "Arrow Price/Stock"; Value = "https://www.arrow.com/en/products/blm18kg300th1d/murata-manufacturing"; VariantName = "[No Variations]"
Add component (AddParameter): Name = "Datasheet Link"; Value = "https://www.murata.com/en-us/products/productdetail?partno=BLM18KG300TH1%23"; VariantName = "[No Variations]"
Add component (AddParameter): Name = "Height"; Value = "0.75mm"; VariantName = "[No Variations]"
Add component (AddParameter): Name = "Manufacturer_Name"; Value = "Murata Electronics"; VariantName = "[No Variations]"
Add component (AddParameter): Name = "Manufacturer_Part_Number"; Value = "BLM18KG300TH1D"; VariantName = "[No Variations]"
Add component (AddParameter): Name = "Mouser Part Number"; Value = "81-BLM18KG300TH1D"; VariantName = "[No Variations]"
Add component (AddParameter): Name = "Mouser Price/Stock"; Value = "https://www.mouser.com/Search/Refine.aspx?Keyword=81-BLM18KG300TH1D"; VariantName = "[No Variations]"
Added Component: Designator=LED300(LSL29KG1J21Z)
Add component (AddParameter): Name = "Arrow Part Number"; Value = ""; VariantName = "[No Variations]"
Add component (AddParameter): Name = "Arrow Price/Stock"; Value = ""; VariantName = "[No Variations]"
Add component (AddParameter): Name = "Datasheet Link"; Value = "https://dammedia.osram.info/media/resource/hires/osram-dam-5662679/LS%20L29K_EN.pdf"; VariantName = "[No Variations]"
Add component (AddParameter): Name = "Height"; Value = "0.67mm"; VariantName = "[No Variations]"
Add component (AddParameter): Name = "Manufacturer_Name"; Value = "OSRAM"; VariantName = "[No Variations]"
Add component (AddParameter): Name = "Manufacturer_Part_Number"; Value = "LS L29K-G1J2-1-Z"; VariantName = "[No Variations]"
Add component (AddParameter): Name = "Mouser Part Number"; Value = "720-LSL29K-G1J2-1-Z"; VariantName = "[No Variations]"
Add component (AddParameter): Name = "Mouser Price/Stock"; Value = "https://www.mouser.co.uk/ProductDetail/OSRAM-Opto-Semiconductors/LS-L29K-G1J2-1-Z?qs=nTDll3UaDK6mUW9LNPY0Mw%3D%3D"; VariantName = "[No Variations]"
Added Component: Designator=Q300(TPHR9003NLL1Q)
Add component (AddParameter): Name = "Arrow Part Number"; Value = "TPH2R506PL,L1Q"; VariantName = "[No Variations]"
Add component (AddParameter): Name = "Arrow Price/Stock"; Value = "https://www.arrow.com/en/products/tph2r506pll1q/toshiba"; VariantName = "[No Variations]"
Add component (AddParameter): Name = "Datasheet Link"; Value = "http://toshiba.semicon-storage.com/info/docget.jsp?did=55522&prodName=TPH2R506PL"; VariantName = "[No Variations]"
Add component (AddParameter): Name = "Height"; Value = "1mm"; VariantName = "[No Variations]"
Add component (AddParameter): Name = "Manufacturer_Name"; Value = "Toshiba"; VariantName = "[No Variations]"
Add component (AddParameter): Name = "Manufacturer_Part_Number"; Value = "TPH2R506PL,L1Q"; VariantName = "[No Variations]"
Add component (AddParameter): Name = "Mouser Part Number"; Value = "757-TPH2R506PLL1Q"; VariantName = "[No Variations]"
Add component (AddParameter): Name = "Mouser Price/Stock"; Value = "https://www.mouser.co.uk/ProductDetail/Toshiba/TPH2R506PLL1Q?qs=bUPhaerQQeFGJjj6SxbPEQ%3D%3D"; VariantName = "[No Variations]"
Added Component: Designator=Q301(TPHR9003NLL1Q)
Add component (AddParameter): Name = "Arrow Part Number"; Value = "TPH2R506PL,L1Q"; VariantName = "[No Variations]"
Add component (AddParameter): Name = "Arrow Price/Stock"; Value = "https://www.arrow.com/en/products/tph2r506pll1q/toshiba"; VariantName = "[No Variations]"
Add component (AddParameter): Name = "Datasheet Link"; Value = "http://toshiba.semicon-storage.com/info/docget.jsp?did=55522&prodName=TPH2R506PL"; VariantName = "[No Variations]"
Add component (AddParameter): Name = "Height"; Value = "1mm"; VariantName = "[No Variations]"
Add component (AddParameter): Name = "Manufacturer_Name"; Value = "Toshiba"; VariantName = "[No Variations]"
Add component (AddParameter): Name = "Manufacturer_Part_Number"; Value = "TPH2R506PL,L1Q"; VariantName = "[No Variations]"
Add component (AddParameter): Name = "Mouser Part Number"; Value = "757-TPH2R506PLL1Q"; VariantName = "[No Variations]"
Add component (AddParameter): Name = "Mouser Price/Stock"; Value = "https://www.mouser.co.uk/ProductDetail/Toshiba/TPH2R506PLL1Q?qs=bUPhaerQQeFGJjj6SxbPEQ%3D%3D"; VariantName = "[No Variations]"
Added Component: Designator=Q302(TPHR9003NLL1Q)
Add component (AddParameter): Name = "Arrow Part Number"; Value = "TPH2R506PL,L1Q"; VariantName = "[No Variations]"
Add component (AddParameter): Name = "Arrow Price/Stock"; Value = "https://www.arrow.com/en/products/tph2r506pll1q/toshiba"; VariantName = "[No Variations]"
Add component (AddParameter): Name = "Datasheet Link"; Value = "http://toshiba.semicon-storage.com/info/docget.jsp?did=55522&prodName=TPH2R506PL"; VariantName = "[No Variations]"
Add component (AddParameter): Name = "Height"; Value = "1mm"; VariantName = "[No Variations]"
Add component (AddParameter): Name = "Manufacturer_Name"; Value = "Toshiba"; VariantName = "[No Variations]"
Add component (AddParameter): Name = "Manufacturer_Part_Number"; Value = "TPH2R506PL,L1Q"; VariantName = "[No Variations]"
Add component (AddParameter): Name = "Mouser Part Number"; Value = "757-TPH2R506PLL1Q"; VariantName = "[No Variations]"
Add component (AddParameter): Name = "Mouser Price/Stock"; Value = "https://www.mouser.co.uk/ProductDetail/Toshiba/TPH2R506PLL1Q?qs=bUPhaerQQeFGJjj6SxbPEQ%3D%3D"; VariantName = "[No Variations]"
Added Component: Designator=Q303(TPHR9003NLL1Q)
Add component (AddParameter): Name = "Arrow Part Number"; Value = "TPH2R506PL,L1Q"; VariantName = "[No Variations]"
Add component (AddParameter): Name = "Arrow Price/Stock"; Value = "https://www.arrow.com/en/products/tph2r506pll1q/toshiba"; VariantName = "[No Variations]"
Add component (AddParameter): Name = "Datasheet Link"; Value = "http://toshiba.semicon-storage.com/info/docget.jsp?did=55522&prodName=TPH2R506PL"; VariantName = "[No Variations]"
Add component (AddParameter): Name = "Height"; Value = "1mm"; VariantName = "[No Variations]"
Add component (AddParameter): Name = "Manufacturer_Name"; Value = "Toshiba"; VariantName = "[No Variations]"
Add component (AddParameter): Name = "Manufacturer_Part_Number"; Value = "TPH2R506PL,L1Q"; VariantName = "[No Variations]"
Add component (AddParameter): Name = "Mouser Part Number"; Value = "757-TPH2R506PLL1Q"; VariantName = "[No Variations]"
Add component (AddParameter): Name = "Mouser Price/Stock"; Value = "https://www.mouser.co.uk/ProductDetail/Toshiba/TPH2R506PLL1Q?qs=bUPhaerQQeFGJjj6SxbPEQ%3D%3D"; VariantName = "[No Variations]"
Added Component: Designator=Q304(TPHR9003NLL1Q)
Add component (AddParameter): Name = "Arrow Part Number"; Value = "TPH2R506PL,L1Q"; VariantName = "[No Variations]"
Add component (AddParameter): Name = "Arrow Price/Stock"; Value = "https://www.arrow.com/en/products/tph2r506pll1q/toshiba"; VariantName = "[No Variations]"
Add component (AddParameter): Name = "Datasheet Link"; Value = "http://toshiba.semicon-storage.com/info/docget.jsp?did=55522&prodName=TPH2R506PL"; VariantName = "[No Variations]"
Add component (AddParameter): Name = "Height"; Value = "1mm"; VariantName = "[No Variations]"
Add component (AddParameter): Name = "Manufacturer_Name"; Value = "Toshiba"; VariantName = "[No Variations]"
Add component (AddParameter): Name = "Manufacturer_Part_Number"; Value = "TPH2R506PL,L1Q"; VariantName = "[No Variations]"
Add component (AddParameter): Name = "Mouser Part Number"; Value = "757-TPH2R506PLL1Q"; VariantName = "[No Variations]"
Add component (AddParameter): Name = "Mouser Price/Stock"; Value = "https://www.mouser.co.uk/ProductDetail/Toshiba/TPH2R506PLL1Q?qs=bUPhaerQQeFGJjj6SxbPEQ%3D%3D"; VariantName = "[No Variations]"
Added Component: Designator=Q305(TPHR9003NLL1Q)
Add component (AddParameter): Name = "Arrow Part Number"; Value = "TPH2R506PL,L1Q"; VariantName = "[No Variations]"
Add component (AddParameter): Name = "Arrow Price/Stock"; Value = "https://www.arrow.com/en/products/tph2r506pll1q/toshiba"; VariantName = "[No Variations]"
Add component (AddParameter): Name = "Datasheet Link"; Value = "http://toshiba.semicon-storage.com/info/docget.jsp?did=55522&prodName=TPH2R506PL"; VariantName = "[No Variations]"
Add component (AddParameter): Name = "Height"; Value = "1mm"; VariantName = "[No Variations]"
Add component (AddParameter): Name = "Manufacturer_Name"; Value = "Toshiba"; VariantName = "[No Variations]"
Add component (AddParameter): Name = "Manufacturer_Part_Number"; Value = "TPH2R506PL,L1Q"; VariantName = "[No Variations]"
Add component (AddParameter): Name = "Mouser Part Number"; Value = "757-TPH2R506PLL1Q"; VariantName = "[No Variations]"
Add component (AddParameter): Name = "Mouser Price/Stock"; Value = "https://www.mouser.co.uk/ProductDetail/Toshiba/TPH2R506PLL1Q?qs=bUPhaerQQeFGJjj6SxbPEQ%3D%3D"; VariantName = "[No Variations]"
Added Component: Designator=R100(RESC1608X55N)
Add component (AddParameter): Name = "Arrow Part Number"; Value = "RC0603FR-0710KL"; VariantName = "[No Variations]"
Add component (AddParameter): Name = "Arrow Price/Stock"; Value = "https://www.arrow.com/en/products/rc0603fr-0710kl/yageo"; VariantName = "[No Variations]"
Add component (AddParameter): Name = "Datasheet Link"; Value = "http://www.yageo.com/documents/recent/PYu-RC0603_51_RoHS_L_v5.pdf"; VariantName = "[No Variations]"
Add component (AddParameter): Name = "Height"; Value = "0.55mm"; VariantName = "[No Variations]"
Add component (AddParameter): Name = "Manufacturer_Name"; Value = "YAGEO (PHYCOMP)"; VariantName = "[No Variations]"
Add component (AddParameter): Name = "Manufacturer_Part_Number"; Value = "RC0603FR-0710KL"; VariantName = "[No Variations]"
Add component (AddParameter): Name = "Mouser Part Number"; Value = "603-RC0603FR-0710KL"; VariantName = "[No Variations]"
Add component (AddParameter): Name = "Mouser Price/Stock"; Value = "https://www.mouser.co.uk/ProductDetail/Yageo/RC0603FR-0710KL?qs=grNVn54RoB%252B3GtjbJj3wJQ%3D%3D"; VariantName = "[No Variations]"
Added Component: Designator=R101(RESC1608X55N)
Add component (AddParameter): Name = "Arrow Part Number"; Value = "RC0603FR-0710KL"; VariantName = "[No Variations]"
Add component (AddParameter): Name = "Arrow Price/Stock"; Value = "https://www.arrow.com/en/products/rc0603fr-0710kl/yageo"; VariantName = "[No Variations]"
Add component (AddParameter): Name = "Datasheet Link"; Value = "http://www.yageo.com/documents/recent/PYu-RC0603_51_RoHS_L_v5.pdf"; VariantName = "[No Variations]"
Add component (AddParameter): Name = "Height"; Value = "0.55mm"; VariantName = "[No Variations]"
Add component (AddParameter): Name = "Manufacturer_Name"; Value = "YAGEO (PHYCOMP)"; VariantName = "[No Variations]"
Add component (AddParameter): Name = "Manufacturer_Part_Number"; Value = "RC0603FR-0710KL"; VariantName = "[No Variations]"
Add component (AddParameter): Name = "Mouser Part Number"; Value = "603-RC0603FR-0710KL"; VariantName = "[No Variations]"
Add component (AddParameter): Name = "Mouser Price/Stock"; Value = "https://www.mouser.co.uk/ProductDetail/Yageo/RC0603FR-0710KL?qs=grNVn54RoB%252B3GtjbJj3wJQ%3D%3D"; VariantName = "[No Variations]"
Added Component: Designator=R102(RESC1608X55N)
Add component (AddParameter): Name = "Arrow Part Number"; Value = "CRCW0603100RFKEAC"; VariantName = "[No Variations]"
Add component (AddParameter): Name = "Arrow Price/Stock"; Value = "https://www.arrow.com/en/products/crcw0603100rfkeac/vishay"; VariantName = "[No Variations]"
Add component (AddParameter): Name = "Datasheet Link"; Value = "https://componentsearchengine.com/Datasheets/1/CRCW0603100RFKEAC.pdf"; VariantName = "[No Variations]"
Add component (AddParameter): Name = "Height"; Value = "0.55mm"; VariantName = "[No Variations]"
Add component (AddParameter): Name = "Manufacturer_Name"; Value = "Vishay"; VariantName = "[No Variations]"
Add component (AddParameter): Name = "Manufacturer_Part_Number"; Value = "CRCW0603100RFKEAC"; VariantName = "[No Variations]"
Add component (AddParameter): Name = "Mouser Part Number"; Value = "71-CRCW0603100RFKEAC"; VariantName = "[No Variations]"
Add component (AddParameter): Name = "Mouser Price/Stock"; Value = "https://www.mouser.co.uk/ProductDetail/Vishay-Dale/CRCW0603100RFKEAC/?qs=E3Y5ESvWgWPJqb4%2F19sAKw%3D%3D"; VariantName = "[No Variations]"
Added Component: Designator=R300(RESC1608X55N)
Add component (AddParameter): Name = "Arrow Part Number"; Value = "RC0603FR-071ML"; VariantName = "[No Variations]"
Add component (AddParameter): Name = "Arrow Price/Stock"; Value = "https://www.arrow.com/en/products/rc0603fr-071ml/yageo"; VariantName = "[No Variations]"
Add component (AddParameter): Name = "Datasheet Link"; Value = "https://www.yageo.com/upload/media/product/productsearch/datasheet/rchip/PYu-RC_Group_51_RoHS_L_11.pdf"; VariantName = "[No Variations]"
Add component (AddParameter): Name = "Height"; Value = "0.55mm"; VariantName = "[No Variations]"
Add component (AddParameter): Name = "Manufacturer_Name"; Value = "YAGEO (PHYCOMP)"; VariantName = "[No Variations]"
Add component (AddParameter): Name = "Manufacturer_Part_Number"; Value = "RC0603FR-071ML"; VariantName = "[No Variations]"
Add component (AddParameter): Name = "Mouser Part Number"; Value = "603-RC0603FR-071ML"; VariantName = "[No Variations]"
Add component (AddParameter): Name = "Mouser Price/Stock"; Value = "https://www.mouser.co.uk/ProductDetail/Yageo/RC0603FR-071ML/?qs=VU8sRB4EgwDPceeQKB324w%3D%3D"; VariantName = "[No Variations]"
Added Component: Designator=R301(WSK12161L000FEA)
Add component (AddParameter): Name = "Arrow Part Number"; Value = ""; VariantName = "[No Variations]"
Add component (AddParameter): Name = "Arrow Price/Stock"; Value = ""; VariantName = "[No Variations]"
Add component (AddParameter): Name = "Datasheet Link"; Value = "http://www.vishay.com/docs/30189/wsk1216.pdf"; VariantName = "[No Variations]"
Add component (AddParameter): Name = "Height"; Value = "1.9mm"; VariantName = "[No Variations]"
Add component (AddParameter): Name = "Manufacturer_Name"; Value = "Vishay"; VariantName = "[No Variations]"
Add component (AddParameter): Name = "Manufacturer_Part_Number"; Value = "WSK1216L5000FEA"; VariantName = "[No Variations]"
Add component (AddParameter): Name = "Mouser Part Number"; Value = ""; VariantName = "[No Variations]"
Add component (AddParameter): Name = "Mouser Price/Stock"; Value = ""; VariantName = "[No Variations]"
Added Component: Designator=R302(WSK12161L000FEA)
Add component (AddParameter): Name = "Arrow Part Number"; Value = ""; VariantName = "[No Variations]"
Add component (AddParameter): Name = "Arrow Price/Stock"; Value = ""; VariantName = "[No Variations]"
Add component (AddParameter): Name = "Datasheet Link"; Value = "http://www.vishay.com/docs/30189/wsk1216.pdf"; VariantName = "[No Variations]"
Add component (AddParameter): Name = "Height"; Value = "1.9mm"; VariantName = "[No Variations]"
Add component (AddParameter): Name = "Manufacturer_Name"; Value = "Vishay"; VariantName = "[No Variations]"
Add component (AddParameter): Name = "Manufacturer_Part_Number"; Value = "WSK1216L5000FEA"; VariantName = "[No Variations]"
Add component (AddParameter): Name = "Mouser Part Number"; Value = ""; VariantName = "[No Variations]"
Add component (AddParameter): Name = "Mouser Price/Stock"; Value = ""; VariantName = "[No Variations]"
Added Component: Designator=R303(RESC1608X55N)
Add component (AddParameter): Name = "Arrow Part Number"; Value = "RC0603FR-0710KL"; VariantName = "[No Variations]"
Add component (AddParameter): Name = "Arrow Price/Stock"; Value = "https://www.arrow.com/en/products/rc0603fr-0710kl/yageo"; VariantName = "[No Variations]"
Add component (AddParameter): Name = "Datasheet Link"; Value = "http://www.yageo.com/documents/recent/PYu-RC0603_51_RoHS_L_v5.pdf"; VariantName = "[No Variations]"
Add component (AddParameter): Name = "Height"; Value = "0.55mm"; VariantName = "[No Variations]"
Add component (AddParameter): Name = "Manufacturer_Name"; Value = "YAGEO (PHYCOMP)"; VariantName = "[No Variations]"
Add component (AddParameter): Name = "Manufacturer_Part_Number"; Value = "RC0603FR-0710KL"; VariantName = "[No Variations]"
Add component (AddParameter): Name = "Mouser Part Number"; Value = "603-RC0603FR-0710KL"; VariantName = "[No Variations]"
Add component (AddParameter): Name = "Mouser Price/Stock"; Value = "https://www.mouser.co.uk/ProductDetail/Yageo/RC0603FR-0710KL?qs=grNVn54RoB%252B3GtjbJj3wJQ%3D%3D"; VariantName = "[No Variations]"
Added Component: Designator=R304(RESC1608X55N)
Add component (AddParameter): Name = "Arrow Part Number"; Value = "RC0603FR-0710KL"; VariantName = "[No Variations]"
Add component (AddParameter): Name = "Arrow Price/Stock"; Value = "https://www.arrow.com/en/products/rc0603fr-0710kl/yageo"; VariantName = "[No Variations]"
Add component (AddParameter): Name = "Datasheet Link"; Value = "http://www.yageo.com/documents/recent/PYu-RC0603_51_RoHS_L_v5.pdf"; VariantName = "[No Variations]"
Add component (AddParameter): Name = "Height"; Value = "0.55mm"; VariantName = "[No Variations]"
Add component (AddParameter): Name = "Manufacturer_Name"; Value = "YAGEO (PHYCOMP)"; VariantName = "[No Variations]"
Add component (AddParameter): Name = "Manufacturer_Part_Number"; Value = "RC0603FR-0710KL"; VariantName = "[No Variations]"
Add component (AddParameter): Name = "Mouser Part Number"; Value = "603-RC0603FR-0710KL"; VariantName = "[No Variations]"
Add component (AddParameter): Name = "Mouser Price/Stock"; Value = "https://www.mouser.co.uk/ProductDetail/Yageo/RC0603FR-0710KL?qs=grNVn54RoB%252B3GtjbJj3wJQ%3D%3D"; VariantName = "[No Variations]"
Added Component: Designator=R305(RESC1608X55N)
Add component (AddParameter): Name = "Arrow Part Number"; Value = "CRCW0603100RFKEAC"; VariantName = "[No Variations]"
Add component (AddParameter): Name = "Arrow Price/Stock"; Value = "https://www.arrow.com/en/products/crcw0603100rfkeac/vishay"; VariantName = "[No Variations]"
Add component (AddParameter): Name = "Datasheet Link"; Value = "https://componentsearchengine.com/Datasheets/1/CRCW0603100RFKEAC.pdf"; VariantName = "[No Variations]"
Add component (AddParameter): Name = "Height"; Value = "0.55mm"; VariantName = "[No Variations]"
Add component (AddParameter): Name = "Manufacturer_Name"; Value = "Vishay"; VariantName = "[No Variations]"
Add component (AddParameter): Name = "Manufacturer_Part_Number"; Value = "CRCW0603100RFKEAC"; VariantName = "[No Variations]"
Add component (AddParameter): Name = "Mouser Part Number"; Value = "71-CRCW0603100RFKEAC"; VariantName = "[No Variations]"
Add component (AddParameter): Name = "Mouser Price/Stock"; Value = "https://www.mouser.co.uk/ProductDetail/Vishay-Dale/CRCW0603100RFKEAC/?qs=E3Y5ESvWgWPJqb4%2F19sAKw%3D%3D"; VariantName = "[No Variations]"
Added Component: Designator=R306(RESC1608X55N)
Add component (AddParameter): Name = "Arrow Part Number"; Value = "CRCW0603100RFKEAC"; VariantName = "[No Variations]"
Add component (AddParameter): Name = "Arrow Price/Stock"; Value = "https://www.arrow.com/en/products/crcw0603100rfkeac/vishay"; VariantName = "[No Variations]"
Add component (AddParameter): Name = "Datasheet Link"; Value = "https://componentsearchengine.com/Datasheets/1/CRCW0603100RFKEAC.pdf"; VariantName = "[No Variations]"
Add component (AddParameter): Name = "Height"; Value = "0.55mm"; VariantName = "[No Variations]"
Add component (AddParameter): Name = "Manufacturer_Name"; Value = "Vishay"; VariantName = "[No Variations]"
Add component (AddParameter): Name = "Manufacturer_Part_Number"; Value = "CRCW0603100RFKEAC"; VariantName = "[No Variations]"
Add component (AddParameter): Name = "Mouser Part Number"; Value = "71-CRCW0603100RFKEAC"; VariantName = "[No Variations]"
Add component (AddParameter): Name = "Mouser Price/Stock"; Value = "https://www.mouser.co.uk/ProductDetail/Vishay-Dale/CRCW0603100RFKEAC/?qs=E3Y5ESvWgWPJqb4%2F19sAKw%3D%3D"; VariantName = "[No Variations]"
Added Component: Designator=R307(RESC1608X55N)
Add component (AddParameter): Name = "Arrow Part Number"; Value = ""; VariantName = "[No Variations]"
Add component (AddParameter): Name = "Arrow Price/Stock"; Value = ""; VariantName = "[No Variations]"
Add component (AddParameter): Name = "Datasheet Link"; Value = "http://www.yageo.com/documents/recent/PYu-RC0603_51_RoHS_L_v5.pdf"; VariantName = "[No Variations]"
Add component (AddParameter): Name = "Height"; Value = "0.55mm"; VariantName = "[No Variations]"
Add component (AddParameter): Name = "Manufacturer_Name"; Value = "YAGEO (PHYCOMP)"; VariantName = "[No Variations]"
Add component (AddParameter): Name = "Manufacturer_Part_Number"; Value = "RC0603FR-10470RL"; VariantName = "[No Variations]"
Add component (AddParameter): Name = "Mouser Part Number"; Value = "603-RC0603FR-10470RL"; VariantName = "[No Variations]"
Add component (AddParameter): Name = "Mouser Price/Stock"; Value = "https://www.mouser.co.uk/ProductDetail/Yageo/RC0603FR-10470RL?qs=EiqXWrxQq62gi8HBTlzDog%3D%3D"; VariantName = "[No Variations]"
Added Component: Designator=S300(PTS647SK38SMTR2LFS)
Add component (AddParameter): Name = "Arrow Part Number"; Value = ""; VariantName = "[No Variations]"
Add component (AddParameter): Name = "Arrow Price/Stock"; Value = ""; VariantName = "[No Variations]"
Add component (AddParameter): Name = "Datasheet Link"; Value = "https://www.ckswitches.com/media/2567/pts647.pdf"; VariantName = "[No Variations]"
Add component (AddParameter): Name = "Height"; Value = "3.8mm"; VariantName = "[No Variations]"
Add component (AddParameter): Name = "Manufacturer_Name"; Value = "C & K COMPONENTS"; VariantName = "[No Variations]"
Add component (AddParameter): Name = "Manufacturer_Part_Number"; Value = "PTS647SK38SMTR2LFS"; VariantName = "[No Variations]"
Add component (AddParameter): Name = "Mouser Part Number"; Value = "611-PTS647SK38SMTR2L"; VariantName = "[No Variations]"
Add component (AddParameter): Name = "Mouser Price/Stock"; Value = "https://www.mouser.co.uk/ProductDetail/CK/PTS647SK38SMTR2LFS/?qs=PqoDHHvF649Jgx1Ch2uMjg%3D%3D"; VariantName = "[No Variations]"
Added Component: Designator=S301(PTS647SK38SMTR2LFS)
Add component (AddParameter): Name = "Arrow Part Number"; Value = ""; VariantName = "[No Variations]"
Add component (AddParameter): Name = "Arrow Price/Stock"; Value = ""; VariantName = "[No Variations]"
Add component (AddParameter): Name = "Datasheet Link"; Value = "https://www.ckswitches.com/media/2567/pts647.pdf"; VariantName = "[No Variations]"
Add component (AddParameter): Name = "Height"; Value = "3.8mm"; VariantName = "[No Variations]"
Add component (AddParameter): Name = "Manufacturer_Name"; Value = "C & K COMPONENTS"; VariantName = "[No Variations]"
Add component (AddParameter): Name = "Manufacturer_Part_Number"; Value = "PTS647SK38SMTR2LFS"; VariantName = "[No Variations]"
Add component (AddParameter): Name = "Mouser Part Number"; Value = "611-PTS647SK38SMTR2L"; VariantName = "[No Variations]"
Add component (AddParameter): Name = "Mouser Price/Stock"; Value = "https://www.mouser.co.uk/ProductDetail/CK/PTS647SK38SMTR2LFS/?qs=PqoDHHvF649Jgx1Ch2uMjg%3D%3D"; VariantName = "[No Variations]"
Added Component: Designator=XTL101(FOX924B25)
Added Pin To Net: NetName=+5 Pin=C101-1
Added Pin To Net: NetName=+5 Pin=C112-1
Added Pin To Net: NetName=+5 Pin=C308-2
Added Pin To Net: NetName=+5 Pin=CON101-1
Added Pin To Net: NetName=+5 Pin=IC103-3
Added Pin To Net: NetName=+5 Pin=IC300-24
Added Pin To Net: NetName=+5 Pin=IC 101-23
Added Net: Name=+5
Added Pin To Net: NetName=3V3 Pin=C100-1
Added Pin To Net: NetName=3V3 Pin=C102-1
Added Pin To Net: NetName=3V3 Pin=C103-2
Added Pin To Net: NetName=3V3 Pin=C104-2
Added Pin To Net: NetName=3V3 Pin=C105-2
Added Pin To Net: NetName=3V3 Pin=C106-2
Added Pin To Net: NetName=3V3 Pin=C107-2
Added Pin To Net: NetName=3V3 Pin=C108-2
Added Pin To Net: NetName=3V3 Pin=C113-2
Added Pin To Net: NetName=3V3 Pin=CON102-1
Added Pin To Net: NetName=3V3 Pin=IC102-6
Added Pin To Net: NetName=3V3 Pin=IC102-16
Added Pin To Net: NetName=3V3 Pin=IC103-2
Added Pin To Net: NetName=3V3 Pin=IC103-4
Added Pin To Net: NetName=3V3 Pin=IC 101-2
Added Pin To Net: NetName=3V3 Pin=IC 101-13
Added Pin To Net: NetName=3V3 Pin=IC 101-43
Added Pin To Net: NetName=3V3 Pin=IC 101-52
Added Pin To Net: NetName=3V3 Pin=IC 101-55
Added Pin To Net: NetName=3V3 Pin=IC 101-61
Added Pin To Net: NetName=3V3 Pin=IC 101-72
Added Pin To Net: NetName=3V3 Pin=L101-1
Added Pin To Net: NetName=3V3 Pin=R100-2
Added Pin To Net: NetName=3V3 Pin=R101-2
Added Pin To Net: NetName=3V3 Pin=R304-2
Added Net: Name=3V3
Added Pin To Net: NetName=GND Pin=C100-2
Added Pin To Net: NetName=GND Pin=C101-2
Added Pin To Net: NetName=GND Pin=C102-2
Added Pin To Net: NetName=GND Pin=C103-1
Added Pin To Net: NetName=GND Pin=C104-1
Added Pin To Net: NetName=GND Pin=C105-1
Added Pin To Net: NetName=GND Pin=C106-1
Added Pin To Net: NetName=GND Pin=C107-1
Added Pin To Net: NetName=GND Pin=C108-1
Added Pin To Net: NetName=GND Pin=C109-1
Added Pin To Net: NetName=GND Pin=C110-1
Added Pin To Net: NetName=GND Pin=C111-1
Added Pin To Net: NetName=GND Pin=C112-2
Added Pin To Net: NetName=GND Pin=C113-1
Added Pin To Net: NetName=GND Pin=C115-1
Added Pin To Net: NetName=GND Pin=C200-1
Added Pin To Net: NetName=GND Pin=C205-1
Added Pin To Net: NetName=GND Pin=C300-1
Added Pin To Net: NetName=GND Pin=C301-1
Added Pin To Net: NetName=GND Pin=C302-1
Added Pin To Net: NetName=GND Pin=C303-1
Added Pin To Net: NetName=GND Pin=C306-1
Added Pin To Net: NetName=GND Pin=C307-1
Added Pin To Net: NetName=GND Pin=C308-1
Added Pin To Net: NetName=GND Pin=C309-1
Added Pin To Net: NetName=GND Pin=C310-1
Added Pin To Net: NetName=GND Pin=C311-1
Added Pin To Net: NetName=GND Pin=C312-2
Added Pin To Net: NetName=GND Pin=C313-1
Added Pin To Net: NetName=GND Pin=C314-2
Added Pin To Net: NetName=GND Pin=C315-2
Added Pin To Net: NetName=GND Pin=C316-1
Added Pin To Net: NetName=GND Pin=CON101-8
Added Pin To Net: NetName=GND Pin=CON101-MP1
Added Pin To Net: NetName=GND Pin=CON101-MP2
Added Pin To Net: NetName=GND Pin=CON102-4
Added Pin To Net: NetName=GND Pin=CON102-5
Added Pin To Net: NetName=GND Pin=CON102-6
Added Pin To Net: NetName=GND Pin=IC102-4
Added Pin To Net: NetName=GND Pin=IC102-5
Added Pin To Net: NetName=GND Pin=IC102-8
Added Pin To Net: NetName=GND Pin=IC102-17
Added Pin To Net: NetName=GND Pin=IC103-1
Added Pin To Net: NetName=GND Pin=IC300-19
Added Pin To Net: NetName=GND Pin=IC300-20
Added Pin To Net: NetName=GND Pin=IC300-26
Added Pin To Net: NetName=GND Pin=IC300-32
Added Pin To Net: NetName=GND Pin=IC300-40
Added Pin To Net: NetName=GND Pin=IC300-41
Added Pin To Net: NetName=GND Pin=IC 101-3
Added Pin To Net: NetName=GND Pin=IC 101-14
Added Pin To Net: NetName=GND Pin=IC 101-24
Added Pin To Net: NetName=GND Pin=IC 101-44
Added Pin To Net: NetName=GND Pin=IC 101-53
Added Pin To Net: NetName=GND Pin=IC 101-54
Added Pin To Net: NetName=GND Pin=IC 101-62
Added Pin To Net: NetName=GND Pin=IC 101-73
Added Pin To Net: NetName=GND Pin=IC 101-77
Added Pin To Net: NetName=GND Pin=Q305-1
Added Pin To Net: NetName=GND Pin=Q305-2
Added Pin To Net: NetName=GND Pin=Q305-3
Added Pin To Net: NetName=GND Pin=R300-2
Added Pin To Net: NetName=GND Pin=R301-1
Added Pin To Net: NetName=GND Pin=R302-1
Added Pin To Net: NetName=GND Pin=S300-3
Added Pin To Net: NetName=GND Pin=S300-4
Added Pin To Net: NetName=GND Pin=S301-3
Added Pin To Net: NetName=GND Pin=S301-4
Added Pin To Net: NetName=GND Pin=XTL101-2
Added Net: Name=GND
Added Net: Name=HALL_U_5V
Added Net: Name=HALL_U_IN
Added Net: Name=HALL_V_5V
Added Net: Name=HALL_V_IN
Added Net: Name=HALL_W_5V
Added Net: Name=HALL_W_IN
Added Pin To Net: NetName=NetC109_2 Pin=C109-2
Added Pin To Net: NetName=NetC109_2 Pin=C110-2
Added Pin To Net: NetName=NetC109_2 Pin=C111-2
Added Pin To Net: NetName=NetC109_2 Pin=IC 101-15
Added Pin To Net: NetName=NetC109_2 Pin=IC 101-45
Added Pin To Net: NetName=NetC109_2 Pin=IC 101-63
Added Net: Name=NetC109_2
Added Pin To Net: NetName=NetC115_2 Pin=C115-2
Added Pin To Net: NetName=NetC115_2 Pin=L101-2
Added Pin To Net: NetName=NetC115_2 Pin=XTL101-4
Added Net: Name=NetC115_2
Added Pin To Net: NetName=NetC200_2 Pin=C200-2
Added Net: Name=NetC200_2
Added Pin To Net: NetName=NetC204_2 Pin=IC 101-16
Added Net: Name=NetC204_2
Added Pin To Net: NetName=NetC205_2 Pin=C205-2
Added Pin To Net: NetName=NetC205_2 Pin=IC 101-20
Added Pin To Net: NetName=NetC205_2 Pin=IC 101-74
Added Net: Name=NetC205_2
Added Pin To Net: NetName=NetC206_2 Pin=IC 101-18
Added Net: Name=NetC206_2
Added Pin To Net: NetName=NetC300_2 Pin=C300-2
Added Pin To Net: NetName=NetC300_2 Pin=IC300-27
Added Pin To Net: NetName=NetC300_2 Pin=IC300-29
Added Pin To Net: NetName=NetC300_2 Pin=IC300-33
Added Pin To Net: NetName=NetC300_2 Pin=R307-2
Added Net: Name=NetC300_2
Added Pin To Net: NetName=NetC304_1 Pin=C304-1
Added Pin To Net: NetName=NetC304_1 Pin=IC300-2
Added Net: Name=NetC304_1
Added Pin To Net: NetName=NetC304_2 Pin=C304-2
Added Pin To Net: NetName=NetC304_2 Pin=IC300-1
Added Net: Name=NetC304_2
Added Pin To Net: NetName=NetC305_2 Pin=C305-2
Added Pin To Net: NetName=NetC305_2 Pin=IC300-3
Added Net: Name=NetC305_2
Added Pin To Net: NetName=NetC309_2 Pin=C309-2
Added Pin To Net: NetName=NetC309_2 Pin=R305-2
Added Net: Name=NetC309_2
Added Pin To Net: NetName=NetC310_2 Pin=C310-2
Added Pin To Net: NetName=NetC310_2 Pin=R306-2
Added Net: Name=NetC310_2
Added Pin To Net: NetName=NetCON101_2 Pin=CON101-2
Added Pin To Net: NetName=NetCON101_2 Pin=IC102-1
Added Net: Name=NetCON101_2
Added Pin To Net: NetName=NetCON101_3 Pin=CON101-3
Added Pin To Net: NetName=NetCON101_3 Pin=IC102-2
Added Net: Name=NetCON101_3
Added Pin To Net: NetName=NetCON101_4 Pin=CON101-4
Added Pin To Net: NetName=NetCON101_4 Pin=IC102-3
Added Net: Name=NetCON101_4
Added Pin To Net: NetName=NetCON101_5 Pin=CON101-5
Added Pin To Net: NetName=NetCON101_5 Pin=IC 101-9
Added Net: Name=NetCON101_5
Added Pin To Net: NetName=NetCON101_6 Pin=CON101-6
Added Pin To Net: NetName=NetCON101_6 Pin=IC 101-8
Added Net: Name=NetCON101_6
Added Pin To Net: NetName=NetCON101_7 Pin=CON101-7
Added Pin To Net: NetName=NetCON101_7 Pin=IC 101-7
Added Net: Name=NetCON101_7
Added Pin To Net: NetName=NetCON102_2 Pin=CON102-2
Added Pin To Net: NetName=NetCON102_2 Pin=IC 101-10
Added Net: Name=NetCON102_2
Added Pin To Net: NetName=NetCON102_3 Pin=CON102-3
Added Pin To Net: NetName=NetCON102_3 Pin=IC 101-11
Added Net: Name=NetCON102_3
Added Pin To Net: NetName=NetIC 101_6 Pin=IC 101-6
Added Pin To Net: NetName=NetIC 101_6 Pin=JP1-1
Added Pin To Net: NetName=NetIC 101_6 Pin=JP2-1
Added Pin To Net: NetName=NetIC 101_6 Pin=JP3-1
Added Pin To Net: NetName=NetIC 101_6 Pin=JP4-1
Added Pin To Net: NetName=NetIC 101_6 Pin=JP5-1
Added Pin To Net: NetName=NetIC 101_6 Pin=JP6-1
Added Pin To Net: NetName=NetIC 101_6 Pin=JP7-1
Added Pin To Net: NetName=NetIC 101_6 Pin=JP8-1
Added Pin To Net: NetName=NetIC 101_6 Pin=R100-1
Added Net: Name=NetIC 101_6
Added Pin To Net: NetName=NetIC 101_12 Pin=IC 101-12
Added Net: Name=NetIC 101_12
Added Pin To Net: NetName=NetIC 101_17 Pin=IC 101-17
Added Net: Name=NetIC 101_17
Added Pin To Net: NetName=NetIC 101_19 Pin=IC 101-19
Added Net: Name=NetIC 101_19
Added Pin To Net: NetName=NetIC 101_32 Pin=IC 101-32
Added Pin To Net: NetName=NetIC 101_32 Pin=R303-2
Added Net: Name=NetIC 101_32
Added Pin To Net: NetName=NetIC 101_50 Pin=IC 101-50
Added Pin To Net: NetName=NetIC 101_50 Pin=R101-1
Added Pin To Net: NetName=NetIC 101_50 Pin=R102-1
Added Net: Name=NetIC 101_50
Added Pin To Net: NetName=NetIC 101_51 Pin=IC 101-51
Added Pin To Net: NetName=NetIC 101_51 Pin=XTL101-3
Added Net: Name=NetIC 101_51
Added Pin To Net: NetName=NetIC102_7 Pin=IC102-7
Added Pin To Net: NetName=NetIC102_7 Pin=JP8-2
Added Net: Name=NetIC102_7
Added Pin To Net: NetName=NetIC102_9 Pin=IC102-9
Added Pin To Net: NetName=NetIC102_9 Pin=JP7-2
Added Net: Name=NetIC102_9
Added Pin To Net: NetName=NetIC102_10 Pin=IC102-10
Added Pin To Net: NetName=NetIC102_10 Pin=JP6-2
Added Net: Name=NetIC102_10
Added Pin To Net: NetName=NetIC102_11 Pin=IC102-11
Added Pin To Net: NetName=NetIC102_11 Pin=JP5-2
Added Net: Name=NetIC102_11
Added Pin To Net: NetName=NetIC102_12 Pin=IC102-12
Added Pin To Net: NetName=NetIC102_12 Pin=JP4-2
Added Net: Name=NetIC102_12
Added Pin To Net: NetName=NetIC102_13 Pin=IC102-13
Added Pin To Net: NetName=NetIC102_13 Pin=JP3-2
Added Net: Name=NetIC102_13
Added Pin To Net: NetName=NetIC102_14 Pin=IC102-14
Added Pin To Net: NetName=NetIC102_14 Pin=JP2-2
Added Net: Name=NetIC102_14
Added Pin To Net: NetName=NetIC102_15 Pin=IC102-15
Added Pin To Net: NetName=NetIC102_15 Pin=JP1-2
Added Net: Name=NetIC102_15
Added Pin To Net: NetName=NetIC200_2 Pin=IC 101-38
Added Net: Name=NetIC200_2
Added Pin To Net: NetName=NetIC200_5 Pin=IC 101-37
Added Net: Name=NetIC200_5
Added Pin To Net: NetName=NetIC200_7 Pin=IC 101-36
Added Net: Name=NetIC200_7
Added Pin To Net: NetName=NetIC300_6 Pin=IC300-6
Added Pin To Net: NetName=NetIC300_6 Pin=Q300-4
Added Net: Name=NetIC300_6
Added Pin To Net: NetName=NetIC300_7 Pin=IC300-7
Added Pin To Net: NetName=NetIC300_7 Pin=Q300-1
Added Pin To Net: NetName=NetIC300_7 Pin=Q300-2
Added Pin To Net: NetName=NetIC300_7 Pin=Q300-3
Added Pin To Net: NetName=NetIC300_7 Pin=Q301-5
Added Pin To Net: NetName=NetIC300_7 Pin=Q301-6
Added Pin To Net: NetName=NetIC300_7 Pin=Q301-7
Added Pin To Net: NetName=NetIC300_7 Pin=Q301-8
Added Pin To Net: NetName=NetIC300_7 Pin=Q301-9
Added Net: Name=NetIC300_7
Added Pin To Net: NetName=NetIC300_8 Pin=IC300-8
Added Pin To Net: NetName=NetIC300_8 Pin=Q301-4
Added Net: Name=NetIC300_8
Added Pin To Net: NetName=NetIC300_9 Pin=IC300-9
Added Pin To Net: NetName=NetIC300_9 Pin=R301-3
Added Net: Name=NetIC300_9
Added Pin To Net: NetName=NetIC300_10 Pin=IC300-10
Added Pin To Net: NetName=NetIC300_10 Pin=R301-2
Added Net: Name=NetIC300_10
Added Pin To Net: NetName=NetIC300_11 Pin=IC300-11
Added Pin To Net: NetName=NetIC300_11 Pin=R302-2
Added Net: Name=NetIC300_11
Added Pin To Net: NetName=NetIC300_12 Pin=IC300-12
Added Pin To Net: NetName=NetIC300_12 Pin=R302-3
Added Net: Name=NetIC300_12
Added Pin To Net: NetName=NetIC300_13 Pin=IC300-13
Added Pin To Net: NetName=NetIC300_13 Pin=Q303-4
Added Net: Name=NetIC300_13
Added Pin To Net: NetName=NetIC300_14 Pin=IC300-14
Added Pin To Net: NetName=NetIC300_14 Pin=Q302-1
Added Pin To Net: NetName=NetIC300_14 Pin=Q302-2
Added Pin To Net: NetName=NetIC300_14 Pin=Q302-3
Added Pin To Net: NetName=NetIC300_14 Pin=Q303-5
Added Pin To Net: NetName=NetIC300_14 Pin=Q303-6
Added Pin To Net: NetName=NetIC300_14 Pin=Q303-7
Added Pin To Net: NetName=NetIC300_14 Pin=Q303-8
Added Pin To Net: NetName=NetIC300_14 Pin=Q303-9
Added Net: Name=NetIC300_14
Added Pin To Net: NetName=NetIC300_15 Pin=IC300-15
Added Pin To Net: NetName=NetIC300_15 Pin=Q302-4
Added Net: Name=NetIC300_15
Added Pin To Net: NetName=NetIC300_16 Pin=IC300-16
Added Pin To Net: NetName=NetIC300_16 Pin=Q304-4
Added Net: Name=NetIC300_16
Added Pin To Net: NetName=NetIC300_17 Pin=IC300-17
Added Pin To Net: NetName=NetIC300_17 Pin=Q304-1
Added Pin To Net: NetName=NetIC300_17 Pin=Q304-2
Added Pin To Net: NetName=NetIC300_17 Pin=Q304-3
Added Pin To Net: NetName=NetIC300_17 Pin=Q305-5
Added Pin To Net: NetName=NetIC300_17 Pin=Q305-6
Added Pin To Net: NetName=NetIC300_17 Pin=Q305-7
Added Pin To Net: NetName=NetIC300_17 Pin=Q305-8
Added Pin To Net: NetName=NetIC300_17 Pin=Q305-9
Added Net: Name=NetIC300_17
Added Pin To Net: NetName=NetIC300_18 Pin=IC300-18
Added Pin To Net: NetName=NetIC300_18 Pin=Q305-4
Added Net: Name=NetIC300_18
Added Pin To Net: NetName=NetIC300_22 Pin=IC300-22
Added Net: Name=NetIC300_22
Added Pin To Net: NetName=NetIC300_23 Pin=IC300-23
Added Net: Name=NetIC300_23
Added Pin To Net: NetName=NetIC300_25 Pin=IC300-25
Added Pin To Net: NetName=NetIC300_25 Pin=LED300-1
Added Net: Name=NetIC300_25
Added Pin To Net: NetName=NetIC300_28 Pin=IC300-28
Added Pin To Net: NetName=NetIC300_28 Pin=R300-1
Added Net: Name=NetIC300_28
Added Pin To Net: NetName=NetIC300_30 Pin=IC300-30
Added Pin To Net: NetName=NetIC300_30 Pin=R303-1
Added Pin To Net: NetName=NetIC300_30 Pin=R305-1
Added Pin To Net: NetName=NetIC300_30 Pin=S300-1
Added Pin To Net: NetName=NetIC300_30 Pin=S300-2
Added Net: Name=NetIC300_30
Added Pin To Net: NetName=NetIC300_31 Pin=IC300-31
Added Pin To Net: NetName=NetIC300_31 Pin=R304-1
Added Pin To Net: NetName=NetIC300_31 Pin=R306-1
Added Pin To Net: NetName=NetIC300_31 Pin=S301-1
Added Pin To Net: NetName=NetIC300_31 Pin=S301-2
Added Net: Name=NetIC300_31
Added Pin To Net: NetName=NetIC300_34 Pin=IC300-34
Added Pin To Net: NetName=NetIC300_34 Pin=IC 101-46
Added Net: Name=NetIC300_34
Added Pin To Net: NetName=NetIC300_35 Pin=IC300-35
Added Pin To Net: NetName=NetIC300_35 Pin=IC 101-47
Added Net: Name=NetIC300_35
Added Pin To Net: NetName=NetIC300_36 Pin=IC300-36
Added Pin To Net: NetName=NetIC300_36 Pin=IC 101-41
Added Net: Name=NetIC300_36
Added Pin To Net: NetName=NetIC300_37 Pin=IC300-37
Added Pin To Net: NetName=NetIC300_37 Pin=IC 101-42
Added Net: Name=NetIC300_37
Added Pin To Net: NetName=NetIC300_38 Pin=IC300-38
Added Pin To Net: NetName=NetIC300_38 Pin=IC 101-39
Added Net: Name=NetIC300_38
Added Pin To Net: NetName=NetIC300_39 Pin=IC300-39
Added Pin To Net: NetName=NetIC300_39 Pin=IC 101-40
Added Net: Name=NetIC300_39
Added Pin To Net: NetName=NetLED300_2 Pin=LED300-2
Added Pin To Net: NetName=NetLED300_2 Pin=R307-1
Added Net: Name=NetLED300_2
Added Net: Name=NetLED_Amber_2
Added Net: Name=NetLED_Blue_2
Added Net: Name=NetLED_Green_2
Added Pin To Net: NetName=NetQ301_1 Pin=Q301-1
Added Pin To Net: NetName=NetQ301_1 Pin=Q301-2
Added Pin To Net: NetName=NetQ301_1 Pin=Q301-3
Added Pin To Net: NetName=NetQ301_1 Pin=R301-4
Added Net: Name=NetQ301_1
Added Pin To Net: NetName=NetQ303_1 Pin=Q303-1
Added Pin To Net: NetName=NetQ303_1 Pin=Q303-2
Added Pin To Net: NetName=NetQ303_1 Pin=Q303-3
Added Pin To Net: NetName=NetQ303_1 Pin=R302-4
Added Net: Name=NetQ303_1
Added Pin To Net: NetName=VB+ Pin=C301-2
Added Pin To Net: NetName=VB+ Pin=C302-2
Added Pin To Net: NetName=VB+ Pin=C303-2
Added Pin To Net: NetName=VB+ Pin=C305-1
Added Pin To Net: NetName=VB+ Pin=C306-2
Added Pin To Net: NetName=VB+ Pin=C307-2
Added Pin To Net: NetName=VB+ Pin=C311-2
Added Pin To Net: NetName=VB+ Pin=C312-1
Added Pin To Net: NetName=VB+ Pin=C313-2
Added Pin To Net: NetName=VB+ Pin=C314-1
Added Pin To Net: NetName=VB+ Pin=C315-1
Added Pin To Net: NetName=VB+ Pin=C316-2
Added Pin To Net: NetName=VB+ Pin=IC300-4
Added Pin To Net: NetName=VB+ Pin=IC300-5
Added Pin To Net: NetName=VB+ Pin=Q300-5
Added Pin To Net: NetName=VB+ Pin=Q300-6
Added Pin To Net: NetName=VB+ Pin=Q300-7
Added Pin To Net: NetName=VB+ Pin=Q300-8
Added Pin To Net: NetName=VB+ Pin=Q300-9
Added Pin To Net: NetName=VB+ Pin=Q302-5
Added Pin To Net: NetName=VB+ Pin=Q302-6
Added Pin To Net: NetName=VB+ Pin=Q302-7
Added Pin To Net: NetName=VB+ Pin=Q302-8
Added Pin To Net: NetName=VB+ Pin=Q302-9
Added Pin To Net: NetName=VB+ Pin=Q304-5
Added Pin To Net: NetName=VB+ Pin=Q304-6
Added Pin To Net: NetName=VB+ Pin=Q304-7
Added Pin To Net: NetName=VB+ Pin=Q304-8
Added Pin To Net: NetName=VB+ Pin=Q304-9
Added Net: Name=VB+
Added Member To Class: ClassName=modFOC-Motion_Controller Member=Component C100 10uF/63V
Added Member To Class: ClassName=modFOC-Motion_Controller Member=Component C101 10uF/63V
Added Member To Class: ClassName=modFOC-Motion_Controller Member=Component C102 10uF/63V
Added Member To Class: ClassName=modFOC-Motion_Controller Member=Component C103 100nF/63V
Added Member To Class: ClassName=modFOC-Motion_Controller Member=Component C104 100nF/63V
Added Member To Class: ClassName=modFOC-Motion_Controller Member=Component C105 100nF/63V
Added Member To Class: ClassName=modFOC-Motion_Controller Member=Component C106 100nF/63V
Added Member To Class: ClassName=modFOC-Motion_Controller Member=Component C107 100nF/63V
Added Member To Class: ClassName=modFOC-Motion_Controller Member=Component C108 100nF/63V
Added Member To Class: ClassName=modFOC-Motion_Controller Member=Component C109 100nF/63V
Added Member To Class: ClassName=modFOC-Motion_Controller Member=Component C110 100nF/63V
Added Member To Class: ClassName=modFOC-Motion_Controller Member=Component C111 100nF/63V
Added Member To Class: ClassName=modFOC-Motion_Controller Member=Component C112 10uF/63V
Added Member To Class: ClassName=modFOC-Motion_Controller Member=Component C113 08051C474KAT2A
Added Member To Class: ClassName=modFOC-Motion_Controller Member=Component C115 100nF/63V
Added Member To Class: ClassName=modFOC-Sensing Member=Component C200 100nF/63V
Added Member To Class: ClassName=modFOC-Sensing Member=Component C205 100nF/63V
Added Member To Class: ClassName=modFOC-Powerstage Member=Component C300 10uF/63V
Added Member To Class: ClassName=modFOC-Powerstage Member=Component C301 08051C474KAT2A
Added Member To Class: ClassName=modFOC-Powerstage Member=Component C302 10uF/63V
Added Member To Class: ClassName=modFOC-Powerstage Member=Component C303 10uF/63V
Added Member To Class: ClassName=modFOC-Powerstage Member=Component C304 CGA3E2X7R1H473K080AA
Added Member To Class: ClassName=modFOC-Powerstage Member=Component C305 10uF/63V
Added Member To Class: ClassName=modFOC-Powerstage Member=Component C306 10uF/63V
Added Member To Class: ClassName=modFOC-Powerstage Member=Component C307 100nF/63V
Added Member To Class: ClassName=modFOC-Powerstage Member=Component C308 100nF/63V
Added Member To Class: ClassName=modFOC-Powerstage Member=Component C309 4u7/10V
Added Member To Class: ClassName=modFOC-Powerstage Member=Component C310 4u7/10V
Added Member To Class: ClassName=modFOC-Powerstage Member=Component C311 10uF/63V
Added Member To Class: ClassName=modFOC-Powerstage Member=Component C312 100nF/63V
Added Member To Class: ClassName=modFOC-Powerstage Member=Component C313 08051C474KAT2A
Added Member To Class: ClassName=modFOC-Powerstage Member=Component C314 100nF/63V
Added Member To Class: ClassName=modFOC-Powerstage Member=Component C315 100pF/63V
Added Member To Class: ClassName=modFOC-Powerstage Member=Component C316 08051C474KAT2A
Added Member To Class: ClassName=modFOC-Motion_Controller Member=Component CON101 DF13A-8P-1.25H_21_
Added Member To Class: ClassName=modFOC-Motion_Controller Member=Component CON102 DF13A-4P-1.25H_51_
Added Member To Class: ClassName=modFOC-Motion_Controller Member=Component IC 101 TMC4671-LA IC
Added Member To Class: ClassName=modFOC-Motion_Controller Member=Component IC102 74LVC138ABQ,115
Added Member To Class: ClassName=modFOC-Motion_Controller Member=Component IC103 AP2114H-3.3TRG1
Added Member To Class: ClassName=modFOC-Powerstage Member=Component IC300 DRV8323HRTAR
Added Member To Class: ClassName=modFOC-Motion_Controller Member=Component JP1 SolderJumper
Added Member To Class: ClassName=modFOC-Motion_Controller Member=Component JP2 SolderJumper
Added Member To Class: ClassName=modFOC-Motion_Controller Member=Component JP3 SolderJumper
Added Member To Class: ClassName=modFOC-Motion_Controller Member=Component JP4 SolderJumper
Added Member To Class: ClassName=modFOC-Motion_Controller Member=Component JP5 SolderJumper
Added Member To Class: ClassName=modFOC-Motion_Controller Member=Component JP6 SolderJumper
Added Member To Class: ClassName=modFOC-Motion_Controller Member=Component JP7 SolderJumper
Added Member To Class: ClassName=modFOC-Motion_Controller Member=Component JP8 SolderJumper
Added Member To Class: ClassName=modFOC-Motion_Controller Member=Component L101 BLM18KG300TH1D
Added Member To Class: ClassName=modFOC-Powerstage Member=Component LED300 LS_L29K-G1J2-1-Z
Added Member To Class: ClassName=modFOC-Powerstage Member=Component Q300 TPH2R506PL,L1Q
Added Member To Class: ClassName=modFOC-Powerstage Member=Component Q301 TPH2R506PL,L1Q
Added Member To Class: ClassName=modFOC-Powerstage Member=Component Q302 TPH2R506PL,L1Q
Added Member To Class: ClassName=modFOC-Powerstage Member=Component Q303 TPH2R506PL,L1Q
Added Member To Class: ClassName=modFOC-Powerstage Member=Component Q304 TPH2R506PL,L1Q
Added Member To Class: ClassName=modFOC-Powerstage Member=Component Q305 TPH2R506PL,L1Q
Added Member To Class: ClassName=modFOC-Motion_Controller Member=Component R100 RC0603FR-0710KL
Added Member To Class: ClassName=modFOC-Motion_Controller Member=Component R101 RC0603FR-0710KL
Added Member To Class: ClassName=modFOC-Motion_Controller Member=Component R102 CRCW0603100RFKEAC
Added Member To Class: ClassName=modFOC-Powerstage Member=Component R300 RC0603FR-071ML
Added Member To Class: ClassName=modFOC-Powerstage Member=Component R301 5mR/3W
Added Member To Class: ClassName=modFOC-Powerstage Member=Component R302 5mR/3W
Added Member To Class: ClassName=modFOC-Powerstage Member=Component R303 RC0603FR-0710KL
Added Member To Class: ClassName=modFOC-Powerstage Member=Component R304 RC0603FR-0710KL
Added Member To Class: ClassName=modFOC-Powerstage Member=Component R305 CRCW0603100RFKEAC
Added Member To Class: ClassName=modFOC-Powerstage Member=Component R306 CRCW0603100RFKEAC
Added Member To Class: ClassName=modFOC-Powerstage Member=Component R307 RC0603FR-10470RL
Added Member To Class: ClassName=modFOC-Powerstage Member=Component S300 PTS647SK38SMTR2LFS
Added Member To Class: ClassName=modFOC-Powerstage Member=Component S301 PTS647SK38SMTR2LFS
Added Member To Class: ClassName=modFOC-Motion_Controller Member=Component XTL101 FOX924B-25
Added Room: Name=modFOC-Motion_Controller
Added Room: Name=modFOC-Powerstage
Added Room: Name=modFOC-Sensing
