Removed Pin From Net: NetName=GND Pin=C204-1
Removed Pin From Net: NetName=GND Pin=C206-1
Removed Pin From Net: NetName=+5 Pin=R203-2
Removed Member From Class: ClassName=modFOC-Sensing Member=C204
Removed Member From Class: ClassName=modFOC-Sensing Member=C206
Change Component Comment : Designator=C306 Old Comment=10uF New Comment=10uF/63V
Added Component: Designator=C?(CAPC1608X87N)
Add component (AddParameter): Name = "Arrow Part Number"; Value = ""; VariantName = "[No Variations]"
Add component (AddParameter): Name = "Arrow Price/Stock"; Value = ""; VariantName = "[No Variations]"
Add component (AddParameter): Name = "Datasheet Link"; Value = "https://www.mouser.com/datasheet/2/212/KEM_C1007_X8R_ULTRA_150C_SMD-1102703.pdf"; VariantName = "[No Variations]"
Add component (AddParameter): Name = "Height"; Value = "0.87mm"; VariantName = "[No Variations]"
Add component (AddParameter): Name = "Manufacturer_Name"; Value = "Kemet"; VariantName = "[No Variations]"
Add component (AddParameter): Name = "Manufacturer_Part_Number"; Value = "C0603C101K1HACTU"; VariantName = "[No Variations]"
Add component (AddParameter): Name = "Mouser Part Number"; Value = "80-C0603C101K1HACTU"; VariantName = "[No Variations]"
Add component (AddParameter): Name = "Mouser Price/Stock"; Value = "https://www.mouser.co.uk/ProductDetail/KEMET/C0603C101K1HACTU?qs=W0yvOO0ixfE5G01qpfeqIQ%3D%3D"; VariantName = "[No Variations]"
Added Component: Designator=C?(CAPC1608X87N)
Add component (AddParameter): Name = "Arrow Part Number"; Value = ""; VariantName = "[No Variations]"
Add component (AddParameter): Name = "Arrow Price/Stock"; Value = ""; VariantName = "[No Variations]"
Add component (AddParameter): Name = "Datasheet Link"; Value = "https://www.mouser.com/datasheet/2/212/KEM_C1007_X8R_ULTRA_150C_SMD-1102703.pdf"; VariantName = "[No Variations]"
Add component (AddParameter): Name = "Height"; Value = "0.87mm"; VariantName = "[No Variations]"
Add component (AddParameter): Name = "Manufacturer_Name"; Value = "Kemet"; VariantName = "[No Variations]"
Add component (AddParameter): Name = "Manufacturer_Part_Number"; Value = "C0603C101K1HACTU"; VariantName = "[No Variations]"
Add component (AddParameter): Name = "Mouser Part Number"; Value = "80-C0603C101K1HACTU"; VariantName = "[No Variations]"
Add component (AddParameter): Name = "Mouser Price/Stock"; Value = "https://www.mouser.co.uk/ProductDetail/KEMET/C0603C101K1HACTU?qs=W0yvOO0ixfE5G01qpfeqIQ%3D%3D"; VariantName = "[No Variations]"
Added Component: Designator=C?(CAPC3225X280N)
Add component (AddParameter): Name = "Arrow Part Number"; Value = "CL32B106KMVNNWE"; VariantName = "[No Variations]"
Add component (AddParameter): Name = "Arrow Price/Stock"; Value = "https://www.arrow.com/en/products/cl32b106kmvnnwe/samsung-electro-mechanics"; VariantName = "[No Variations]"
Add component (AddParameter): Name = "Datasheet Link"; Value = "https://www.arrow.com/en/products/cl32b106kmvnnwe/samsung-electro-mechanics"; VariantName = "[No Variations]"
Add component (AddParameter): Name = "Height"; Value = "2.8mm"; VariantName = "[No Variations]"
Add component (AddParameter): Name = "Manufacturer_Name"; Value = "Samsung Electro-Mechanics"; VariantName = "[No Variations]"
Add component (AddParameter): Name = "Manufacturer_Part_Number"; Value = "CL32B106KMVNNWE"; VariantName = "[No Variations]"
Add component (AddParameter): Name = "Mouser Part Number"; Value = "187-CL32B106KMVNNWE"; VariantName = "[No Variations]"
Add component (AddParameter): Name = "Mouser Price/Stock"; Value = "https://www.mouser.co.uk/ProductDetail/Samsung-Electro-Mechanics/CL32B106KMVNNWE?qs=xZ%2FP%252Ba9zWqaEMBbSgKy8gQ%3D%3D"; VariantName = "[No Variations]"
Added Component: Designator=C?(CAPC1608X97N)
Add component (AddParameter): Name = "Arrow Part Number"; Value = ""; VariantName = "[No Variations]"
Add component (AddParameter): Name = "Arrow Price/Stock"; Value = ""; VariantName = "[No Variations]"
Add component (AddParameter): Name = "Datasheet Link"; Value = "http://www.vishay.com/docs/45226/vj31xrohsautomlcc.pdf"; VariantName = "[No Variations]"
Add component (AddParameter): Name = "Height"; Value = "1mm"; VariantName = "[No Variations]"
Add component (AddParameter): Name = "Manufacturer_Name"; Value = "Vishay"; VariantName = "[No Variations]"
Add component (AddParameter): Name = "Manufacturer_Part_Number"; Value = "VJ0603Y104JXJAC"; VariantName = "[No Variations]"
Add component (AddParameter): Name = "Mouser Part Number"; Value = "77-VJ0603Y104JXJAC"; VariantName = "[No Variations]"
Add component (AddParameter): Name = "Mouser Price/Stock"; Value = "https://www.mouser.com/Search/Refine.aspx?Keyword=77-VJ0603Y104JXJAC"; VariantName = "[No Variations]"
Added Component: Designator=C?(CAPC1608X97N)
Add component (AddParameter): Name = "Arrow Part Number"; Value = ""; VariantName = "[No Variations]"
Add component (AddParameter): Name = "Arrow Price/Stock"; Value = ""; VariantName = "[No Variations]"
Add component (AddParameter): Name = "Datasheet Link"; Value = "http://www.vishay.com/docs/45226/vj31xrohsautomlcc.pdf"; VariantName = "[No Variations]"
Add component (AddParameter): Name = "Height"; Value = "1mm"; VariantName = "[No Variations]"
Add component (AddParameter): Name = "Manufacturer_Name"; Value = "Vishay"; VariantName = "[No Variations]"
Add component (AddParameter): Name = "Manufacturer_Part_Number"; Value = "VJ0603Y104JXJAC"; VariantName = "[No Variations]"
Add component (AddParameter): Name = "Mouser Part Number"; Value = "77-VJ0603Y104JXJAC"; VariantName = "[No Variations]"
Add component (AddParameter): Name = "Mouser Price/Stock"; Value = "https://www.mouser.com/Search/Refine.aspx?Keyword=77-VJ0603Y104JXJAC"; VariantName = "[No Variations]"
Added Component: Designator=C?(CAPC3225X280N)
Add component (AddParameter): Name = "Arrow Part Number"; Value = "CL32B106KMVNNWE"; VariantName = "[No Variations]"
Add component (AddParameter): Name = "Arrow Price/Stock"; Value = "https://www.arrow.com/en/products/cl32b106kmvnnwe/samsung-electro-mechanics"; VariantName = "[No Variations]"
Add component (AddParameter): Name = "Datasheet Link"; Value = "https://www.arrow.com/en/products/cl32b106kmvnnwe/samsung-electro-mechanics"; VariantName = "[No Variations]"
Add component (AddParameter): Name = "Height"; Value = "2.8mm"; VariantName = "[No Variations]"
Add component (AddParameter): Name = "Manufacturer_Name"; Value = "Samsung Electro-Mechanics"; VariantName = "[No Variations]"
Add component (AddParameter): Name = "Manufacturer_Part_Number"; Value = "CL32B106KMVNNWE"; VariantName = "[No Variations]"
Add component (AddParameter): Name = "Mouser Part Number"; Value = "187-CL32B106KMVNNWE"; VariantName = "[No Variations]"
Add component (AddParameter): Name = "Mouser Price/Stock"; Value = "https://www.mouser.co.uk/ProductDetail/Samsung-Electro-Mechanics/CL32B106KMVNNWE?qs=xZ%2FP%252Ba9zWqaEMBbSgKy8gQ%3D%3D"; VariantName = "[No Variations]"
Added Component: Designator=C?(CAPC3225X280N)
Add component (AddParameter): Name = "Arrow Part Number"; Value = "CL32B106KMVNNWE"; VariantName = "[No Variations]"
Add component (AddParameter): Name = "Arrow Price/Stock"; Value = "https://www.arrow.com/en/products/cl32b106kmvnnwe/samsung-electro-mechanics"; VariantName = "[No Variations]"
Add component (AddParameter): Name = "Datasheet Link"; Value = "https://www.arrow.com/en/products/cl32b106kmvnnwe/samsung-electro-mechanics"; VariantName = "[No Variations]"
Add component (AddParameter): Name = "Height"; Value = "2.8mm"; VariantName = "[No Variations]"
Add component (AddParameter): Name = "Manufacturer_Name"; Value = "Samsung Electro-Mechanics"; VariantName = "[No Variations]"
Add component (AddParameter): Name = "Manufacturer_Part_Number"; Value = "CL32B106KMVNNWE"; VariantName = "[No Variations]"
Add component (AddParameter): Name = "Mouser Part Number"; Value = "187-CL32B106KMVNNWE"; VariantName = "[No Variations]"
Add component (AddParameter): Name = "Mouser Price/Stock"; Value = "https://www.mouser.co.uk/ProductDetail/Samsung-Electro-Mechanics/CL32B106KMVNNWE?qs=xZ%2FP%252Ba9zWqaEMBbSgKy8gQ%3D%3D"; VariantName = "[No Variations]"
Added Component: Designator=C?(CAPC1608X87N)
Add component (AddParameter): Name = "Arrow Part Number"; Value = ""; VariantName = "[No Variations]"
Add component (AddParameter): Name = "Arrow Price/Stock"; Value = ""; VariantName = "[No Variations]"
Add component (AddParameter): Name = "Datasheet Link"; Value = "https://www.mouser.com/datasheet/2/212/KEM_C1007_X8R_ULTRA_150C_SMD-1102703.pdf"; VariantName = "[No Variations]"
Add component (AddParameter): Name = "Height"; Value = "0.87mm"; VariantName = "[No Variations]"
Add component (AddParameter): Name = "Manufacturer_Name"; Value = "Kemet"; VariantName = "[No Variations]"
Add component (AddParameter): Name = "Manufacturer_Part_Number"; Value = "C0603C101K1HACTU"; VariantName = "[No Variations]"
Add component (AddParameter): Name = "Mouser Part Number"; Value = "80-C0603C101K1HACTU"; VariantName = "[No Variations]"
Add component (AddParameter): Name = "Mouser Price/Stock"; Value = "https://www.mouser.co.uk/ProductDetail/KEMET/C0603C101K1HACTU?qs=W0yvOO0ixfE5G01qpfeqIQ%3D%3D"; VariantName = "[No Variations]"
Added Component: Designator=C?(CAPC3225X280N)
Add component (AddParameter): Name = "Arrow Part Number"; Value = "CL32B106KMVNNWE"; VariantName = "[No Variations]"
Add component (AddParameter): Name = "Arrow Price/Stock"; Value = "https://www.arrow.com/en/products/cl32b106kmvnnwe/samsung-electro-mechanics"; VariantName = "[No Variations]"
Add component (AddParameter): Name = "Datasheet Link"; Value = "https://www.arrow.com/en/products/cl32b106kmvnnwe/samsung-electro-mechanics"; VariantName = "[No Variations]"
Add component (AddParameter): Name = "Height"; Value = "2.8mm"; VariantName = "[No Variations]"
Add component (AddParameter): Name = "Manufacturer_Name"; Value = "Samsung Electro-Mechanics"; VariantName = "[No Variations]"
Add component (AddParameter): Name = "Manufacturer_Part_Number"; Value = "CL32B106KMVNNWE"; VariantName = "[No Variations]"
Add component (AddParameter): Name = "Mouser Part Number"; Value = "187-CL32B106KMVNNWE"; VariantName = "[No Variations]"
Add component (AddParameter): Name = "Mouser Price/Stock"; Value = "https://www.mouser.co.uk/ProductDetail/Samsung-Electro-Mechanics/CL32B106KMVNNWE?qs=xZ%2FP%252Ba9zWqaEMBbSgKy8gQ%3D%3D"; VariantName = "[No Variations]"
Added Component: Designator=R?(RESC1608X55N)
Add component (AddParameter): Name = "Arrow Part Number"; Value = "CRCW0603100RFKEAC"; VariantName = "[No Variations]"
Add component (AddParameter): Name = "Arrow Price/Stock"; Value = "https://www.arrow.com/en/products/crcw0603100rfkeac/vishay"; VariantName = "[No Variations]"
Add component (AddParameter): Name = "Datasheet Link"; Value = "https://componentsearchengine.com/Datasheets/1/CRCW0603100RFKEAC.pdf"; VariantName = "[No Variations]"
Add component (AddParameter): Name = "Height"; Value = "0.55mm"; VariantName = "[No Variations]"
Add component (AddParameter): Name = "Manufacturer_Name"; Value = "Vishay"; VariantName = "[No Variations]"
Add component (AddParameter): Name = "Manufacturer_Part_Number"; Value = "CRCW0603100RFKEAC"; VariantName = "[No Variations]"
Add component (AddParameter): Name = "Mouser Part Number"; Value = "71-CRCW0603100RFKEAC"; VariantName = "[No Variations]"
Add component (AddParameter): Name = "Mouser Price/Stock"; Value = "https://www.mouser.co.uk/ProductDetail/Vishay-Dale/CRCW0603100RFKEAC/?qs=E3Y5ESvWgWPJqb4%2F19sAKw%3D%3D"; VariantName = "[No Variations]"
Added Component: Designator=R?(RESC1608X55N)
Add component (AddParameter): Name = "Arrow Part Number"; Value = "RC0603FR-0710KL"; VariantName = "[No Variations]"
Add component (AddParameter): Name = "Arrow Price/Stock"; Value = "https://www.arrow.com/en/products/rc0603fr-0710kl/yageo"; VariantName = "[No Variations]"
Add component (AddParameter): Name = "Datasheet Link"; Value = "http://www.yageo.com/documents/recent/PYu-RC0603_51_RoHS_L_v5.pdf"; VariantName = "[No Variations]"
Add component (AddParameter): Name = "Height"; Value = "0.55mm"; VariantName = "[No Variations]"
Add component (AddParameter): Name = "Manufacturer_Name"; Value = "YAGEO (PHYCOMP)"; VariantName = "[No Variations]"
Add component (AddParameter): Name = "Manufacturer_Part_Number"; Value = "RC0603FR-0710KL"; VariantName = "[No Variations]"
Add component (AddParameter): Name = "Mouser Part Number"; Value = "603-RC0603FR-0710KL"; VariantName = "[No Variations]"
Add component (AddParameter): Name = "Mouser Price/Stock"; Value = "https://www.mouser.co.uk/ProductDetail/Yageo/RC0603FR-0710KL?qs=grNVn54RoB%252B3GtjbJj3wJQ%3D%3D"; VariantName = "[No Variations]"
Added Pin To Net: NetName=3V3 Pin=C?-1
Added Pin To Net: NetName=3V3 Pin=C?-1
Added Pin To Net: NetName=3V3 Pin=C?-1
Added Pin To Net: NetName=3V3 Pin=C?-1
Added Pin To Net: NetName=+5 Pin=C?-1
Added Pin To Net: NetName=GND Pin=C?-1
Added Pin To Net: NetName=GND Pin=C?-1
Added Pin To Net: NetName=GND Pin=C?-1
Added Pin To Net: NetName=GND Pin=C?-1
Added Pin To Net: NetName=GND Pin=C?-1
Added Pin To Net: NetName=VB+ Pin=C?-1
Added Pin To Net: NetName=VB+ Pin=C?-1
Added Pin To Net: NetName=VB+ Pin=C?-1
Added Pin To Net: NetName=GND Pin=C?-2
Added Pin To Net: NetName=GND Pin=C?-2
Added Pin To Net: NetName=GND Pin=C?-2
Added Pin To Net: NetName=GND Pin=C?-2
Added Pin To Net: NetName=GND Pin=C?-2
Added Pin To Net: NetName=GND Pin=C?-2
Added Pin To Net: NetName=GND Pin=C?-2
Added Pin To Net: NetName=GND Pin=C?-2
Added Pin To Net: NetName=GND Pin=C?-2
Added Pin To Net: NetName=VB+ Pin=C?-2
Added Pin To Net: NetName=VB+ Pin=C?-2
Added Pin To Net: NetName=VB+ Pin=C?-2
Added Pin To Net: NetName=3V3 Pin=R?-2
Added Pin To Net: NetName=+5V Pin=R203-2
Added Net: Name=+5V
Added Pin To Net: NetName=NetC?_1 Pin=C?-1
Added Pin To Net: NetName=NetC?_1 Pin=R?-2
Added Net: Name=NetC?_1
Added Pin To Net: NetName=NetC?_2 Pin=C?-2
Added Pin To Net: NetName=NetC?_2 Pin=IC 101-18
Added Pin To Net: NetName=NetC?_2 Pin=R214-1
Added Net: Name=NetC?_2
Added Net: Name=NetCL?_2
Added Net: Name=NetIC?_26
Added Net: Name=NetJ?_2
Added Net: Name=NetJ?_4
Added Net: Name=NetJ?_6
Added Pin To Net: NetName=NetJ?_10 Pin=R?-1
Added Pin To Net: NetName=NetJ?_10 Pin=R?-1
Added Net: Name=NetJ?_10
Added Net: Name=NetMCU?_27
Added Net: Name=NetMCU?_29
Added Net: Name=NetMCU?_33
Added Net: Name=NetMCU?_34
Added Net: Name=NetMCU?_35
Added Net: Name=NetMCU?_36
Added Net: Name=NetMCU?_38
Added Net: Name=NetMCU?_39
Added Net: Name=NetMCU?_40
Added Net: Name=NetMCU?_41
Added Pin To Net: NetName=NetMCU?_55 Pin=R?-2
Added Net: Name=NetMCU?_55
Added Pin To Net: NetName=NetMCU?_61 Pin=R?-2
Added Net: Name=NetMCU?_61
Added Pin To Net: NetName=NetR?_1 Pin=R?-1
Added Net: Name=NetR?_1
Added Net: Name=RTSEL
Added Net: Name=RT
Added Net: Name=USB-Con-D_N
Added Net: Name=USB-Con-D_P
Added Net: Name=USB-D_N
Added Net: Name=USB-D_P
Added Net: Name=VADJ
Added Class: Name=modFOC-5VSupply
Added Class: Name=modFOC-MCU
Added Differential Pair: Name=USB-Con-D
Added Differential Pair: Name=USB-D
Added Member To Class: ClassName=modFOC-Powerstage Member=Component C? 10uF/63V
Added Member To Class: ClassName=modFOC-Powerstage Member=Component C? 100nF/63V
Added Member To Class: ClassName=modFOC-Powerstage Member=Component C? 100nF/63V
Added Member To Class: ClassName=modFOC-Powerstage Member=Component C? 470nF/100V
Added Member To Class: ClassName=modFOC-Powerstage Member=Component C? 470nF/100V
Added Member To Class: ClassName=modFOC-Powerstage Member=Component C? 10uF/63V
Added Member To Class: ClassName=modFOC-Powerstage Member=Component C? 10uF/63V
Added Member To Class: ClassName=modFOC-Powerstage Member=Component C? 470nF/100V
Added Member To Class: ClassName=modFOC-Sensing Member=Component C? 100pF/63V
Added Member To Class: ClassName=modFOC-Sensing Member=Component C? 100pF/63V
Added Member To Class: ClassName=modFOC-Powerstage Member=Component R? 5mR/3W
Added Room: Name=modFOC-5VSupply
Added Room: Name=modFOC-MCU
Added Rule: Name=Schematic Differential Pairs Routing
Added Rule: Name=Schematic Differential Pairs Routing_1
