Removed Member From Class: ClassName=driverBoard Member=P?
Change Component Designator: OldDesignator=* NewDesignator=IC 100
Added Pin To Net: NetName=Net*_2 Pin=IC 100-55
Change Net Name : Old Net Name=Net*_2 New Net Name=NetIC 100_2
Change Net Name : Old Net Name=Net*_3 New Net Name=NetIC 100_3
Change Net Name : Old Net Name=Net*_15 New Net Name=NetIC 100_15
Change Net Name : Old Net Name=Net*_23 New Net Name=NetIC 100_23
Change Net Name : Old Net Name=Net*_51 New Net Name=NetIC 100_51
Added Net: Name=GND
Added Pin To Net: NetName=NetIC 100_6 Pin=IC 100-6
Added Net: Name=NetIC 100_6
Added Pin To Net: NetName=NetIC 100_7 Pin=IC 100-7
Added Net: Name=NetIC 100_7
Added Pin To Net: NetName=NetIC 100_8 Pin=IC 100-8
Added Net: Name=NetIC 100_8
Added Pin To Net: NetName=NetIC 100_9 Pin=IC 100-9
Added Net: Name=NetIC 100_9
Added Pin To Net: NetName=NetIC 100_10 Pin=IC 100-10
Added Net: Name=NetIC 100_10
Added Pin To Net: NetName=NetIC 100_11 Pin=IC 100-11
Added Net: Name=NetIC 100_11
Added Pin To Net: NetName=NetIC 100_12 Pin=IC 100-12
Added Net: Name=NetIC 100_12
Added Pin To Net: NetName=NetIC 100_16 Pin=IC 100-16
Added Net: Name=NetIC 100_16
Added Pin To Net: NetName=NetIC 100_17 Pin=IC 100-17
Added Net: Name=NetIC 100_17
Added Pin To Net: NetName=NetIC 100_18 Pin=IC 100-18
Added Net: Name=NetIC 100_18
Added Pin To Net: NetName=NetIC 100_19 Pin=IC 100-19
Added Net: Name=NetIC 100_19
Added Pin To Net: NetName=NetIC 100_20 Pin=IC 100-20
Added Net: Name=NetIC 100_20
Added Pin To Net: NetName=NetIC 100_36 Pin=IC 100-36
Added Net: Name=NetIC 100_36
Added Pin To Net: NetName=NetIC 100_37 Pin=IC 100-37
Added Net: Name=NetIC 100_37
Added Pin To Net: NetName=NetIC 100_38 Pin=IC 100-38
Added Net: Name=NetIC 100_38
Added Pin To Net: NetName=NetIC 100_39 Pin=IC 100-39
Added Net: Name=NetIC 100_39
Added Pin To Net: NetName=NetIC 100_40 Pin=IC 100-40
Added Net: Name=NetIC 100_40
Added Pin To Net: NetName=NetIC 100_41 Pin=IC 100-41
Added Net: Name=NetIC 100_41
Added Pin To Net: NetName=NetIC 100_42 Pin=IC 100-42
Added Net: Name=NetIC 100_42
Added Pin To Net: NetName=NetIC 100_46 Pin=IC 100-46
Added Net: Name=NetIC 100_46
Added Pin To Net: NetName=NetIC 100_47 Pin=IC 100-47
Added Net: Name=NetIC 100_47
Added Pin To Net: NetName=NetIC 100_50 Pin=IC 100-50
Added Net: Name=NetIC 100_50
