Added Component: Designator=*(QFN40P1050X650X90-77N)
Added Component: Designator=P?(HDR1X4)
Add component (AddParameter): Name = "LatestRevisionDate"; Value = "17-Jul-2002"; VariantName = "[No Variations]"
Add component (AddParameter): Name = "LatestRevisionNote"; Value = "Re-released for DXP Platform."; VariantName = "[No Variations]"
Add component (AddParameter): Name = "Publisher"; Value = "Altium Limited"; VariantName = "[No Variations]"
Added Pin To Net: NetName=Net*_2 Pin=*-2
Added Pin To Net: NetName=Net*_2 Pin=*-13
Added Pin To Net: NetName=Net*_2 Pin=*-43
Added Pin To Net: NetName=Net*_2 Pin=*-52
Added Pin To Net: NetName=Net*_2 Pin=*-61
Added Pin To Net: NetName=Net*_2 Pin=*-72
Added Net: Name=Net*_2
Added Pin To Net: NetName=Net*_3 Pin=*-3
Added Pin To Net: NetName=Net*_3 Pin=*-14
Added Pin To Net: NetName=Net*_3 Pin=*-24
Added Pin To Net: NetName=Net*_3 Pin=*-44
Added Pin To Net: NetName=Net*_3 Pin=*-53
Added Pin To Net: NetName=Net*_3 Pin=*-54
Added Pin To Net: NetName=Net*_3 Pin=*-62
Added Pin To Net: NetName=Net*_3 Pin=*-73
Added Pin To Net: NetName=Net*_3 Pin=*-77
Added Net: Name=Net*_3
Added Pin To Net: NetName=Net*_6 Pin=*-6
Added Pin To Net: NetName=Net*_6 Pin=P?-4
Added Net: Name=Net*_6
Added Pin To Net: NetName=Net*_7 Pin=*-7
Added Pin To Net: NetName=Net*_7 Pin=P?-3
Added Net: Name=Net*_7
Added Pin To Net: NetName=Net*_8 Pin=*-8
Added Pin To Net: NetName=Net*_8 Pin=P?-2
Added Net: Name=Net*_8
Added Pin To Net: NetName=Net*_9 Pin=*-9
Added Pin To Net: NetName=Net*_9 Pin=P?-1
Added Net: Name=Net*_9
Added Pin To Net: NetName=Net*_15 Pin=*-15
Added Pin To Net: NetName=Net*_15 Pin=*-45
Added Pin To Net: NetName=Net*_15 Pin=*-63
Added Net: Name=Net*_15
Added Pin To Net: NetName=Net*_23 Pin=*-23
Added Net: Name=Net*_23
Added Pin To Net: NetName=Net*_51 Pin=*-51
Added Net: Name=Net*_51
Added Class: Name=driverBoard
Added Room: Name=driverBoard
