Generating 3D model for part OSC403FD_587681487.
	*Warning: No mapping for cell/part OSC403FD_587681487
Generating 3D model for part CA39294E.
	*Warning: Can't do orientation alignment on a 3D model which has no model properties.
Generating 3D model for part CA42F6A7.
	*Warning: Can't do orientation alignment on a 3D model which has no model properties.
Generating 3D model for part CA81C125.
	*Warning: Can't do orientation alignment on a 3D model which has no model properties.
Generating 3D model for part CA1180F6.
	*Warning: Can't do orientation alignment on a 3D model which has no model properties.
Generating 3D model for part CAE3FFD5.
	*Warning: Can't do orientation alignment on a 3D model which has no model properties.
Generating 3D model for part CA8FD674.
	*Warning: Can't do orientation alignment on a 3D model which has no model properties.
Generating 3D model for part CABBED96.
	*Warning: Can't do orientation alignment on a 3D model which has no model properties.
Generating 3D model for part CA366036.
	*Warning: Can't do orientation alignment on a 3D model which has no model properties.
Generating 3D model for part ICF105DC.
Generating 3D model for part IC36F014.
Generating 3D model for part CO112AF4.
Generating 3D model for part REBBED96.
	*Warning: Can't do orientation alignment on a 3D model which has no model properties.
Generating 3D model for part REFB1942.
	*Warning: Can't do orientation alignment on a 3D model which has no model properties.
Generating 3D model for part REC78A57.
	*Warning: Can't do orientation alignment on a 3D model which has no model properties.
Generating 3D model for part ME341012_2842842362.
	*Warning: No mapping for cell/part ME341012_2842842362
Generating 3D model for part ME45C676_2241361666.
	*Warning: No mapping for cell/part ME45C676_2241361666
Generating 3D model for part ME45C676_2085765182.
	*Warning: No mapping for cell/part ME45C676_2085765182
Generating 3D model for part ME45C676_2531733982.
	*Warning: No mapping for cell/part ME45C676_2531733982
Generating 3D model for part IN2FA19D.
	*Warning: Can't do orientation alignment on a 3D model which has no model properties.
Generating 3D model for part COE29B2C.
