Added Component: Designator=J7(DF13A6P125H21)
Add component (AddParameter): Name = "Arrow Part Number"; Value = "DF13A-6P-1.25H(21)"; VariantName = "[No Variations]"
Add component (AddParameter): Name = "Arrow Price/Stock"; Value = "https://www.arrow.com/en/products/df13a-6p-1.25h-21/hirose-electric"; VariantName = "[No Variations]"
Add component (AddParameter): Name = "Datasheet Link"; Value = "https://www.hirose.com/product/download/?distributor=digikey&type=2d&lang=en&num=DF13A-6P-1.25H(21)"; VariantName = "[No Variations]"
Add component (AddParameter): Name = "Height"; Value = "3.75mm"; VariantName = "[No Variations]"
Add component (AddParameter): Name = "Manufacturer_Name"; Value = "Hirose"; VariantName = "[No Variations]"
Add component (AddParameter): Name = "Manufacturer_Part_Number"; Value = "DF13A-6P-1.25H(21)"; VariantName = "[No Variations]"
Add component (AddParameter): Name = "Mouser Part Number"; Value = "798-DF13A6P125H21"; VariantName = "[No Variations]"
Add component (AddParameter): Name = "Mouser Price/Stock"; Value = "https://www.mouser.co.uk/ProductDetail/Hirose-Connector/DF13A-6P-125H21?qs=XQjbzJWzFPXnreVi%252BPl0Lg%3D%3D"; VariantName = "[No Variations]"
Added Component: Designator=J8(DF13A4P125H21)
Add component (AddParameter): Name = "Arrow Part Number"; Value = ""; VariantName = "[No Variations]"
Add component (AddParameter): Name = "Arrow Price/Stock"; Value = ""; VariantName = "[No Variations]"
Add component (AddParameter): Name = "Datasheet Link"; Value = "https://componentsearchengine.com/Datasheets/1/DF13A-4P-1.25H(21).pdf"; VariantName = "[No Variations]"
Add component (AddParameter): Name = "Height"; Value = "3.6mm"; VariantName = "[No Variations]"
Add component (AddParameter): Name = "Manufacturer_Name"; Value = "Hirose"; VariantName = "[No Variations]"
Add component (AddParameter): Name = "Manufacturer_Part_Number"; Value = "DF13A-4P-1.25H(21)"; VariantName = "[No Variations]"
Add component (AddParameter): Name = "Mouser Part Number"; Value = "798-DF13A4P125H21"; VariantName = "[No Variations]"
Add component (AddParameter): Name = "Mouser Price/Stock"; Value = "https://www.mouser.co.uk/ProductDetail/Hirose-Connector/DF13A-4P-125H21?qs=XQjbzJWzFPXWzMShI70F0w%3D%3D"; VariantName = "[No Variations]"
Added Component: Designator=J9(DF13A4P125H21)
Add component (AddParameter): Name = "Arrow Part Number"; Value = ""; VariantName = "[No Variations]"
Add component (AddParameter): Name = "Arrow Price/Stock"; Value = ""; VariantName = "[No Variations]"
Add component (AddParameter): Name = "Datasheet Link"; Value = "https://componentsearchengine.com/Datasheets/1/DF13A-4P-1.25H(21).pdf"; VariantName = "[No Variations]"
Add component (AddParameter): Name = "Height"; Value = "3.6mm"; VariantName = "[No Variations]"
Add component (AddParameter): Name = "Manufacturer_Name"; Value = "Hirose"; VariantName = "[No Variations]"
Add component (AddParameter): Name = "Manufacturer_Part_Number"; Value = "DF13A-4P-1.25H(21)"; VariantName = "[No Variations]"
Add component (AddParameter): Name = "Mouser Part Number"; Value = "798-DF13A4P125H21"; VariantName = "[No Variations]"
Add component (AddParameter): Name = "Mouser Price/Stock"; Value = "https://www.mouser.co.uk/ProductDetail/Hirose-Connector/DF13A-4P-125H21?qs=XQjbzJWzFPXWzMShI70F0w%3D%3D"; VariantName = "[No Variations]"
Added Component: Designator=J10(DF13A4P125H21)
Add component (AddParameter): Name = "Arrow Part Number"; Value = ""; VariantName = "[No Variations]"
Add component (AddParameter): Name = "Arrow Price/Stock"; Value = ""; VariantName = "[No Variations]"
Add component (AddParameter): Name = "Datasheet Link"; Value = "https://componentsearchengine.com/Datasheets/1/DF13A-4P-1.25H(21).pdf"; VariantName = "[No Variations]"
Add component (AddParameter): Name = "Height"; Value = "3.6mm"; VariantName = "[No Variations]"
Add component (AddParameter): Name = "Manufacturer_Name"; Value = "Hirose"; VariantName = "[No Variations]"
Add component (AddParameter): Name = "Manufacturer_Part_Number"; Value = "DF13A-4P-1.25H(21)"; VariantName = "[No Variations]"
Add component (AddParameter): Name = "Mouser Part Number"; Value = "798-DF13A4P125H21"; VariantName = "[No Variations]"
Add component (AddParameter): Name = "Mouser Price/Stock"; Value = "https://www.mouser.co.uk/ProductDetail/Hirose-Connector/DF13A-4P-125H21?qs=XQjbzJWzFPXWzMShI70F0w%3D%3D"; VariantName = "[No Variations]"
Added Component: Designator=J12(DF13A4P125H21)
Add component (AddParameter): Name = "Arrow Part Number"; Value = ""; VariantName = "[No Variations]"
Add component (AddParameter): Name = "Arrow Price/Stock"; Value = ""; VariantName = "[No Variations]"
Add component (AddParameter): Name = "Datasheet Link"; Value = "https://componentsearchengine.com/Datasheets/1/DF13A-4P-1.25H(21).pdf"; VariantName = "[No Variations]"
Add component (AddParameter): Name = "Height"; Value = "3.6mm"; VariantName = "[No Variations]"
Add component (AddParameter): Name = "Manufacturer_Name"; Value = "Hirose"; VariantName = "[No Variations]"
Add component (AddParameter): Name = "Manufacturer_Part_Number"; Value = "DF13A-4P-1.25H(21)"; VariantName = "[No Variations]"
Add component (AddParameter): Name = "Mouser Part Number"; Value = "798-DF13A4P125H21"; VariantName = "[No Variations]"
Add component (AddParameter): Name = "Mouser Price/Stock"; Value = "https://www.mouser.co.uk/ProductDetail/Hirose-Connector/DF13A-4P-125H21?qs=XQjbzJWzFPXWzMShI70F0w%3D%3D"; VariantName = "[No Variations]"
Added Pin To Net: NetName=3V3 Pin=J7-1
Added Pin To Net: NetName=NetJ7_2 Pin=J7-2
Added Pin To Net: NetName=NetJ7_3 Pin=J7-3
Added Pin To Net: NetName=NetJ7_4 Pin=J7-4
Added Pin To Net: NetName=NetJ7_5 Pin=J7-5
Added Pin To Net: NetName=PGND Pin=J7-6
Added Pin To Net: NetName=PGND Pin=J7-MP1
Added Pin To Net: NetName=PGND Pin=J7-MP2
Added Pin To Net: NetName=PGND Pin=J8-1
Added Pin To Net: NetName=NetJ8_2 Pin=J8-2
Added Pin To Net: NetName=NetJ8_3 Pin=J8-3
Added Pin To Net: NetName=3V3 Pin=J8-4
Added Pin To Net: NetName=PGND Pin=J8-MP1
Added Pin To Net: NetName=PGND Pin=J8-MP2
Added Pin To Net: NetName=NetC34_2 Pin=J9-1
Added Pin To Net: NetName=NetC34_1 Pin=J9-2
Added Pin To Net: NetName=NetIC11_6 Pin=J9-3
Added Pin To Net: NetName=NetIC11_5 Pin=J9-4
Added Pin To Net: NetName=PGND Pin=J9-MP1
Added Pin To Net: NetName=PGND Pin=J9-MP2
Added Pin To Net: NetName=3V3 Pin=J10-1
Added Pin To Net: NetName=NetJ10_2 Pin=J10-2
Added Pin To Net: NetName=NetJ10_3 Pin=J10-3
Added Pin To Net: NetName=PGND Pin=J10-4
Added Pin To Net: NetName=PGND Pin=J10-MP1
Added Pin To Net: NetName=PGND Pin=J10-MP2
Added Pin To Net: NetName=PGND Pin=J12-1
Added Pin To Net: NetName=NetJ12_2 Pin=J12-2
Added Pin To Net: NetName=NetJ12_3 Pin=J12-3
Added Pin To Net: NetName=3V3 Pin=J12-4
Change Net Name : Old Net Name=Vout New Net Name=Vcc
Added Member To Class: ClassName=modFOC-IO Member=Component J7 DF13A-6P-1.25H_21_
Added Member To Class: ClassName=modFOC-IO Member=Component J8 DF13A-4P-1.25H_21_
Added Member To Class: ClassName=modFOC-IO Member=Component J9 DF13A-4P-1.25H_21_
Added Member To Class: ClassName=modFOC-IO Member=Component J10 DF13A-4P-1.25H_21_
Added Member To Class: ClassName=modFOC-IO Member=Component J12 DF13A-4P-1.25H_21_
Added Room: Name=modFOC-IO
Added Room: Name=modFOC-MCU
Added Room: Name=modFOC-Power_Module
