Removed Pin From Net: NetName=3V3 Pin=IC?-A1
Removed Pin From Net: NetName=3V3 Pin=IC?-B1
Added Pin To Net: NetName=+5 Pin=IC?-A1
Added Pin To Net: NetName=STM32-RC-CON-2 Pin=IC?-A2
Added Pin To Net: NetName=STM32-RC-CON-1 Pin=IC?-A3
Added Pin To Net: NetName=+5 Pin=IC?-B1
Added Pin To Net: NetName=STM32-RC-CON-2 Pin=MCU1-14
Added Pin To Net: NetName=STM32-RC-CON-1 Pin=MCU1-17
Added Pin To Net: NetName=STM32-RC-CON-3 Pin=J4-9
Added Pin To Net: NetName=STM32-RC-CON-3 Pin=MCU1-18
Added Net: Name=STM32-RC-CON-3
Added Pin To Net: NetName=STM32-RC-CON-4 Pin=J4-12
Added Pin To Net: NetName=STM32-RC-CON-4 Pin=MCU1-19
Added Net: Name=STM32-RC-CON-4
Added Pin To Net: NetName=STM32-RC-CON-5 Pin=J4-15
Added Pin To Net: NetName=STM32-RC-CON-5 Pin=MCU1-20
Added Net: Name=STM32-RC-CON-5
Added Pin To Net: NetName=STM32-RC-CON-6 Pin=J4-18
Added Pin To Net: NetName=STM32-RC-CON-6 Pin=MCU1-21
Added Net: Name=STM32-RC-CON-6
Added Pin To Net: NetName=STM32-RC-CON-7 Pin=J4-21
Added Pin To Net: NetName=STM32-RC-CON-7 Pin=MCU1-22
Added Net: Name=STM32-RC-CON-7
