Removed Pin From Net: NetName=3V3 Pin=J7-1
Removed Pin From Net: NetName=STM32-SPI-CON-CS Pin=J7-2
Removed Pin From Net: NetName=STM32-SPI-CON-MISO Pin=J7-3
Removed Pin From Net: NetName=STM32-SPI-CON-MOSI Pin=J7-4
Removed Pin From Net: NetName=PGND Pin=J7-6
Change Component Footprint: Designator=J7 Old Footprint=DF13A6P125H21 New Footprint=DF13A8P125H21
Change Component Comment : Designator=J7 Old Comment=DF13A-6P-1.25H_21_ New Comment=8_PIN
Change component parameters: Designator = "J7" ("J7"); Footprint = "DF13A6P125H21"; UniqueID = "\OSWRHIQI" ("\OSWRHIQI")
Change component parameters (AddParameter): Name = "Arrow Part Number"; Value = ""; VariantName = "[No Variations]"
Change component parameters (AddParameter): Name = "Arrow Price/Stock"; Value = ""; VariantName = "[No Variations]"
Change component parameters (AddParameter): Name = "Datasheet Link"; Value = "http://uk.rs-online.com/web/p/products/7793617P"; VariantName = "[No Variations]"
Change component parameters (AddParameter): Name = "Height"; Value = "3.6mm"; VariantName = "[No Variations]"
Change component parameters (AddParameter): Name = "Manufacturer_Name"; Value = "Hirose"; VariantName = "[No Variations]"
Change component parameters (AddParameter): Name = "Manufacturer_Part_Number"; Value = "DF13A-8P-1.25H(21)"; VariantName = "[No Variations]"
Change component parameters (AddParameter): Name = "Mouser Part Number"; Value = "798-DF13A8P125H21"; VariantName = "[No Variations]"
Change component parameters (AddParameter): Name = "Mouser Price/Stock"; Value = "https://www.mouser.co.uk/ProductDetail/Hirose-Connector/DF13A-8P-125H21?qs=XQjbzJWzFPViW0MGk5%2FVbA%3D%3D"; VariantName = "[No Variations]"
Added Pin To Net: NetName=+5 Pin=J7-1
Added Pin To Net: NetName=STM32-SPI-CON-MOSI Pin=J7-6
Added Pin To Net: NetName=STM32-SPI-CON-MISO Pin=J7-7
Added Pin To Net: NetName=PGND Pin=J7-8
Added Pin To Net: NetName=STM32-SPI-CON-CS0 Pin=J7-2
Added Net: Name=STM32-SPI-CON-CS0
Added Pin To Net: NetName=STM32-SPI-CON-CS1 Pin=J7-3
Added Net: Name=STM32-SPI-CON-CS1
Added Pin To Net: NetName=STM32-SPI-CON-CS2 Pin=J7-4
Added Net: Name=STM32-SPI-CON-CS2
